{"meta": {"format": 3, "version": "7.13.1", "timestamp": "2026-01-05T07:36:08.820816", "branch_coverage": true, "show_contexts": false}, "files": {"backend\\app\\__init__.py": {"executed_lines": [], "summary": {"covered_lines": 0, "num_statements": 0, "percent_covered": 100.0, "percent_covered_display": "100", "missing_lines": 0, "excluded_lines": 0, "percent_statements_covered": 100.0, "percent_statements_covered_display": "100", "num_branches": 0, "num_partial_branches": 0, "covered_branches": 0, "missing_branches": 0, "percent_branches_covered": 100.0, "percent_branches_covered_display": "100"}, "missing_lines": [], "excluded_lines": [], "executed_branches": [], "missing_branches": [], "functions": {"": {"executed_lines": [], "summary": {"covered_lines": 0, "num_statements": 0, "percent_covered": 100.0, "percent_covered_display": "100", "missing_lines": 0, "excluded_lines": 0, "percent_statements_covered": 100.0, "percent_statements_covered_display": "100", "num_branches": 0, "num_partial_branches": 0, "covered_branches": 0, "missing_branches": 0, "percent_branches_covered": 100.0, "percent_branches_covered_display": "100"}, "missing_lines": [], "excluded_lines": [], "start_line": 1, "executed_branches": [], "missing_branches": []}}, "classes": {"": {"executed_lines": [], "summary": {"covered_lines": 0, "num_statements": 0, "percent_covered": 100.0, "percent_covered_display": "100", "missing_lines": 0, "excluded_lines": 0, "percent_statements_covered": 100.0, "percent_statements_covered_display": "100", "num_branches": 0, "num_partial_branches": 0, "covered_branches": 0, "missing_branches": 0, "percent_branches_covered": 100.0, "percent_branches_covered_display": "100"}, "missing_lines": [], "excluded_lines": [], "start_line": 1, "executed_branches": [], "missing_branches": []}}}, "backend\\app\\api\\__init__.py": {"executed_lines": [], "summary": {"covered_lines": 0, "num_statements": 0, "percent_covered": 100.0, "percent_covered_display": "100", "missing_lines": 0, "excluded_lines": 0, "percent_statements_covered": 100.0, "percent_statements_covered_display": "100", "num_branches": 0, "num_partial_branches": 0, "covered_branches": 0, "missing_branches": 0, "percent_branches_covered": 100.0, "percent_branches_covered_display": "100"}, "missing_lines": [], "excluded_lines": [], "executed_branches": [], "missing_branches": [], "functions": {"": {"executed_lines": [], "summary": {"covered_lines": 0, "num_statements": 0, "percent_covered": 100.0, "percent_covered_display": "100", "missing_lines": 0, "excluded_lines": 0, "percent_statements_covered": 100.0, "percent_statements_covered_display": "100", "num_branches": 0, "num_partial_branches": 0, "covered_branches": 0, "missing_branches": 0, "percent_branches_covered": 100.0, "percent_branches_covered_display": "100"}, "missing_lines": [], "excluded_lines": [], "start_line": 1, "executed_branches": [], "missing_branches": []}}, "classes": {"": {"executed_lines": [], "summary": {"covered_lines": 0, "num_statements": 0, "percent_covered": 100.0, "percent_covered_display": "100", "missing_lines": 0, "excluded_lines": 0, "percent_statements_covered": 100.0, "percent_statements_covered_display": "100", "num_branches": 0, "num_partial_branches": 0, "covered_branches": 0, "missing_branches": 0, "percent_branches_covered": 100.0, "percent_branches_covered_display": "100"}, "missing_lines": [], "excluded_lines": [], "start_line": 1, "executed_branches": [], "missing_branches": []}}}, "backend\\app\\api\\v1\\__init__.py": {"executed_lines": [5, 7, 32, 35, 36, 37, 38, 39, 40, 41, 42, 43, 44, 45, 46, 47, 48, 49, 50, 51, 52, 53, 54, 55, 56], "summary": {"covered_lines": 25, "num_statements": 25, "percent_covered": 100.0, "percent_covered_display": "100", "missing_lines": 0, "excluded_lines": 0, "percent_statements_covered": 100.0, "percent_statements_covered_display": "100", "num_branches": 0, "num_partial_branches": 0, "covered_branches": 0, "missing_branches": 0, "percent_branches_covered": 100.0, "percent_branches_covered_display": "100"}, "missing_lines": [], "excluded_lines": [], "executed_branches": [], "missing_branches": [], "functions": {"": {"executed_lines": [5, 7, 32, 35, 36, 37, 38, 39, 40, 41, 42, 43, 44, 45, 46, 47, 48, 49, 50, 51, 52, 53, 54, 55, 56], "summary": {"covered_lines": 25, "num_statements": 25, "percent_covered": 100.0, "percent_covered_display": "100", "missing_lines": 0, "excluded_lines": 0, "percent_statements_covered": 100.0, "percent_statements_covered_display": "100", "num_branches": 0, "num_partial_branches": 0, "covered_branches": 0, "missing_branches": 0, "percent_branches_covered": 100.0, "percent_branches_covered_display": "100"}, "missing_lines": [], "excluded_lines": [], "start_line": 1, "executed_branches": [], "missing_branches": []}}, "classes": {"": {"executed_lines": [5, 7, 32, 35, 36, 37, 38, 39, 40, 41, 42, 43, 44, 45, 46, 47, 48, 49, 50, 51, 52, 53, 54, 55, 56], "summary": {"covered_lines": 25, "num_statements": 25, "percent_covered": 100.0, "percent_covered_display": "100", "missing_lines": 0, "excluded_lines": 0, "percent_statements_covered": 100.0, "percent_statements_covered_display": "100", "num_branches": 0, "num_partial_branches": 0, "covered_branches": 0, "missing_branches": 0, "percent_branches_covered": 100.0, "percent_branches_covered_display": "100"}, "missing_lines": [], "excluded_lines": [], "start_line": 1, "executed_branches": [], "missing_branches": []}}}, "backend\\app\\api\\v1\\admin.py": {"executed_lines": [5, 6, 7, 8, 10, 11, 12, 13, 15, 18, 20, 25, 28, 29, 31, 33, 34, 38, 39, 41, 42, 43, 44, 46, 47, 48, 49, 51, 68, 69, 76, 78, 81, 82, 89, 91, 94, 95, 128, 129, 151, 152, 158, 159, 160, 163, 164, 169, 172, 176, 193, 194, 226, 227, 228, 229, 230, 233, 234, 271, 272, 274, 275, 276, 278, 285, 286, 287, 293, 294, 295, 296, 297, 303, 304, 305, 306, 311, 316, 317, 318, 322, 323, 326, 327, 346, 347, 366, 367, 381, 382, 412, 413, 423, 424, 438, 439], "summary": {"covered_lines": 97, "num_statements": 206, "percent_covered": 40.16393442622951, "percent_covered_display": "40", "missing_lines": 109, "excluded_lines": 0, "percent_statements_covered": 47.0873786407767, "percent_statements_covered_display": "47", "num_branches": 38, "num_partial_branches": 1, "covered_branches": 1, "missing_branches": 37, "percent_branches_covered": 2.6315789473684212, "percent_branches_covered_display": "3"}, "missing_lines": [21, 101, 102, 103, 104, 107, 108, 109, 110, 111, 112, 113, 114, 115, 116, 118, 119, 121, 122, 123, 124, 125, 134, 135, 136, 137, 140, 141, 143, 144, 145, 146, 147, 148, 189, 190, 200, 201, 203, 204, 205, 207, 208, 209, 211, 212, 213, 214, 215, 216, 217, 219, 221, 222, 223, 239, 240, 242, 243, 244, 245, 247, 248, 249, 250, 251, 253, 255, 256, 258, 264, 265, 266, 267, 268, 288, 289, 290, 298, 299, 300, 312, 313, 334, 335, 336, 338, 353, 354, 355, 356, 357, 359, 360, 361, 373, 375, 391, 393, 395, 396, 401, 415, 417, 426, 428, 430, 441, 443], "excluded_lines": [], "executed_branches": [[20, 25]], "missing_branches": [[20, 21], [103, 104], [103, 107], [107, 108], [107, 109], [109, 110], [109, 111], [111, 112], [111, 113], [113, 114], [113, 115], [115, 116], [115, 118], [136, 137], [136, 140], [140, 141], [140, 143], [207, 208], [207, 221], [211, 212], [211, 221], [214, 215], [214, 216], [242, 243], [242, 264], [244, 245], [244, 247], [247, 248], [247, 249], [249, 250], [249, 251], [251, 253], [251, 255], [335, 336], [335, 338], [395, 396], [395, 401]], "functions": {"get_admin_user": {"executed_lines": [20, 25], "summary": {"covered_lines": 2, "num_statements": 3, "percent_covered": 60.0, "percent_covered_display": "60", "missing_lines": 1, "excluded_lines": 0, "percent_statements_covered": 66.66666666666667, "percent_statements_covered_display": "67", "num_branches": 2, "num_partial_branches": 1, "covered_branches": 1, "missing_branches": 1, "percent_branches_covered": 50.0, "percent_branches_covered_display": "50"}, "missing_lines": [21], "excluded_lines": [], "start_line": 18, "executed_branches": [[20, 25]], "missing_branches": [[20, 21]]}, "get_admin_overview": {"executed_lines": [31], "summary": {"covered_lines": 1, "num_statements": 1, "percent_covered": 100.0, "percent_covered_display": "100", "missing_lines": 0, "excluded_lines": 0, "percent_statements_covered": 100.0, "percent_statements_covered_display": "100", "num_branches": 0, "num_partial_branches": 0, "covered_branches": 0, "missing_branches": 0, "percent_branches_covered": 100.0, "percent_branches_covered_display": "100"}, "missing_lines": [], "excluded_lines": [], "start_line": 29, "executed_branches": [], "missing_branches": []}, "get_admin_dashboard": {"executed_lines": [38, 39, 41, 42, 43, 44, 46, 47, 48, 49, 51], "summary": {"covered_lines": 11, "num_statements": 11, "percent_covered": 100.0, "percent_covered_display": "100", "missing_lines": 0, "excluded_lines": 0, "percent_statements_covered": 100.0, "percent_statements_covered_display": "100", "num_branches": 0, "num_partial_branches": 0, "covered_branches": 0, "missing_branches": 0, "percent_branches_covered": 100.0, "percent_branches_covered_display": "100"}, "missing_lines": [], "excluded_lines": [], "start_line": 34, "executed_branches": [], "missing_branches": []}, "get_all_feedback": {"executed_lines": [76, 78], "summary": {"covered_lines": 2, "num_statements": 2, "percent_covered": 100.0, "percent_covered_display": "100", "missing_lines": 0, "excluded_lines": 0, "percent_statements_covered": 100.0, "percent_statements_covered_display": "100", "num_branches": 0, "num_partial_branches": 0, "covered_branches": 0, "missing_branches": 0, "percent_branches_covered": 100.0, "percent_branches_covered_display": "100"}, "missing_lines": [], "excluded_lines": [], "start_line": 69, "executed_branches": [], "missing_branches": []}, "get_all_users": {"executed_lines": [89, 91], "summary": {"covered_lines": 2, "num_statements": 2, "percent_covered": 100.0, "percent_covered_display": "100", "missing_lines": 0, "excluded_lines": 0, "percent_statements_covered": 100.0, "percent_statements_covered_display": "100", "num_branches": 0, "num_partial_branches": 0, "covered_branches": 0, "missing_branches": 0, "percent_branches_covered": 100.0, "percent_branches_covered_display": "100"}, "missing_lines": [], "excluded_lines": [], "start_line": 82, "executed_branches": [], "missing_branches": []}, "update_user": {"executed_lines": [], "summary": {"covered_lines": 0, "num_statements": 21, "percent_covered": 0.0, "percent_covered_display": "0", "missing_lines": 21, "excluded_lines": 0, "percent_statements_covered": 0.0, "percent_statements_covered_display": "0", "num_branches": 12, "num_partial_branches": 0, "covered_branches": 0, "missing_branches": 12, "percent_branches_covered": 0.0, "percent_branches_covered_display": "0"}, "missing_lines": [101, 102, 103, 104, 107, 108, 109, 110, 111, 112, 113, 114, 115, 116, 118, 119, 121, 122, 123, 124, 125], "excluded_lines": [], "start_line": 95, "executed_branches": [], "missing_branches": [[103, 104], [103, 107], [107, 108], [107, 109], [109, 110], [109, 111], [111, 112], [111, 113], [113, 114], [113, 115], [115, 116], [115, 118]]}, "delete_user": {"executed_lines": [], "summary": {"covered_lines": 0, "num_statements": 12, "percent_covered": 0.0, "percent_covered_display": "0", "missing_lines": 12, "excluded_lines": 0, "percent_statements_covered": 0.0, "percent_statements_covered_display": "0", "num_branches": 4, "num_partial_branches": 0, "covered_branches": 0, "missing_branches": 4, "percent_branches_covered": 0.0, "percent_branches_covered_display": "0"}, "missing_lines": [134, 135, 136, 137, 140, 141, 143, 144, 145, 146, 147, 148], "excluded_lines": [], "start_line": 129, "executed_branches": [], "missing_branches": [[136, 137], [136, 140], [140, 141], [140, 143]]}, "get_analytics": {"executed_lines": [158, 159, 160, 163, 164, 169, 172, 176], "summary": {"covered_lines": 8, "num_statements": 10, "percent_covered": 80.0, "percent_covered_display": "80", "missing_lines": 2, "excluded_lines": 0, "percent_statements_covered": 80.0, "percent_statements_covered_display": "80", "num_branches": 0, "num_partial_branches": 0, "covered_branches": 0, "missing_branches": 0, "percent_branches_covered": 100.0, "percent_branches_covered_display": "100"}, "missing_lines": [189, 190], "excluded_lines": [], "start_line": 152, "executed_branches": [], "missing_branches": []}, "get_system_logs": {"executed_lines": [], "summary": {"covered_lines": 0, "num_statements": 19, "percent_covered": 0.0, "percent_covered_display": "0", "missing_lines": 19, "excluded_lines": 0, "percent_statements_covered": 0.0, "percent_statements_covered_display": "0", "num_branches": 6, "num_partial_branches": 0, "covered_branches": 0, "missing_branches": 6, "percent_branches_covered": 0.0, "percent_branches_covered_display": "0"}, "missing_lines": [200, 201, 203, 204, 205, 207, 208, 209, 211, 212, 213, 214, 215, 216, 217, 219, 221, 222, 223], "excluded_lines": [], "start_line": 194, "executed_branches": [], "missing_branches": [[207, 208], [207, 221], [211, 212], [211, 221], [214, 215], [214, 216]]}, "moderate_content": {"executed_lines": [], "summary": {"covered_lines": 0, "num_statements": 20, "percent_covered": 0.0, "percent_covered_display": "0", "missing_lines": 20, "excluded_lines": 0, "percent_statements_covered": 0.0, "percent_statements_covered_display": "0", "num_branches": 10, "num_partial_branches": 0, "covered_branches": 0, "missing_branches": 10, "percent_branches_covered": 0.0, "percent_branches_covered_display": "0"}, "missing_lines": [239, 240, 242, 243, 244, 245, 247, 248, 249, 250, 251, 253, 255, 256, 258, 264, 265, 266, 267, 268], "excluded_lines": [], "start_line": 234, "executed_branches": [], "missing_branches": [[242, 243], [242, 264], [244, 245], [244, 247], [247, 248], [247, 249], [249, 250], [249, 251], [251, 253], [251, 255]]}, "get_admin_health_check": {"executed_lines": [274, 275, 276, 278, 285, 286, 287, 293, 294, 295, 296, 297, 303, 304, 305, 306, 311], "summary": {"covered_lines": 17, "num_statements": 25, "percent_covered": 68.0, "percent_covered_display": "68", "missing_lines": 8, "excluded_lines": 0, "percent_statements_covered": 68.0, "percent_statements_covered_display": "68", "num_branches": 0, "num_partial_branches": 0, "covered_branches": 0, "missing_branches": 0, "percent_branches_covered": 100.0, "percent_branches_covered_display": "100"}, "missing_lines": [288, 289, 290, 298, 299, 300, 312, 313], "excluded_lines": [], "start_line": 272, "executed_branches": [], "missing_branches": []}, "toggle_maintenance_mode": {"executed_lines": [], "summary": {"covered_lines": 0, "num_statements": 4, "percent_covered": 0.0, "percent_covered_display": "0", "missing_lines": 4, "excluded_lines": 0, "percent_statements_covered": 0.0, "percent_statements_covered_display": "0", "num_branches": 2, "num_partial_branches": 0, "covered_branches": 0, "missing_branches": 2, "percent_branches_covered": 0.0, "percent_branches_covered_display": "0"}, "missing_lines": [334, 335, 336, 338], "excluded_lines": [], "start_line": 327, "executed_branches": [], "missing_branches": [[335, 336], [335, 338]]}, "update_feedback_status": {"executed_lines": [], "summary": {"covered_lines": 0, "num_statements": 8, "percent_covered": 0.0, "percent_covered_display": "0", "missing_lines": 8, "excluded_lines": 0, "percent_statements_covered": 0.0, "percent_statements_covered_display": "0", "num_branches": 0, "num_partial_branches": 0, "covered_branches": 0, "missing_branches": 0, "percent_branches_covered": 100.0, "percent_branches_covered_display": "100"}, "missing_lines": [353, 354, 355, 356, 357, 359, 360, 361], "excluded_lines": [], "start_line": 347, "executed_branches": [], "missing_branches": []}, "get_circuit_breaker_status": {"executed_lines": [], "summary": {"covered_lines": 0, "num_statements": 2, "percent_covered": 0.0, "percent_covered_display": "0", "missing_lines": 2, "excluded_lines": 0, "percent_statements_covered": 0.0, "percent_statements_covered_display": "0", "num_branches": 0, "num_partial_branches": 0, "covered_branches": 0, "missing_branches": 0, "percent_branches_covered": 100.0, "percent_branches_covered_display": "100"}, "missing_lines": [373, 375], "excluded_lines": [], "start_line": 367, "executed_branches": [], "missing_branches": []}, "reset_circuit_breaker_endpoint": {"executed_lines": [], "summary": {"covered_lines": 0, "num_statements": 5, "percent_covered": 0.0, "percent_covered_display": "0", "missing_lines": 5, "excluded_lines": 0, "percent_statements_covered": 0.0, "percent_statements_covered_display": "0", "num_branches": 2, "num_partial_branches": 0, "covered_branches": 0, "missing_branches": 2, "percent_branches_covered": 0.0, "percent_branches_covered_display": "0"}, "missing_lines": [391, 393, 395, 396, 401], "excluded_lines": [], "start_line": 382, "executed_branches": [], "missing_branches": [[395, 396], [395, 401]]}, "get_websocket_stats": {"executed_lines": [], "summary": {"covered_lines": 0, "num_statements": 2, "percent_covered": 0.0, "percent_covered_display": "0", "missing_lines": 2, "excluded_lines": 0, "percent_statements_covered": 0.0, "percent_statements_covered_display": "0", "num_branches": 0, "num_partial_branches": 0, "covered_branches": 0, "missing_branches": 0, "percent_branches_covered": 100.0, "percent_branches_covered_display": "100"}, "missing_lines": [415, 417], "excluded_lines": [], "start_line": 413, "executed_branches": [], "missing_branches": []}, "cleanup_websocket_connections": {"executed_lines": [], "summary": {"covered_lines": 0, "num_statements": 3, "percent_covered": 0.0, "percent_covered_display": "0", "missing_lines": 3, "excluded_lines": 0, "percent_statements_covered": 0.0, "percent_statements_covered_display": "0", "num_branches": 0, "num_partial_branches": 0, "covered_branches": 0, "missing_branches": 0, "percent_branches_covered": 100.0, "percent_branches_covered_display": "100"}, "missing_lines": [426, 428, 430], "excluded_lines": [], "start_line": 424, "executed_branches": [], "missing_branches": []}, "get_api_version_info": {"executed_lines": [], "summary": {"covered_lines": 0, "num_statements": 2, "percent_covered": 0.0, "percent_covered_display": "0", "missing_lines": 2, "excluded_lines": 0, "percent_statements_covered": 0.0, "percent_statements_covered_display": "0", "num_branches": 0, "num_partial_branches": 0, "covered_branches": 0, "missing_branches": 0, "percent_branches_covered": 100.0, "percent_branches_covered_display": "100"}, "missing_lines": [441, 443], "excluded_lines": [], "start_line": 439, "executed_branches": [], "missing_branches": []}, "": {"executed_lines": [5, 6, 7, 8, 10, 11, 12, 13, 15, 18, 28, 29, 33, 34, 68, 69, 81, 82, 94, 95, 128, 129, 151, 152, 193, 194, 226, 227, 228, 229, 230, 233, 234, 271, 272, 316, 317, 318, 322, 323, 326, 327, 346, 347, 366, 367, 381, 382, 412, 413, 423, 424, 438, 439], "summary": {"covered_lines": 54, "num_statements": 54, "percent_covered": 100.0, "percent_covered_display": "100", "missing_lines": 0, "excluded_lines": 0, "percent_statements_covered": 100.0, "percent_statements_covered_display": "100", "num_branches": 0, "num_partial_branches": 0, "covered_branches": 0, "missing_branches": 0, "percent_branches_covered": 100.0, "percent_branches_covered_display": "100"}, "missing_lines": [], "excluded_lines": [], "start_line": 1, "executed_branches": [], "missing_branches": []}}, "classes": {"ContentModerationRequest": {"executed_lines": [], "summary": {"covered_lines": 0, "num_statements": 0, "percent_covered": 100.0, "percent_covered_display": "100", "missing_lines": 0, "excluded_lines": 0, "percent_statements_covered": 100.0, "percent_statements_covered_display": "100", "num_branches": 0, "num_partial_branches": 0, "covered_branches": 0, "missing_branches": 0, "percent_branches_covered": 100.0, "percent_branches_covered_display": "100"}, "missing_lines": [], "excluded_lines": [], "start_line": 226, "executed_branches": [], "missing_branches": []}, "MaintenanceModeRequest": {"executed_lines": [], "summary": {"covered_lines": 0, "num_statements": 0, "percent_covered": 100.0, "percent_covered_display": "100", "missing_lines": 0, "excluded_lines": 0, "percent_statements_covered": 100.0, "percent_statements_covered_display": "100", "num_branches": 0, "num_partial_branches": 0, "covered_branches": 0, "missing_branches": 0, "percent_branches_covered": 100.0, "percent_branches_covered_display": "100"}, "missing_lines": [], "excluded_lines": [], "start_line": 316, "executed_branches": [], "missing_branches": []}, "": {"executed_lines": [5, 6, 7, 8, 10, 11, 12, 13, 15, 18, 20, 25, 28, 29, 31, 33, 34, 38, 39, 41, 42, 43, 44, 46, 47, 48, 49, 51, 68, 69, 76, 78, 81, 82, 89, 91, 94, 95, 128, 129, 151, 152, 158, 159, 160, 163, 164, 169, 172, 176, 193, 194, 226, 227, 228, 229, 230, 233, 234, 271, 272, 274, 275, 276, 278, 285, 286, 287, 293, 294, 295, 296, 297, 303, 304, 305, 306, 311, 316, 317, 318, 322, 323, 326, 327, 346, 347, 366, 367, 381, 382, 412, 413, 423, 424, 438, 439], "summary": {"covered_lines": 97, "num_statements": 206, "percent_covered": 40.16393442622951, "percent_covered_display": "40", "missing_lines": 109, "excluded_lines": 0, "percent_statements_covered": 47.0873786407767, "percent_statements_covered_display": "47", "num_branches": 38, "num_partial_branches": 1, "covered_branches": 1, "missing_branches": 37, "percent_branches_covered": 2.6315789473684212, "percent_branches_covered_display": "3"}, "missing_lines": [21, 101, 102, 103, 104, 107, 108, 109, 110, 111, 112, 113, 114, 115, 116, 118, 119, 121, 122, 123, 124, 125, 134, 135, 136, 137, 140, 141, 143, 144, 145, 146, 147, 148, 189, 190, 200, 201, 203, 204, 205, 207, 208, 209, 211, 212, 213, 214, 215, 216, 217, 219, 221, 222, 223, 239, 240, 242, 243, 244, 245, 247, 248, 249, 250, 251, 253, 255, 256, 258, 264, 265, 266, 267, 268, 288, 289, 290, 298, 299, 300, 312, 313, 334, 335, 336, 338, 353, 354, 355, 356, 357, 359, 360, 361, 373, 375, 391, 393, 395, 396, 401, 415, 417, 426, 428, 430, 441, 443], "excluded_lines": [], "start_line": 1, "executed_branches": [[20, 25]], "missing_branches": [[20, 21], [103, 104], [103, 107], [107, 108], [107, 109], [109, 110], [109, 111], [111, 112], [111, 113], [113, 114], [113, 115], [115, 116], [115, 118], [136, 137], [136, 140], [140, 141], [140, 143], [207, 208], [207, 221], [211, 212], [211, 221], [214, 215], [214, 216], [242, 243], [242, 264], [244, 245], [244, 247], [247, 248], [247, 249], [249, 250], [249, 251], [251, 253], [251, 255], [335, 336], [335, 338], [395, 396], [395, 401]]}}}, "backend\\app\\api\\v1\\attractions.py": {"executed_lines": [5, 6, 7, 9, 13, 14, 15, 17, 20, 21, 31, 33, 42, 45, 46, 55, 57, 65, 68, 69, 71, 80, 83, 84, 89, 91, 93, 96, 97, 102, 104, 106, 109, 110, 118, 120, 127, 130, 131, 148, 149, 174, 175, 203, 204, 230, 231, 248, 250, 264], "summary": {"covered_lines": 50, "num_statements": 78, "percent_covered": 55.55555555555556, "percent_covered_display": "56", "missing_lines": 28, "excluded_lines": 0, "percent_statements_covered": 64.1025641025641, "percent_statements_covered_display": "64", "num_branches": 12, "num_partial_branches": 0, "covered_branches": 0, "missing_branches": 12, "percent_branches_covered": 0.0, "percent_branches_covered_display": "0"}, "missing_lines": [136, 138, 139, 140, 145, 155, 157, 158, 159, 165, 167, 183, 185, 194, 195, 200, 213, 215, 216, 217, 223, 224, 225, 227, 241, 242, 243, 245], "excluded_lines": [], "executed_branches": [], "missing_branches": [[139, 140], [139, 145], [158, 159], [158, 165], [194, 195], [194, 200], [216, 217], [216, 223], [223, 224], [223, 227], [241, 242], [241, 245]], "functions": {"get_attractions": {"executed_lines": [31, 33, 42], "summary": {"covered_lines": 3, "num_statements": 3, "percent_covered": 100.0, "percent_covered_display": "100", "missing_lines": 0, "excluded_lines": 0, "percent_statements_covered": 100.0, "percent_statements_covered_display": "100", "num_branches": 0, "num_partial_branches": 0, "covered_branches": 0, "missing_branches": 0, "percent_branches_covered": 100.0, "percent_branches_covered_display": "100"}, "missing_lines": [], "excluded_lines": [], "start_line": 21, "executed_branches": [], "missing_branches": []}, "search_attractions": {"executed_lines": [55, 57, 65], "summary": {"covered_lines": 3, "num_statements": 3, "percent_covered": 100.0, "percent_covered_display": "100", "missing_lines": 0, "excluded_lines": 0, "percent_statements_covered": 100.0, "percent_statements_covered_display": "100", "num_branches": 0, "num_partial_branches": 0, "covered_branches": 0, "missing_branches": 0, "percent_branches_covered": 100.0, "percent_branches_covered_display": "100"}, "missing_lines": [], "excluded_lines": [], "start_line": 46, "executed_branches": [], "missing_branches": []}, "get_attraction_categories": {"executed_lines": [71, 80], "summary": {"covered_lines": 2, "num_statements": 2, "percent_covered": 100.0, "percent_covered_display": "100", "missing_lines": 0, "excluded_lines": 0, "percent_statements_covered": 100.0, "percent_statements_covered_display": "100", "num_branches": 0, "num_partial_branches": 0, "covered_branches": 0, "missing_branches": 0, "percent_branches_covered": 100.0, "percent_branches_covered_display": "100"}, "missing_lines": [], "excluded_lines": [], "start_line": 69, "executed_branches": [], "missing_branches": []}, "get_featured_attractions": {"executed_lines": [89, 91, 93], "summary": {"covered_lines": 3, "num_statements": 3, "percent_covered": 100.0, "percent_covered_display": "100", "missing_lines": 0, "excluded_lines": 0, "percent_statements_covered": 100.0, "percent_statements_covered_display": "100", "num_branches": 0, "num_partial_branches": 0, "covered_branches": 0, "missing_branches": 0, "percent_branches_covered": 100.0, "percent_branches_covered_display": "100"}, "missing_lines": [], "excluded_lines": [], "start_line": 84, "executed_branches": [], "missing_branches": []}, "get_popular_attractions": {"executed_lines": [102, 104, 106], "summary": {"covered_lines": 3, "num_statements": 3, "percent_covered": 100.0, "percent_covered_display": "100", "missing_lines": 0, "excluded_lines": 0, "percent_statements_covered": 100.0, "percent_statements_covered_display": "100", "num_branches": 0, "num_partial_branches": 0, "covered_branches": 0, "missing_branches": 0, "percent_branches_covered": 100.0, "percent_branches_covered_display": "100"}, "missing_lines": [], "excluded_lines": [], "start_line": 97, "executed_branches": [], "missing_branches": []}, "get_nearby_attractions": {"executed_lines": [118, 120, 127], "summary": {"covered_lines": 3, "num_statements": 3, "percent_covered": 100.0, "percent_covered_display": "100", "missing_lines": 0, "excluded_lines": 0, "percent_statements_covered": 100.0, "percent_statements_covered_display": "100", "num_branches": 0, "num_partial_branches": 0, "covered_branches": 0, "missing_branches": 0, "percent_branches_covered": 100.0, "percent_branches_covered_display": "100"}, "missing_lines": [], "excluded_lines": [], "start_line": 110, "executed_branches": [], "missing_branches": []}, "get_attraction_by_id": {"executed_lines": [], "summary": {"covered_lines": 0, "num_statements": 5, "percent_covered": 0.0, "percent_covered_display": "0", "missing_lines": 5, "excluded_lines": 0, "percent_statements_covered": 0.0, "percent_statements_covered_display": "0", "num_branches": 2, "num_partial_branches": 0, "covered_branches": 0, "missing_branches": 2, "percent_branches_covered": 0.0, "percent_branches_covered_display": "0"}, "missing_lines": [136, 138, 139, 140, 145], "excluded_lines": [], "start_line": 131, "executed_branches": [], "missing_branches": [[139, 140], [139, 145]]}, "get_attraction_reviews": {"executed_lines": [], "summary": {"covered_lines": 0, "num_statements": 6, "percent_covered": 0.0, "percent_covered_display": "0", "missing_lines": 6, "excluded_lines": 0, "percent_statements_covered": 0.0, "percent_statements_covered_display": "0", "num_branches": 2, "num_partial_branches": 0, "covered_branches": 0, "missing_branches": 2, "percent_branches_covered": 0.0, "percent_branches_covered_display": "0"}, "missing_lines": [155, 157, 158, 159, 165, 167], "excluded_lines": [], "start_line": 149, "executed_branches": [], "missing_branches": [[158, 159], [158, 165]]}, "add_attraction_review": {"executed_lines": [], "summary": {"covered_lines": 0, "num_statements": 5, "percent_covered": 0.0, "percent_covered_display": "0", "missing_lines": 5, "excluded_lines": 0, "percent_statements_covered": 0.0, "percent_statements_covered_display": "0", "num_branches": 2, "num_partial_branches": 0, "covered_branches": 0, "missing_branches": 2, "percent_branches_covered": 0.0, "percent_branches_covered_display": "0"}, "missing_lines": [183, 185, 194, 195, 200], "excluded_lines": [], "start_line": 175, "executed_branches": [], "missing_branches": [[194, 195], [194, 200]]}, "add_to_favorites": {"executed_lines": [], "summary": {"covered_lines": 0, "num_statements": 8, "percent_covered": 0.0, "percent_covered_display": "0", "missing_lines": 8, "excluded_lines": 0, "percent_statements_covered": 0.0, "percent_statements_covered_display": "0", "num_branches": 4, "num_partial_branches": 0, "covered_branches": 0, "missing_branches": 4, "percent_branches_covered": 0.0, "percent_branches_covered_display": "0"}, "missing_lines": [213, 215, 216, 217, 223, 224, 225, 227], "excluded_lines": [], "start_line": 204, "executed_branches": [], "missing_branches": [[216, 217], [216, 223], [223, 224], [223, 227]]}, "remove_from_favorites": {"executed_lines": [], "summary": {"covered_lines": 0, "num_statements": 4, "percent_covered": 0.0, "percent_covered_display": "0", "missing_lines": 4, "excluded_lines": 0, "percent_statements_covered": 0.0, "percent_statements_covered_display": "0", "num_branches": 2, "num_partial_branches": 0, "covered_branches": 0, "missing_branches": 2, "percent_branches_covered": 0.0, "percent_branches_covered_display": "0"}, "missing_lines": [241, 242, 243, 245], "excluded_lines": [], "start_line": 231, "executed_branches": [], "missing_branches": [[241, 242], [241, 245]]}, "get_category_description": {"executed_lines": [250, 264], "summary": {"covered_lines": 2, "num_statements": 2, "percent_covered": 100.0, "percent_covered_display": "100", "missing_lines": 0, "excluded_lines": 0, "percent_statements_covered": 100.0, "percent_statements_covered_display": "100", "num_branches": 0, "num_partial_branches": 0, "covered_branches": 0, "missing_branches": 0, "percent_branches_covered": 100.0, "percent_branches_covered_display": "100"}, "missing_lines": [], "excluded_lines": [], "start_line": 248, "executed_branches": [], "missing_branches": []}, "": {"executed_lines": [5, 6, 7, 9, 13, 14, 15, 17, 20, 21, 45, 46, 68, 69, 83, 84, 96, 97, 109, 110, 130, 131, 148, 149, 174, 175, 203, 204, 230, 231, 248], "summary": {"covered_lines": 31, "num_statements": 31, "percent_covered": 100.0, "percent_covered_display": "100", "missing_lines": 0, "excluded_lines": 0, "percent_statements_covered": 100.0, "percent_statements_covered_display": "100", "num_branches": 0, "num_partial_branches": 0, "covered_branches": 0, "missing_branches": 0, "percent_branches_covered": 100.0, "percent_branches_covered_display": "100"}, "missing_lines": [], "excluded_lines": [], "start_line": 1, "executed_branches": [], "missing_branches": []}}, "classes": {"": {"executed_lines": [5, 6, 7, 9, 13, 14, 15, 17, 20, 21, 31, 33, 42, 45, 46, 55, 57, 65, 68, 69, 71, 80, 83, 84, 89, 91, 93, 96, 97, 102, 104, 106, 109, 110, 118, 120, 127, 130, 131, 148, 149, 174, 175, 203, 204, 230, 231, 248, 250, 264], "summary": {"covered_lines": 50, "num_statements": 78, "percent_covered": 55.55555555555556, "percent_covered_display": "56", "missing_lines": 28, "excluded_lines": 0, "percent_statements_covered": 64.1025641025641, "percent_statements_covered_display": "64", "num_branches": 12, "num_partial_branches": 0, "covered_branches": 0, "missing_branches": 12, "percent_branches_covered": 0.0, "percent_branches_covered_display": "0"}, "missing_lines": [136, 138, 139, 140, 145, 155, 157, 158, 159, 165, 167, 183, 185, 194, 195, 200, 213, 215, 216, 217, 223, 224, 225, 227, 241, 242, 243, 245], "excluded_lines": [], "start_line": 1, "executed_branches": [], "missing_branches": [[139, 140], [139, 145], [158, 159], [158, 165], [194, 195], [194, 200], [216, 217], [216, 223], [223, 224], [223, 227], [241, 242], [241, 245]]}}}, "backend\\app\\api\\v1\\auth.py": {"executed_lines": [5, 6, 7, 8, 9, 10, 12, 13, 14, 15, 16, 18, 20, 24, 25, 26, 27, 28, 29, 32, 33, 36, 37, 40, 41, 42, 47, 48, 57, 60, 61, 62, 68, 69, 77, 84, 87, 99, 102, 105, 113, 119, 120, 132, 134, 136, 144, 151, 154, 162, 168, 169, 177, 179, 185, 188, 189, 200, 201, 202, 203, 206, 214, 217, 218, 224, 227, 228, 237, 239, 240, 241, 243, 244, 246, 249, 250, 263, 270, 271, 272, 275, 283, 286, 287, 294, 295, 297, 299, 333, 334, 340, 348, 350, 353, 355, 358, 359, 452, 453, 544, 545, 592, 593, 600, 603, 604], "summary": {"covered_lines": 107, "num_statements": 239, "percent_covered": 40.955631399317404, "percent_covered_display": "41", "missing_lines": 132, "excluded_lines": 0, "percent_statements_covered": 44.76987447698745, "percent_statements_covered_display": "45", "num_branches": 54, "num_partial_branches": 7, "covered_branches": 13, "missing_branches": 41, "percent_branches_covered": 24.074074074074073, "percent_branches_covered_display": "24"}, "missing_lines": [70, 78, 180, 264, 302, 305, 306, 308, 316, 319, 320, 321, 326, 327, 330, 370, 371, 372, 373, 374, 375, 378, 379, 380, 386, 389, 395, 396, 397, 399, 400, 401, 402, 403, 406, 407, 410, 411, 412, 413, 414, 415, 416, 417, 418, 419, 421, 430, 432, 438, 439, 440, 444, 445, 446, 464, 465, 466, 468, 469, 470, 476, 477, 482, 485, 486, 487, 488, 489, 490, 493, 494, 495, 497, 498, 500, 501, 502, 505, 506, 507, 509, 511, 517, 518, 521, 522, 523, 524, 526, 528, 529, 530, 531, 532, 536, 537, 538, 555, 556, 559, 560, 565, 566, 567, 573, 574, 575, 576, 577, 578, 581, 589, 614, 615, 617, 618, 624, 625, 631, 638, 639, 645, 646, 647, 653, 654, 655, 658, 659, 662, 670], "excluded_lines": [], "executed_branches": [[61, 62], [61, 68], [69, 77], [77, 84], [134, 136], [134, 151], [179, 185], [201, 202], [239, 240], [239, 243], [240, 241], [263, 270], [297, 299]], "missing_branches": [[69, 70], [77, 78], [179, 180], [201, 206], [240, 239], [263, 264], [297, 302], [379, 380], [379, 386], [410, 411], [410, 421], [469, 470], [469, 476], [476, 477], [476, 482], [485, 486], [485, 493], [487, 488], [487, 493], [493, 494], [493, 500], [494, 495], [494, 500], [500, 501], [500, 517], [505, 506], [505, 509], [517, 518], [517, 521], [559, 560], [559, 565], [566, 567], [566, 573], [617, 618], [617, 624], [624, 625], [624, 631], [638, 639], [638, 645], [646, 647], [646, 653]], "functions": {"register": {"executed_lines": [57, 60, 61, 62, 68, 69, 77, 84, 87, 99, 102, 105, 113], "summary": {"covered_lines": 13, "num_statements": 15, "percent_covered": 80.95238095238095, "percent_covered_display": "81", "missing_lines": 2, "excluded_lines": 0, "percent_statements_covered": 86.66666666666667, "percent_statements_covered_display": "87", "num_branches": 6, "num_partial_branches": 2, "covered_branches": 4, "missing_branches": 2, "percent_branches_covered": 66.66666666666667, "percent_branches_covered_display": "67"}, "missing_lines": [70, 78], "excluded_lines": [], "start_line": 48, "executed_branches": [[61, 62], [61, 68], [69, 77], [77, 84]], "missing_branches": [[69, 70], [77, 78]]}, "login": {"executed_lines": [132, 134, 136, 144, 151, 154, 162], "summary": {"covered_lines": 7, "num_statements": 7, "percent_covered": 100.0, "percent_covered_display": "100", "missing_lines": 0, "excluded_lines": 0, "percent_statements_covered": 100.0, "percent_statements_covered_display": "100", "num_branches": 2, "num_partial_branches": 0, "covered_branches": 2, "missing_branches": 0, "percent_branches_covered": 100.0, "percent_branches_covered_display": "100"}, "missing_lines": [], "excluded_lines": [], "start_line": 120, "executed_branches": [[134, 136], [134, 151]], "missing_branches": []}, "refresh_token": {"executed_lines": [177, 179, 185], "summary": {"covered_lines": 3, "num_statements": 4, "percent_covered": 66.66666666666667, "percent_covered_display": "67", "missing_lines": 1, "excluded_lines": 0, "percent_statements_covered": 75.0, "percent_statements_covered_display": "75", "num_branches": 2, "num_partial_branches": 1, "covered_branches": 1, "missing_branches": 1, "percent_branches_covered": 50.0, "percent_branches_covered_display": "50"}, "missing_lines": [180], "excluded_lines": [], "start_line": 169, "executed_branches": [[179, 185]], "missing_branches": [[179, 180]]}, "logout": {"executed_lines": [200, 201, 202, 203, 206, 214], "summary": {"covered_lines": 6, "num_statements": 6, "percent_covered": 87.5, "percent_covered_display": "88", "missing_lines": 0, "excluded_lines": 0, "percent_statements_covered": 100.0, "percent_statements_covered_display": "100", "num_branches": 2, "num_partial_branches": 1, "covered_branches": 1, "missing_branches": 1, "percent_branches_covered": 50.0, "percent_branches_covered_display": "50"}, "missing_lines": [], "excluded_lines": [], "start_line": 189, "executed_branches": [[201, 202]], "missing_branches": [[201, 206]]}, "get_current_user_info": {"executed_lines": [224], "summary": {"covered_lines": 1, "num_statements": 1, "percent_covered": 100.0, "percent_covered_display": "100", "missing_lines": 0, "excluded_lines": 0, "percent_statements_covered": 100.0, "percent_statements_covered_display": "100", "num_branches": 0, "num_partial_branches": 0, "covered_branches": 0, "missing_branches": 0, "percent_branches_covered": 100.0, "percent_branches_covered_display": "100"}, "missing_lines": [], "excluded_lines": [], "start_line": 218, "executed_branches": [], "missing_branches": []}, "update_current_user": {"executed_lines": [237, 239, 240, 241, 243, 244, 246], "summary": {"covered_lines": 7, "num_statements": 7, "percent_covered": 90.9090909090909, "percent_covered_display": "91", "missing_lines": 0, "excluded_lines": 0, "percent_statements_covered": 100.0, "percent_statements_covered_display": "100", "num_branches": 4, "num_partial_branches": 1, "covered_branches": 3, "missing_branches": 1, "percent_branches_covered": 75.0, "percent_branches_covered_display": "75"}, "missing_lines": [], "excluded_lines": [], "start_line": 228, "executed_branches": [[239, 240], [239, 243], [240, 241]], "missing_branches": [[240, 239]]}, "change_password": {"executed_lines": [263, 270, 271, 272, 275, 283], "summary": {"covered_lines": 6, "num_statements": 7, "percent_covered": 77.77777777777777, "percent_covered_display": "78", "missing_lines": 1, "excluded_lines": 0, "percent_statements_covered": 85.71428571428571, "percent_statements_covered_display": "86", "num_branches": 2, "num_partial_branches": 1, "covered_branches": 1, "missing_branches": 1, "percent_branches_covered": 50.0, "percent_branches_covered_display": "50"}, "missing_lines": [264], "excluded_lines": [], "start_line": 250, "executed_branches": [[263, 270]], "missing_branches": [[263, 264]]}, "request_password_reset": {"executed_lines": [294, 295, 297, 299], "summary": {"covered_lines": 4, "num_statements": 15, "percent_covered": 29.41176470588235, "percent_covered_display": "29", "missing_lines": 11, "excluded_lines": 0, "percent_statements_covered": 26.666666666666668, "percent_statements_covered_display": "27", "num_branches": 2, "num_partial_branches": 1, "covered_branches": 1, "missing_branches": 1, "percent_branches_covered": 50.0, "percent_branches_covered_display": "50"}, "missing_lines": [302, 305, 306, 308, 316, 319, 320, 321, 326, 327, 330], "excluded_lines": [], "start_line": 287, "executed_branches": [[297, 299]], "missing_branches": [[297, 302]]}, "verify_token_endpoint": {"executed_lines": [340], "summary": {"covered_lines": 1, "num_statements": 1, "percent_covered": 100.0, "percent_covered_display": "100", "missing_lines": 0, "excluded_lines": 0, "percent_statements_covered": 100.0, "percent_statements_covered_display": "100", "num_branches": 0, "num_partial_branches": 0, "covered_branches": 0, "missing_branches": 0, "percent_branches_covered": 100.0, "percent_branches_covered_display": "100"}, "missing_lines": [], "excluded_lines": [], "start_line": 334, "executed_branches": [], "missing_branches": []}, "enable_mfa": {"executed_lines": [], "summary": {"covered_lines": 0, "num_statements": 40, "percent_covered": 0.0, "percent_covered_display": "0", "missing_lines": 40, "excluded_lines": 0, "percent_statements_covered": 0.0, "percent_statements_covered_display": "0", "num_branches": 4, "num_partial_branches": 0, "covered_branches": 0, "missing_branches": 4, "percent_branches_covered": 0.0, "percent_branches_covered_display": "0"}, "missing_lines": [370, 371, 372, 373, 374, 375, 378, 379, 380, 386, 389, 395, 396, 397, 399, 400, 401, 402, 403, 406, 407, 410, 411, 412, 413, 414, 415, 416, 417, 418, 419, 421, 430, 432, 438, 439, 440, 444, 445, 446], "excluded_lines": [], "start_line": 359, "executed_branches": [], "missing_branches": [[379, 380], [379, 386], [410, 411], [410, 421]]}, "verify_mfa": {"executed_lines": [], "summary": {"covered_lines": 0, "num_statements": 43, "percent_covered": 0.0, "percent_covered_display": "0", "missing_lines": 43, "excluded_lines": 0, "percent_statements_covered": 0.0, "percent_statements_covered_display": "0", "num_branches": 18, "num_partial_branches": 0, "covered_branches": 0, "missing_branches": 18, "percent_branches_covered": 0.0, "percent_branches_covered_display": "0"}, "missing_lines": [464, 465, 466, 468, 469, 470, 476, 477, 482, 485, 486, 487, 488, 489, 490, 493, 494, 495, 497, 498, 500, 501, 502, 505, 506, 507, 509, 511, 517, 518, 521, 522, 523, 524, 526, 528, 529, 530, 531, 532, 536, 537, 538], "excluded_lines": [], "start_line": 453, "executed_branches": [], "missing_branches": [[469, 470], [469, 476], [476, 477], [476, 482], [485, 486], [485, 493], [487, 488], [487, 493], [493, 494], [493, 500], [494, 495], [494, 500], [500, 501], [500, 517], [505, 506], [505, 509], [517, 518], [517, 521]]}, "disable_mfa": {"executed_lines": [], "summary": {"covered_lines": 0, "num_statements": 15, "percent_covered": 0.0, "percent_covered_display": "0", "missing_lines": 15, "excluded_lines": 0, "percent_statements_covered": 0.0, "percent_statements_covered_display": "0", "num_branches": 4, "num_partial_branches": 0, "covered_branches": 0, "missing_branches": 4, "percent_branches_covered": 0.0, "percent_branches_covered_display": "0"}, "missing_lines": [555, 556, 559, 560, 565, 566, 567, 573, 574, 575, 576, 577, 578, 581, 589], "excluded_lines": [], "start_line": 545, "executed_branches": [], "missing_branches": [[559, 560], [559, 565], [566, 567], [566, 573]]}, "forgot_password": {"executed_lines": [600], "summary": {"covered_lines": 1, "num_statements": 1, "percent_covered": 100.0, "percent_covered_display": "100", "missing_lines": 0, "excluded_lines": 0, "percent_statements_covered": 100.0, "percent_statements_covered_display": "100", "num_branches": 0, "num_partial_branches": 0, "covered_branches": 0, "missing_branches": 0, "percent_branches_covered": 100.0, "percent_branches_covered_display": "100"}, "missing_lines": [], "excluded_lines": [], "start_line": 593, "executed_branches": [], "missing_branches": []}, "reset_password": {"executed_lines": [], "summary": {"covered_lines": 0, "num_statements": 19, "percent_covered": 0.0, "percent_covered_display": "0", "missing_lines": 19, "excluded_lines": 0, "percent_statements_covered": 0.0, "percent_statements_covered_display": "0", "num_branches": 8, "num_partial_branches": 0, "covered_branches": 0, "missing_branches": 8, "percent_branches_covered": 0.0, "percent_branches_covered_display": "0"}, "missing_lines": [614, 615, 617, 618, 624, 625, 631, 638, 639, 645, 646, 647, 653, 654, 655, 658, 659, 662, 670], "excluded_lines": [], "start_line": 604, "executed_branches": [], "missing_branches": [[617, 618], [617, 624], [624, 625], [624, 631], [638, 639], [638, 645], [646, 647], [646, 653]]}, "": {"executed_lines": [5, 6, 7, 8, 9, 10, 12, 13, 14, 15, 16, 18, 20, 24, 25, 26, 27, 28, 29, 32, 33, 36, 37, 40, 41, 42, 47, 48, 119, 120, 168, 169, 188, 189, 217, 218, 227, 228, 249, 250, 286, 287, 333, 334, 348, 350, 353, 355, 358, 359, 452, 453, 544, 545, 592, 593, 603, 604], "summary": {"covered_lines": 58, "num_statements": 58, "percent_covered": 100.0, "percent_covered_display": "100", "missing_lines": 0, "excluded_lines": 0, "percent_statements_covered": 100.0, "percent_statements_covered_display": "100", "num_branches": 0, "num_partial_branches": 0, "covered_branches": 0, "missing_branches": 0, "percent_branches_covered": 100.0, "percent_branches_covered_display": "100"}, "missing_lines": [], "excluded_lines": [], "start_line": 1, "executed_branches": [], "missing_branches": []}}, "classes": {"Token": {"executed_lines": [], "summary": {"covered_lines": 0, "num_statements": 0, "percent_covered": 100.0, "percent_covered_display": "100", "missing_lines": 0, "excluded_lines": 0, "percent_statements_covered": 100.0, "percent_statements_covered_display": "100", "num_branches": 0, "num_partial_branches": 0, "covered_branches": 0, "missing_branches": 0, "percent_branches_covered": 100.0, "percent_branches_covered_display": "100"}, "missing_lines": [], "excluded_lines": [], "start_line": 24, "executed_branches": [], "missing_branches": []}, "TokenRefresh": {"executed_lines": [], "summary": {"covered_lines": 0, "num_statements": 0, "percent_covered": 100.0, "percent_covered_display": "100", "missing_lines": 0, "excluded_lines": 0, "percent_statements_covered": 100.0, "percent_statements_covered_display": "100", "num_branches": 0, "num_partial_branches": 0, "covered_branches": 0, "missing_branches": 0, "percent_branches_covered": 100.0, "percent_branches_covered_display": "100"}, "missing_lines": [], "excluded_lines": [], "start_line": 32, "executed_branches": [], "missing_branches": []}, "PasswordReset": {"executed_lines": [], "summary": {"covered_lines": 0, "num_statements": 0, "percent_covered": 100.0, "percent_covered_display": "100", "missing_lines": 0, "excluded_lines": 0, "percent_statements_covered": 100.0, "percent_statements_covered_display": "100", "num_branches": 0, "num_partial_branches": 0, "covered_branches": 0, "missing_branches": 0, "percent_branches_covered": 100.0, "percent_branches_covered_display": "100"}, "missing_lines": [], "excluded_lines": [], "start_line": 36, "executed_branches": [], "missing_branches": []}, "PasswordChange": {"executed_lines": [], "summary": {"covered_lines": 0, "num_statements": 0, "percent_covered": 100.0, "percent_covered_display": "100", "missing_lines": 0, "excluded_lines": 0, "percent_statements_covered": 100.0, "percent_statements_covered_display": "100", "num_branches": 0, "num_partial_branches": 0, "covered_branches": 0, "missing_branches": 0, "percent_branches_covered": 100.0, "percent_branches_covered_display": "100"}, "missing_lines": [], "excluded_lines": [], "start_line": 40, "executed_branches": [], "missing_branches": []}, "MFAVerifyRequest": {"executed_lines": [], "summary": {"covered_lines": 0, "num_statements": 0, "percent_covered": 100.0, "percent_covered_display": "100", "missing_lines": 0, "excluded_lines": 0, "percent_statements_covered": 100.0, "percent_statements_covered_display": "100", "num_branches": 0, "num_partial_branches": 0, "covered_branches": 0, "missing_branches": 0, "percent_branches_covered": 100.0, "percent_branches_covered_display": "100"}, "missing_lines": [], "excluded_lines": [], "start_line": 348, "executed_branches": [], "missing_branches": []}, "MFASetupRequest": {"executed_lines": [], "summary": {"covered_lines": 0, "num_statements": 0, "percent_covered": 100.0, "percent_covered_display": "100", "missing_lines": 0, "excluded_lines": 0, "percent_statements_covered": 100.0, "percent_statements_covered_display": "100", "num_branches": 0, "num_partial_branches": 0, "covered_branches": 0, "missing_branches": 0, "percent_branches_covered": 100.0, "percent_branches_covered_display": "100"}, "missing_lines": [], "excluded_lines": [], "start_line": 353, "executed_branches": [], "missing_branches": []}, "": {"executed_lines": [5, 6, 7, 8, 9, 10, 12, 13, 14, 15, 16, 18, 20, 24, 25, 26, 27, 28, 29, 32, 33, 36, 37, 40, 41, 42, 47, 48, 57, 60, 61, 62, 68, 69, 77, 84, 87, 99, 102, 105, 113, 119, 120, 132, 134, 136, 144, 151, 154, 162, 168, 169, 177, 179, 185, 188, 189, 200, 201, 202, 203, 206, 214, 217, 218, 224, 227, 228, 237, 239, 240, 241, 243, 244, 246, 249, 250, 263, 270, 271, 272, 275, 283, 286, 287, 294, 295, 297, 299, 333, 334, 340, 348, 350, 353, 355, 358, 359, 452, 453, 544, 545, 592, 593, 600, 603, 604], "summary": {"covered_lines": 107, "num_statements": 239, "percent_covered": 40.955631399317404, "percent_covered_display": "41", "missing_lines": 132, "excluded_lines": 0, "percent_statements_covered": 44.76987447698745, "percent_statements_covered_display": "45", "num_branches": 54, "num_partial_branches": 7, "covered_branches": 13, "missing_branches": 41, "percent_branches_covered": 24.074074074074073, "percent_branches_covered_display": "24"}, "missing_lines": [70, 78, 180, 264, 302, 305, 306, 308, 316, 319, 320, 321, 326, 327, 330, 370, 371, 372, 373, 374, 375, 378, 379, 380, 386, 389, 395, 396, 397, 399, 400, 401, 402, 403, 406, 407, 410, 411, 412, 413, 414, 415, 416, 417, 418, 419, 421, 430, 432, 438, 439, 440, 444, 445, 446, 464, 465, 466, 468, 469, 470, 476, 477, 482, 485, 486, 487, 488, 489, 490, 493, 494, 495, 497, 498, 500, 501, 502, 505, 506, 507, 509, 511, 517, 518, 521, 522, 523, 524, 526, 528, 529, 530, 531, 532, 536, 537, 538, 555, 556, 559, 560, 565, 566, 567, 573, 574, 575, 576, 577, 578, 581, 589, 614, 615, 617, 618, 624, 625, 631, 638, 639, 645, 646, 647, 653, 654, 655, 658, 659, 662, 670], "excluded_lines": [], "start_line": 1, "executed_branches": [[61, 62], [61, 68], [69, 77], [77, 84], [134, 136], [134, 151], [179, 185], [201, 202], [239, 240], [239, 243], [240, 241], [263, 270], [297, 299]], "missing_branches": [[69, 70], [77, 78], [179, 180], [201, 206], [240, 239], [263, 264], [297, 302], [379, 380], [379, 386], [410, 411], [410, 421], [469, 470], [469, 476], [476, 477], [476, 482], [485, 486], [485, 493], [487, 488], [487, 493], [493, 494], [493, 500], [494, 495], [494, 500], [500, 501], [500, 517], [505, 506], [505, 509], [517, 518], [517, 521], [559, 560], [559, 565], [566, 567], [566, 573], [617, 618], [617, 624], [624, 625], [624, 631], [638, 639], [638, 645], [646, 647], [646, 653]]}}}, "backend\\app\\api\\v1\\challenges.py": {"executed_lines": [6, 7, 8, 9, 10, 12, 13, 14, 15, 17, 21, 23, 24, 25, 28, 30, 31, 32, 33, 34, 35, 36, 37, 38, 39, 40, 43, 45, 46, 47, 48, 51, 53, 54, 55, 56, 57, 58, 59, 62, 64, 65, 66, 67, 68, 72, 106, 107, 133, 134, 145, 166, 169, 170, 176, 178, 179, 184, 185, 225, 226], "summary": {"covered_lines": 61, "num_statements": 80, "percent_covered": 68.88888888888889, "percent_covered_display": "69", "missing_lines": 19, "excluded_lines": 0, "percent_statements_covered": 76.25, "percent_statements_covered_display": "76", "num_branches": 10, "num_partial_branches": 1, "covered_branches": 1, "missing_branches": 9, "percent_branches_covered": 10.0, "percent_branches_covered_display": "10"}, "missing_lines": [119, 121, 122, 124, 125, 128, 130, 181, 197, 199, 200, 203, 204, 207, 211, 212, 217, 237, 254], "excluded_lines": [], "executed_branches": [[178, 179]], "missing_branches": [[121, 122], [121, 124], [124, 125], [124, 128], [178, 181], [199, 200], [199, 203], [211, 212], [211, 217]], "functions": {"list_challenges": {"executed_lines": [], "summary": {"covered_lines": 0, "num_statements": 7, "percent_covered": 0.0, "percent_covered_display": "0", "missing_lines": 7, "excluded_lines": 0, "percent_statements_covered": 0.0, "percent_statements_covered_display": "0", "num_branches": 4, "num_partial_branches": 0, "covered_branches": 0, "missing_branches": 4, "percent_branches_covered": 0.0, "percent_branches_covered_display": "0"}, "missing_lines": [119, 121, 122, 124, 125, 128, 130], "excluded_lines": [], "start_line": 107, "executed_branches": [], "missing_branches": [[121, 122], [121, 124], [124, 125], [124, 128]]}, "get_my_progress": {"executed_lines": [145, 166], "summary": {"covered_lines": 2, "num_statements": 2, "percent_covered": 100.0, "percent_covered_display": "100", "missing_lines": 0, "excluded_lines": 0, "percent_statements_covered": 100.0, "percent_statements_covered_display": "100", "num_branches": 0, "num_partial_branches": 0, "covered_branches": 0, "missing_branches": 0, "percent_branches_covered": 100.0, "percent_branches_covered_display": "100"}, "missing_lines": [], "excluded_lines": [], "start_line": 134, "executed_branches": [], "missing_branches": []}, "get_challenge": {"executed_lines": [176, 178, 179], "summary": {"covered_lines": 3, "num_statements": 4, "percent_covered": 66.66666666666667, "percent_covered_display": "67", "missing_lines": 1, "excluded_lines": 0, "percent_statements_covered": 75.0, "percent_statements_covered_display": "75", "num_branches": 2, "num_partial_branches": 1, "covered_branches": 1, "missing_branches": 1, "percent_branches_covered": 50.0, "percent_branches_covered_display": "50"}, "missing_lines": [181], "excluded_lines": [], "start_line": 170, "executed_branches": [[178, 179]], "missing_branches": [[178, 181]]}, "check_in_challenge": {"executed_lines": [], "summary": {"covered_lines": 0, "num_statements": 9, "percent_covered": 0.0, "percent_covered_display": "0", "missing_lines": 9, "excluded_lines": 0, "percent_statements_covered": 0.0, "percent_statements_covered_display": "0", "num_branches": 4, "num_partial_branches": 0, "covered_branches": 0, "missing_branches": 4, "percent_branches_covered": 0.0, "percent_branches_covered_display": "0"}, "missing_lines": [197, 199, 200, 203, 204, 207, 211, 212, 217], "excluded_lines": [], "start_line": 185, "executed_branches": [], "missing_branches": [[199, 200], [199, 203], [211, 212], [211, 217]]}, "get_leaderboard": {"executed_lines": [], "summary": {"covered_lines": 0, "num_statements": 2, "percent_covered": 0.0, "percent_covered_display": "0", "missing_lines": 2, "excluded_lines": 0, "percent_statements_covered": 0.0, "percent_statements_covered_display": "0", "num_branches": 0, "num_partial_branches": 0, "covered_branches": 0, "missing_branches": 0, "percent_branches_covered": 100.0, "percent_branches_covered_display": "100"}, "missing_lines": [237, 254], "excluded_lines": [], "start_line": 226, "executed_branches": [], "missing_branches": []}, "": {"executed_lines": [6, 7, 8, 9, 10, 12, 13, 14, 15, 17, 21, 23, 24, 25, 28, 30, 31, 32, 33, 34, 35, 36, 37, 38, 39, 40, 43, 45, 46, 47, 48, 51, 53, 54, 55, 56, 57, 58, 59, 62, 64, 65, 66, 67, 68, 72, 106, 107, 133, 134, 169, 170, 184, 185, 225, 226], "summary": {"covered_lines": 56, "num_statements": 56, "percent_covered": 100.0, "percent_covered_display": "100", "missing_lines": 0, "excluded_lines": 0, "percent_statements_covered": 100.0, "percent_statements_covered_display": "100", "num_branches": 0, "num_partial_branches": 0, "covered_branches": 0, "missing_branches": 0, "percent_branches_covered": 100.0, "percent_branches_covered_display": "100"}, "missing_lines": [], "excluded_lines": [], "start_line": 1, "executed_branches": [], "missing_branches": []}}, "classes": {"ChallengeLocation": {"executed_lines": [], "summary": {"covered_lines": 0, "num_statements": 0, "percent_covered": 100.0, "percent_covered_display": "100", "missing_lines": 0, "excluded_lines": 0, "percent_statements_covered": 100.0, "percent_statements_covered_display": "100", "num_branches": 0, "num_partial_branches": 0, "covered_branches": 0, "missing_branches": 0, "percent_branches_covered": 100.0, "percent_branches_covered_display": "100"}, "missing_lines": [], "excluded_lines": [], "start_line": 21, "executed_branches": [], "missing_branches": []}, "Challenge": {"executed_lines": [], "summary": {"covered_lines": 0, "num_statements": 0, "percent_covered": 100.0, "percent_covered_display": "100", "missing_lines": 0, "excluded_lines": 0, "percent_statements_covered": 100.0, "percent_statements_covered_display": "100", "num_branches": 0, "num_partial_branches": 0, "covered_branches": 0, "missing_branches": 0, "percent_branches_covered": 100.0, "percent_branches_covered_display": "100"}, "missing_lines": [], "excluded_lines": [], "start_line": 28, "executed_branches": [], "missing_branches": []}, "ChallengeCheckIn": {"executed_lines": [], "summary": {"covered_lines": 0, "num_statements": 0, "percent_covered": 100.0, "percent_covered_display": "100", "missing_lines": 0, "excluded_lines": 0, "percent_statements_covered": 100.0, "percent_statements_covered_display": "100", "num_branches": 0, "num_partial_branches": 0, "covered_branches": 0, "missing_branches": 0, "percent_branches_covered": 100.0, "percent_branches_covered_display": "100"}, "missing_lines": [], "excluded_lines": [], "start_line": 43, "executed_branches": [], "missing_branches": []}, "ChallengeProgress": {"executed_lines": [], "summary": {"covered_lines": 0, "num_statements": 0, "percent_covered": 100.0, "percent_covered_display": "100", "missing_lines": 0, "excluded_lines": 0, "percent_statements_covered": 100.0, "percent_statements_covered_display": "100", "num_branches": 0, "num_partial_branches": 0, "covered_branches": 0, "missing_branches": 0, "percent_branches_covered": 100.0, "percent_branches_covered_display": "100"}, "missing_lines": [], "excluded_lines": [], "start_line": 51, "executed_branches": [], "missing_branches": []}, "LeaderboardEntry": {"executed_lines": [], "summary": {"covered_lines": 0, "num_statements": 0, "percent_covered": 100.0, "percent_covered_display": "100", "missing_lines": 0, "excluded_lines": 0, "percent_statements_covered": 100.0, "percent_statements_covered_display": "100", "num_branches": 0, "num_partial_branches": 0, "covered_branches": 0, "missing_branches": 0, "percent_branches_covered": 100.0, "percent_branches_covered_display": "100"}, "missing_lines": [], "excluded_lines": [], "start_line": 62, "executed_branches": [], "missing_branches": []}, "": {"executed_lines": [6, 7, 8, 9, 10, 12, 13, 14, 15, 17, 21, 23, 24, 25, 28, 30, 31, 32, 33, 34, 35, 36, 37, 38, 39, 40, 43, 45, 46, 47, 48, 51, 53, 54, 55, 56, 57, 58, 59, 62, 64, 65, 66, 67, 68, 72, 106, 107, 133, 134, 145, 166, 169, 170, 176, 178, 179, 184, 185, 225, 226], "summary": {"covered_lines": 61, "num_statements": 80, "percent_covered": 68.88888888888889, "percent_covered_display": "69", "missing_lines": 19, "excluded_lines": 0, "percent_statements_covered": 76.25, "percent_statements_covered_display": "76", "num_branches": 10, "num_partial_branches": 1, "covered_branches": 1, "missing_branches": 9, "percent_branches_covered": 10.0, "percent_branches_covered_display": "10"}, "missing_lines": [119, 121, 122, 124, 125, 128, 130, 181, 197, 199, 200, 203, 204, 207, 211, 212, 217, 237, 254], "excluded_lines": [], "start_line": 1, "executed_branches": [[178, 179]], "missing_branches": [[121, 122], [121, 124], [124, 125], [124, 128], [178, 181], [199, 200], [199, 203], [211, 212], [211, 217]]}}}, "backend\\app\\api\\v1\\chat.py": {"executed_lines": [5, 6, 7, 8, 9, 10, 12, 13, 17, 18, 19, 20, 21, 23, 26, 27, 28, 29, 30, 32, 33, 34, 36, 38, 41, 42, 43, 44, 45, 46, 47, 48, 49, 50, 51, 54, 55, 56, 59, 60, 61, 62, 65, 66, 67, 70, 71, 76, 77, 78, 79, 82, 85, 86, 90, 97, 105, 115, 123, 126, 127, 131, 132, 134, 135, 138, 149, 152, 154, 172, 173, 212, 213, 215, 216, 219, 220, 226, 228, 229, 231, 244, 245, 251, 252, 253, 259, 268, 269, 295, 296, 322, 323, 341, 342, 344, 346, 356, 365, 373, 374, 386, 387, 400, 401, 412, 415, 416, 424, 425, 426, 428, 434, 443, 445, 446, 447, 448, 449, 452, 453, 462, 463, 465, 481, 483, 495, 497, 498, 501, 502, 546, 547, 608, 609], "summary": {"covered_lines": 135, "num_statements": 220, "percent_covered": 57.85123966942149, "percent_covered_display": "58", "missing_lines": 85, "excluded_lines": 0, "percent_statements_covered": 61.36363636363637, "percent_statements_covered_display": "61", "num_branches": 22, "num_partial_branches": 5, "covered_branches": 5, "missing_branches": 17, "percent_branches_covered": 22.727272727272727, "percent_branches_covered_display": "23"}, "missing_lines": [37, 87, 128, 129, 165, 166, 180, 181, 184, 187, 189, 190, 196, 203, 205, 206, 221, 237, 238, 261, 262, 274, 275, 276, 278, 279, 284, 286, 287, 288, 289, 301, 302, 303, 305, 306, 311, 313, 314, 315, 316, 328, 329, 330, 332, 334, 335, 383, 396, 397, 429, 436, 437, 488, 489, 512, 513, 515, 522, 523, 524, 527, 528, 530, 532, 534, 539, 540, 561, 562, 565, 568, 569, 575, 576, 579, 582, 589, 592, 597, 599, 600, 601, 602, 622], "excluded_lines": [], "executed_branches": [[36, 38], [86, 90], [127, 131], [220, 226], [428, 434]], "missing_branches": [[36, 37], [86, 87], [127, 128], [189, 190], [189, 196], [220, 221], [278, 279], [278, 284], [305, 306], [305, 311], [428, 429], [522, 523], [522, 527], [527, 528], [527, 530], [568, 569], [568, 575]], "functions": {"ChatMessage.validate_message_not_empty": {"executed_lines": [36, 38], "summary": {"covered_lines": 2, "num_statements": 3, "percent_covered": 60.0, "percent_covered_display": "60", "missing_lines": 1, "excluded_lines": 0, "percent_statements_covered": 66.66666666666667, "percent_statements_covered_display": "67", "num_branches": 2, "num_partial_branches": 1, "covered_branches": 1, "missing_branches": 1, "percent_branches_covered": 50.0, "percent_branches_covered_display": "50"}, "missing_lines": [37], "excluded_lines": [], "start_line": 34, "executed_branches": [[36, 38]], "missing_branches": [[36, 37]]}, "send_message": {"executed_lines": [76, 77, 78, 79, 82, 85, 86, 90, 97, 105, 115, 123, 126, 127, 131, 132, 134, 135, 138, 149, 152, 154], "summary": {"covered_lines": 22, "num_statements": 27, "percent_covered": 77.41935483870968, "percent_covered_display": "77", "missing_lines": 5, "excluded_lines": 0, "percent_statements_covered": 81.48148148148148, "percent_statements_covered_display": "81", "num_branches": 4, "num_partial_branches": 2, "covered_branches": 2, "missing_branches": 2, "percent_branches_covered": 50.0, "percent_branches_covered_display": "50"}, "missing_lines": [87, 128, 129, 165, 166], "excluded_lines": [], "start_line": 71, "executed_branches": [[86, 90], [127, 131]], "missing_branches": [[86, 87], [127, 128]]}, "send_voice_message": {"executed_lines": [], "summary": {"covered_lines": 0, "num_statements": 10, "percent_covered": 0.0, "percent_covered_display": "0", "missing_lines": 10, "excluded_lines": 0, "percent_statements_covered": 0.0, "percent_statements_covered_display": "0", "num_branches": 2, "num_partial_branches": 0, "covered_branches": 0, "missing_branches": 2, "percent_branches_covered": 0.0, "percent_branches_covered_display": "0"}, "missing_lines": [180, 181, 184, 187, 189, 190, 196, 203, 205, 206], "excluded_lines": [], "start_line": 173, "executed_branches": [], "missing_branches": [[189, 190], [189, 196]]}, "detect_language": {"executed_lines": [215, 216, 219, 220, 226, 228, 229, 231], "summary": {"covered_lines": 8, "num_statements": 11, "percent_covered": 69.23076923076923, "percent_covered_display": "69", "missing_lines": 3, "excluded_lines": 0, "percent_statements_covered": 72.72727272727273, "percent_statements_covered_display": "73", "num_branches": 2, "num_partial_branches": 1, "covered_branches": 1, "missing_branches": 1, "percent_branches_covered": 50.0, "percent_branches_covered_display": "50"}, "missing_lines": [221, 237, 238], "excluded_lines": [], "start_line": 213, "executed_branches": [[220, 226]], "missing_branches": [[220, 221]]}, "get_conversations": {"executed_lines": [251, 252, 253, 259], "summary": {"covered_lines": 4, "num_statements": 6, "percent_covered": 66.66666666666667, "percent_covered_display": "67", "missing_lines": 2, "excluded_lines": 0, "percent_statements_covered": 66.66666666666667, "percent_statements_covered_display": "67", "num_branches": 0, "num_partial_branches": 0, "covered_branches": 0, "missing_branches": 0, "percent_branches_covered": 100.0, "percent_branches_covered_display": "100"}, "missing_lines": [261, 262], "excluded_lines": [], "start_line": 245, "executed_branches": [], "missing_branches": []}, "get_conversation": {"executed_lines": [], "summary": {"covered_lines": 0, "num_statements": 10, "percent_covered": 0.0, "percent_covered_display": "0", "missing_lines": 10, "excluded_lines": 0, "percent_statements_covered": 0.0, "percent_statements_covered_display": "0", "num_branches": 2, "num_partial_branches": 0, "covered_branches": 0, "missing_branches": 2, "percent_branches_covered": 0.0, "percent_branches_covered_display": "0"}, "missing_lines": [274, 275, 276, 278, 279, 284, 286, 287, 288, 289], "excluded_lines": [], "start_line": 269, "executed_branches": [], "missing_branches": [[278, 279], [278, 284]]}, "delete_conversation": {"executed_lines": [], "summary": {"covered_lines": 0, "num_statements": 10, "percent_covered": 0.0, "percent_covered_display": "0", "missing_lines": 10, "excluded_lines": 0, "percent_statements_covered": 0.0, "percent_statements_covered_display": "0", "num_branches": 2, "num_partial_branches": 0, "covered_branches": 0, "missing_branches": 2, "percent_branches_covered": 0.0, "percent_branches_covered_display": "0"}, "missing_lines": [301, 302, 303, 305, 306, 311, 313, 314, 315, 316], "excluded_lines": [], "start_line": 296, "executed_branches": [], "missing_branches": [[305, 306], [305, 311]]}, "get_suggestions": {"executed_lines": [], "summary": {"covered_lines": 0, "num_statements": 6, "percent_covered": 0.0, "percent_covered_display": "0", "missing_lines": 6, "excluded_lines": 0, "percent_statements_covered": 0.0, "percent_statements_covered_display": "0", "num_branches": 0, "num_partial_branches": 0, "covered_branches": 0, "missing_branches": 0, "percent_branches_covered": 100.0, "percent_branches_covered_display": "100"}, "missing_lines": [328, 329, 330, 332, 334, 335], "excluded_lines": [], "start_line": 323, "executed_branches": [], "missing_branches": []}, "get_supported_languages": {"executed_lines": [344, 346, 356, 365], "summary": {"covered_lines": 4, "num_statements": 4, "percent_covered": 100.0, "percent_covered_display": "100", "missing_lines": 0, "excluded_lines": 0, "percent_statements_covered": 100.0, "percent_statements_covered_display": "100", "num_branches": 0, "num_partial_branches": 0, "covered_branches": 0, "missing_branches": 0, "percent_branches_covered": 100.0, "percent_branches_covered_display": "100"}, "missing_lines": [], "excluded_lines": [], "start_line": 342, "executed_branches": [], "missing_branches": []}, "send_chat_message": {"executed_lines": [], "summary": {"covered_lines": 0, "num_statements": 1, "percent_covered": 0.0, "percent_covered_display": "0", "missing_lines": 1, "excluded_lines": 0, "percent_statements_covered": 0.0, "percent_statements_covered_display": "0", "num_branches": 0, "num_partial_branches": 0, "covered_branches": 0, "missing_branches": 0, "percent_branches_covered": 100.0, "percent_branches_covered_display": "100"}, "missing_lines": [383], "excluded_lines": [], "start_line": 374, "executed_branches": [], "missing_branches": []}, "detect_language_get": {"executed_lines": [], "summary": {"covered_lines": 0, "num_statements": 2, "percent_covered": 0.0, "percent_covered_display": "0", "missing_lines": 2, "excluded_lines": 0, "percent_statements_covered": 0.0, "percent_statements_covered_display": "0", "num_branches": 0, "num_partial_branches": 0, "covered_branches": 0, "missing_branches": 0, "percent_branches_covered": 100.0, "percent_branches_covered_display": "100"}, "missing_lines": [396, 397], "excluded_lines": [], "start_line": 387, "executed_branches": [], "missing_branches": []}, "get_chat_history": {"executed_lines": [412], "summary": {"covered_lines": 1, "num_statements": 1, "percent_covered": 100.0, "percent_covered_display": "100", "missing_lines": 0, "excluded_lines": 0, "percent_statements_covered": 100.0, "percent_statements_covered_display": "100", "num_branches": 0, "num_partial_branches": 0, "covered_branches": 0, "missing_branches": 0, "percent_branches_covered": 100.0, "percent_branches_covered_display": "100"}, "missing_lines": [], "excluded_lines": [], "start_line": 401, "executed_branches": [], "missing_branches": []}, "clear_chat_history": {"executed_lines": [424, 425, 426, 428, 434], "summary": {"covered_lines": 5, "num_statements": 8, "percent_covered": 60.0, "percent_covered_display": "60", "missing_lines": 3, "excluded_lines": 0, "percent_statements_covered": 62.5, "percent_statements_covered_display": "62", "num_branches": 2, "num_partial_branches": 1, "covered_branches": 1, "missing_branches": 1, "percent_branches_covered": 50.0, "percent_branches_covered_display": "50"}, "missing_lines": [429, 436, 437], "excluded_lines": [], "start_line": 416, "executed_branches": [[428, 434]], "missing_branches": [[428, 429]]}, "submit_chat_feedback": {"executed_lines": [462, 463, 465, 481, 483], "summary": {"covered_lines": 5, "num_statements": 7, "percent_covered": 71.42857142857143, "percent_covered_display": "71", "missing_lines": 2, "excluded_lines": 0, "percent_statements_covered": 71.42857142857143, "percent_statements_covered_display": "71", "num_branches": 0, "num_partial_branches": 0, "covered_branches": 0, "missing_branches": 0, "percent_branches_covered": 100.0, "percent_branches_covered_display": "100"}, "missing_lines": [488, 489], "excluded_lines": [], "start_line": 453, "executed_branches": [], "missing_branches": []}, "update_conversation_context": {"executed_lines": [], "summary": {"covered_lines": 0, "num_statements": 13, "percent_covered": 0.0, "percent_covered_display": "0", "missing_lines": 13, "excluded_lines": 0, "percent_statements_covered": 0.0, "percent_statements_covered_display": "0", "num_branches": 4, "num_partial_branches": 0, "covered_branches": 0, "missing_branches": 4, "percent_branches_covered": 0.0, "percent_branches_covered_display": "0"}, "missing_lines": [512, 513, 515, 522, 523, 524, 527, 528, 530, 532, 534, 539, 540], "excluded_lines": [], "start_line": 502, "executed_branches": [], "missing_branches": [[522, 523], [522, 527], [527, 528], [527, 530]]}, "upload_image_for_chat": {"executed_lines": [], "summary": {"covered_lines": 0, "num_statements": 16, "percent_covered": 0.0, "percent_covered_display": "0", "missing_lines": 16, "excluded_lines": 0, "percent_statements_covered": 0.0, "percent_statements_covered_display": "0", "num_branches": 2, "num_partial_branches": 0, "covered_branches": 0, "missing_branches": 2, "percent_branches_covered": 0.0, "percent_branches_covered_display": "0"}, "missing_lines": [561, 562, 565, 568, 569, 575, 576, 579, 582, 589, 592, 597, 599, 600, 601, 602], "excluded_lines": [], "start_line": 547, "executed_branches": [], "missing_branches": [[568, 569], [568, 575]]}, "upload_audio_for_chat": {"executed_lines": [], "summary": {"covered_lines": 0, "num_statements": 1, "percent_covered": 0.0, "percent_covered_display": "0", "missing_lines": 1, "excluded_lines": 0, "percent_statements_covered": 0.0, "percent_statements_covered_display": "0", "num_branches": 0, "num_partial_branches": 0, "covered_branches": 0, "missing_branches": 0, "percent_branches_covered": 100.0, "percent_branches_covered_display": "100"}, "missing_lines": [622], "excluded_lines": [], "start_line": 609, "executed_branches": [], "missing_branches": []}, "": {"executed_lines": [5, 6, 7, 8, 9, 10, 12, 13, 17, 18, 19, 20, 21, 23, 26, 27, 28, 29, 30, 32, 33, 34, 41, 42, 43, 44, 45, 46, 47, 48, 49, 50, 51, 54, 55, 56, 59, 60, 61, 62, 65, 66, 67, 70, 71, 172, 173, 212, 213, 244, 245, 268, 269, 295, 296, 322, 323, 341, 342, 373, 374, 386, 387, 400, 401, 415, 416, 443, 445, 446, 447, 448, 449, 452, 453, 495, 497, 498, 501, 502, 546, 547, 608, 609], "summary": {"covered_lines": 84, "num_statements": 84, "percent_covered": 100.0, "percent_covered_display": "100", "missing_lines": 0, "excluded_lines": 0, "percent_statements_covered": 100.0, "percent_statements_covered_display": "100", "num_branches": 0, "num_partial_branches": 0, "covered_branches": 0, "missing_branches": 0, "percent_branches_covered": 100.0, "percent_branches_covered_display": "100"}, "missing_lines": [], "excluded_lines": [], "start_line": 1, "executed_branches": [], "missing_branches": []}}, "classes": {"ChatMessage": {"executed_lines": [36, 38], "summary": {"covered_lines": 2, "num_statements": 3, "percent_covered": 60.0, "percent_covered_display": "60", "missing_lines": 1, "excluded_lines": 0, "percent_statements_covered": 66.66666666666667, "percent_statements_covered_display": "67", "num_branches": 2, "num_partial_branches": 1, "covered_branches": 1, "missing_branches": 1, "percent_branches_covered": 50.0, "percent_branches_covered_display": "50"}, "missing_lines": [37], "excluded_lines": [], "start_line": 26, "executed_branches": [[36, 38]], "missing_branches": [[36, 37]]}, "ChatResponse": {"executed_lines": [], "summary": {"covered_lines": 0, "num_statements": 0, "percent_covered": 100.0, "percent_covered_display": "100", "missing_lines": 0, "excluded_lines": 0, "percent_statements_covered": 100.0, "percent_statements_covered_display": "100", "num_branches": 0, "num_partial_branches": 0, "covered_branches": 0, "missing_branches": 0, "percent_branches_covered": 100.0, "percent_branches_covered_display": "100"}, "missing_lines": [], "excluded_lines": [], "start_line": 41, "executed_branches": [], "missing_branches": []}, "VoiceMessage": {"executed_lines": [], "summary": {"covered_lines": 0, "num_statements": 0, "percent_covered": 100.0, "percent_covered_display": "100", "missing_lines": 0, "excluded_lines": 0, "percent_statements_covered": 100.0, "percent_statements_covered_display": "100", "num_branches": 0, "num_partial_branches": 0, "covered_branches": 0, "missing_branches": 0, "percent_branches_covered": 100.0, "percent_branches_covered_display": "100"}, "missing_lines": [], "excluded_lines": [], "start_line": 54, "executed_branches": [], "missing_branches": []}, "LanguageDetectionResponse": {"executed_lines": [], "summary": {"covered_lines": 0, "num_statements": 0, "percent_covered": 100.0, "percent_covered_display": "100", "missing_lines": 0, "excluded_lines": 0, "percent_statements_covered": 100.0, "percent_statements_covered_display": "100", "num_branches": 0, "num_partial_branches": 0, "covered_branches": 0, "missing_branches": 0, "percent_branches_covered": 100.0, "percent_branches_covered_display": "100"}, "missing_lines": [], "excluded_lines": [], "start_line": 59, "executed_branches": [], "missing_branches": []}, "LanguageDetectionRequest": {"executed_lines": [], "summary": {"covered_lines": 0, "num_statements": 0, "percent_covered": 100.0, "percent_covered_display": "100", "missing_lines": 0, "excluded_lines": 0, "percent_statements_covered": 100.0, "percent_statements_covered_display": "100", "num_branches": 0, "num_partial_branches": 0, "covered_branches": 0, "missing_branches": 0, "percent_branches_covered": 100.0, "percent_branches_covered_display": "100"}, "missing_lines": [], "excluded_lines": [], "start_line": 65, "executed_branches": [], "missing_branches": []}, "ChatFeedbackRequest": {"executed_lines": [], "summary": {"covered_lines": 0, "num_statements": 0, "percent_covered": 100.0, "percent_covered_display": "100", "missing_lines": 0, "excluded_lines": 0, "percent_statements_covered": 100.0, "percent_statements_covered_display": "100", "num_branches": 0, "num_partial_branches": 0, "covered_branches": 0, "missing_branches": 0, "percent_branches_covered": 100.0, "percent_branches_covered_display": "100"}, "missing_lines": [], "excluded_lines": [], "start_line": 443, "executed_branches": [], "missing_branches": []}, "ConversationContextUpdate": {"executed_lines": [], "summary": {"covered_lines": 0, "num_statements": 0, "percent_covered": 100.0, "percent_covered_display": "100", "missing_lines": 0, "excluded_lines": 0, "percent_statements_covered": 100.0, "percent_statements_covered_display": "100", "num_branches": 0, "num_partial_branches": 0, "covered_branches": 0, "missing_branches": 0, "percent_branches_covered": 100.0, "percent_branches_covered_display": "100"}, "missing_lines": [], "excluded_lines": [], "start_line": 495, "executed_branches": [], "missing_branches": []}, "": {"executed_lines": [5, 6, 7, 8, 9, 10, 12, 13, 17, 18, 19, 20, 21, 23, 26, 27, 28, 29, 30, 32, 33, 34, 41, 42, 43, 44, 45, 46, 47, 48, 49, 50, 51, 54, 55, 56, 59, 60, 61, 62, 65, 66, 67, 70, 71, 76, 77, 78, 79, 82, 85, 86, 90, 97, 105, 115, 123, 126, 127, 131, 132, 134, 135, 138, 149, 152, 154, 172, 173, 212, 213, 215, 216, 219, 220, 226, 228, 229, 231, 244, 245, 251, 252, 253, 259, 268, 269, 295, 296, 322, 323, 341, 342, 344, 346, 356, 365, 373, 374, 386, 387, 400, 401, 412, 415, 416, 424, 425, 426, 428, 434, 443, 445, 446, 447, 448, 449, 452, 453, 462, 463, 465, 481, 483, 495, 497, 498, 501, 502, 546, 547, 608, 609], "summary": {"covered_lines": 133, "num_statements": 217, "percent_covered": 57.80590717299578, "percent_covered_display": "58", "missing_lines": 84, "excluded_lines": 0, "percent_statements_covered": 61.29032258064516, "percent_statements_covered_display": "61", "num_branches": 20, "num_partial_branches": 4, "covered_branches": 4, "missing_branches": 16, "percent_branches_covered": 20.0, "percent_branches_covered_display": "20"}, "missing_lines": [87, 128, 129, 165, 166, 180, 181, 184, 187, 189, 190, 196, 203, 205, 206, 221, 237, 238, 261, 262, 274, 275, 276, 278, 279, 284, 286, 287, 288, 289, 301, 302, 303, 305, 306, 311, 313, 314, 315, 316, 328, 329, 330, 332, 334, 335, 383, 396, 397, 429, 436, 437, 488, 489, 512, 513, 515, 522, 523, 524, 527, 528, 530, 532, 534, 539, 540, 561, 562, 565, 568, 569, 575, 576, 579, 582, 589, 592, 597, 599, 600, 601, 602, 622], "excluded_lines": [], "start_line": 1, "executed_branches": [[86, 90], [127, 131], [220, 226], [428, 434]], "missing_branches": [[86, 87], [127, 128], [189, 190], [189, 196], [220, 221], [278, 279], [278, 284], [305, 306], [305, 311], [428, 429], [522, 523], [522, 527], [527, 528], [527, 530], [568, 569], [568, 575]]}}}, "backend\\app\\api\\v1\\currency.py": {"executed_lines": [5, 6, 7, 8, 10, 11, 12, 14, 17, 18, 19, 20, 23, 24, 25, 26, 27, 28, 29, 32, 33, 34, 35, 36, 39, 40, 41, 42, 45, 46, 51, 52, 55, 61, 68, 70, 77, 78, 80, 92, 94, 112, 113, 118, 119, 121, 127, 129, 135, 150, 151, 155, 156, 157, 159, 165, 180, 181, 185, 186, 187, 189, 206, 207, 212, 213, 214, 216, 222, 238, 239, 244, 245, 246, 248, 257, 258, 262, 263, 264, 268, 269, 275, 276, 295, 296], "summary": {"covered_lines": 86, "num_statements": 131, "percent_covered": 63.08724832214765, "percent_covered_display": "63", "missing_lines": 45, "excluded_lines": 0, "percent_statements_covered": 65.64885496183206, "percent_statements_covered_display": "66", "num_branches": 18, "num_partial_branches": 8, "covered_branches": 8, "missing_branches": 10, "percent_branches_covered": 44.44444444444444, "percent_branches_covered_display": "44"}, "missing_lines": [56, 62, 71, 82, 83, 84, 85, 87, 103, 104, 105, 106, 122, 130, 141, 142, 143, 144, 160, 171, 172, 173, 174, 199, 200, 217, 229, 230, 231, 232, 250, 251, 266, 282, 283, 284, 286, 288, 289, 301, 302, 303, 305, 307, 308], "excluded_lines": [], "executed_branches": [[55, 61], [61, 68], [70, 77], [80, 92], [121, 127], [129, 135], [159, 165], [216, 222]], "missing_branches": [[55, 56], [61, 62], [70, 71], [80, 82], [84, 85], [84, 87], [121, 122], [129, 130], [159, 160], [216, 217]], "functions": {"conver
[...]
 "missing_branches": [[78, 79], [95, 96], [108, 109], [108, 111], [111, 112], [111, 116], [121, 122], [124, 129], [134, 135], [134, 137]], "functions": {"UserService.create_user": {"executed_lines": [16, 27, 28], "summary": {"covered_lines": 3, "num_statements": 3, "percent_covered": 100.0, "percent_covered_display": "100", "missing_lines": 0, "excluded_lines": 0, "percent_statements_covered": 100.0, "percent_statements_covered_display": "100", "num_branches": 0, "num_partial_branches": 0, "covered_branches": 0, "missing_branches": 0, "percent_branches_covered": 100.0, "percent_branches_covered_display": "100"}, "missing_lines": [], "excluded_lines": [], "start_line": 14, "executed_branches": [], "missing_branches": []}, "UserService.get_user_by_id": {"executed_lines": [32, 33], "summary": {"covered_lines": 2, "num_statements": 4, "percent_covered": 50.0, "percent_covered_display": "50", "missing_lines": 2, "excluded_lines": 0, "percent_statements_covered": 50.0, "percent_statements_covered_display": "50", "num_branches": 0, "num_partial_branches": 0, "covered_branches": 0, "missing_branches": 0, "percent_branches_covered": 100.0, "percent_branches_covered_display": "100"}, "missing_lines": [34, 35], "excluded_lines": [], "start_line": 30, "executed_branches": [], "missing_branches": []}, "UserService.get_user_by_email": {"executed_lines": [39], "summary": {"covered_lines": 1, "num_statements": 1, "percent_covered": 100.0, "percent_covered_display": "100", "missing_lines": 0, "excluded_lines": 0, "percent_statements_covered": 100.0, "percent_statements_covered_display": "100", "num_branches": 0, "num_partial_branches": 0, "covered_branches": 0, "missing_branches": 0, "percent_branches_covered": 100.0, "percent_branches_covered_display": "100"}, "missing_lines": [], "excluded_lines": [], "start_line": 37, "executed_branches": [], "missing_branches": []}, "UserService.get_user_by_username": {"executed_lines": [43], "summary": {"covered_lines": 1, "num_statements": 1, "percent_covered": 100.0, "percent_covered_display": "100", "missing_lines": 0, "excluded_lines": 0, "percent_statements_covered": 100.0, "percent_statements_covered_display": "100", "num_branches": 0, "num_partial_branches": 0, "covered_branches": 0, "missing_branches": 0, "percent_branches_covered": 100.0, "percent_branches_covered_display": "100"}, "missing_lines": [], "excluded_lines": [], "start_line": 41, "executed_branches": [], "missing_branches": []}, "UserService.update_user": {"executed_lines": [47, 48, 49, 51, 52, 53, 55, 56, 57], "summary": {"covered_lines": 9, "num_statements": 9, "percent_covered": 100.0, "percent_covered_display": "100", "missing_lines": 0, "excluded_lines": 0, "percent_statements_covered": 100.0, "percent_statements_covered_display": "100", "num_branches": 4, "num_partial_branches": 0, "covered_branches": 4, "missing_branches": 0, "percent_branches_covered": 100.0, "percent_branches_covered_display": "100"}, "missing_lines": [], "excluded_lines": [], "start_line": 45, "executed_branches": [[48, 49], [48, 51], [52, 53], [52, 55]], "missing_branches": []}, "UserService.delete_user": {"executed_lines": [61, 62, 63, 65, 66, 67, 68], "summary": {"covered_lines": 7, "num_statements": 7, "percent_covered": 100.0, "percent_covered_display": "100", "missing_lines": 0, "excluded_lines": 0, "percent_statements_covered": 100.0, "percent_statements_covered_display": "100", "num_branches": 2, "num_partial_branches": 0, "covered_branches": 2, "missing_branches": 0, "percent_branches_covered": 100.0, "percent_branches_covered_display": "100"}, "missing_lines": [], "excluded_lines": [], "start_line": 59, "executed_branches": [[62, 63], [62, 65]], "missing_branches": []}, "UserService.get_users": {"executed_lines": [], "summary": {"covered_lines": 0, "num_statements": 1, "percent_covered": 0.0, "percent_covered_display": "0", "missing_lines": 1, "excluded_lines": 0, "percent_statements_covered": 0.0, "percent_statements_covered_display": "0", "num_branches": 0, "num_partial_branches": 0, "covered_branches": 0, "missing_branches": 0, "percent_branches_covered": 100.0, "percent_branches_covered_display": "100"}, "missing_lines": [72], "excluded_lines": [], "start_line": 70, "executed_branches": [], "missing_branches": []}, "UserService.update_user_stats": {"executed_lines": [77, 78, 81, 82, 84, 85, 87, 88, 89, 90], "summary": {"covered_lines": 10, "num_statements": 11, "percent_covered": 88.23529411764706, "percent_covered_display": "88", "missing_lines": 1, "excluded_lines": 0, "percent_statements_covered": 90.9090909090909, "percent_statements_covered_display": "91", "num_branches": 6, "num_partial_branches": 1, "covered_branches": 5, "missing_branches": 1, "percent_branches_covered": 83.33333333333333, "percent_branches_covered_display": "83"}, "missing_lines": [79], "excluded_lines": [], "start_line": 74, "executed_branches": [[78, 81], [81, 82], [81, 84], [84, 85], [84, 87]], "missing_branches": [[78, 79]]}, "UserService.add_favorite_attraction": {"executed_lines": [94, 95, 98, 99, 100, 101, 103], "summary": {"covered_lines": 7, "num_statements": 8, "percent_covered": 83.33333333333333, "percent_covered_display": "83", "missing_lines": 1, "excluded_lines": 0, "percent_statements_covered": 87.5, "percent_statements_covered_display": "88", "num_branches": 4, "num_partial_branches": 1, "covered_branches": 3, "missing_branches": 1, "percent_branches_covered": 75.0, "percent_branches_covered_display": "75"}, "missing_lines": [96], "excluded_lines": [], "start_line": 92, "executed_branches": [[95, 98], [98, 99], [98, 103]], "missing_branches": [[95, 96]]}, "UserService.remove_favorite_attraction": {"executed_lines": [], "summary": {"covered_lines": 0, "num_statements": 8, "percent_covered": 0.0, "percent_covered_display": "0", "missing_lines": 8, "excluded_lines": 0, "percent_statements_covered": 0.0, "percent_statements_covered_display": "0", "num_branches": 4, "num_partial_branches": 0, "covered_branches": 0, "missing_branches": 4, "percent_branches_covered": 0.0, "percent_branches_covered_display": "0"}, "missing_lines": [107, 108, 109, 111, 112, 113, 114, 116], "excluded_lines": [], "start_line": 105, "executed_branches": [], "missing_branches": [[108, 109], [108, 111], [111, 112], [111, 116]]}, "UserService.add_visited_place": {"executed_lines": [120, 121, 124, 125, 126, 127, 129], "summary": {"covered_lines": 7, "num_statements": 8, "percent_covered": 75.0, "percent_covered_display": "75", "missing_lines": 1, "excluded_lines": 0, "percent_statements_covered": 87.5, "percent_statements_covered_display": "88", "num_branches": 4, "num_partial_branches": 2, "covered_branches": 2, "missing_branches": 2, "percent_branches_covered": 50.0, "percent_branches_covered_display": "50"}, "missing_lines": [122], "excluded_lines": [], "start_line": 118, "executed_branches": [[121, 124], [124, 125]], "missing_branches": [[121, 122], [124, 129]]}, "UserService.verify_user": {"executed_lines": [], "summary": {"covered_lines": 0, "num_statements": 7, "percent_covered": 0.0, "percent_covered_display": "0", "missing_lines": 7, "excluded_lines": 0, "percent_statements_covered": 0.0, "percent_statements_covered_display": "0", "num_branches": 2, "num_partial_branches": 0, "covered_branches": 0, "missing_branches": 2, "percent_branches_covered": 0.0, "percent_branches_covered_display": "0"}, "missing_lines": [133, 134, 135, 137, 138, 139, 140], "excluded_lines": [], "start_line": 131, "executed_branches": [], "missing_branches": [[134, 135], [134, 137]]}, "": {"executed_lines": [5, 6, 8, 11, 14, 30, 37, 41, 45, 59, 70, 74, 92, 105, 118, 131], "summary": {"covered_lines": 16, "num_statements": 16, "percent_covered": 100.0, "percent_covered_display": "100", "missing_lines": 0, "excluded_lines": 0, "percent_statements_covered": 100.0, "percent_statements_covered_display": "100", "num_branches": 0, "num_partial_branches": 0, "covered_branches": 0, "missing_branches": 0, "percent_branches_covered": 100.0, "percent_branches_covered_display": "100"}, "missing_lines": [], "excluded_lines": [], "start_line": 1, "executed_branches": [], "missing_branches": []}}, "classes": {"UserService": {"executed_lines": [16, 27, 28, 32, 33, 39, 43, 47, 48, 49, 51, 52, 53, 55, 56, 57, 61, 62, 63, 65, 66, 67, 68, 77, 78, 81, 82, 84, 85, 87, 88, 89, 90, 94, 95, 98, 99, 100, 101, 103, 120, 121, 124, 125, 126, 127, 129], "summary": {"covered_lines": 47, "num_statements": 68, "percent_covered": 67.02127659574468, "percent_covered_display": "67", "missing_lines": 21, "excluded_lines": 0, "percent_statements_covered": 69.11764705882354, "percent_statements_covered_display": "69", "num_branches": 26, "num_partial_branches": 4, "covered_branches": 16, "missing_branches": 10, "percent_branches_covered": 61.53846153846154, "percent_branches_covered_display": "62"}, "missing_lines": [34, 35, 72, 79, 96, 107, 108, 109, 111, 112, 113, 114, 116, 122, 133, 134, 135, 137, 138, 139, 140], "excluded_lines": [], "start_line": 11, "executed_branches": [[48, 49], [48, 51], [52, 53], [52, 55], [62, 63], [62, 65], [78, 81], [81, 82], [81, 84], [84, 85], [84, 87], [95, 98], [98, 99], [98, 103], [121, 124], [124, 125]], "missing_branches": [[78, 79], [95, 96], [108, 109], [108, 111], [111, 112], [111, 116], [121, 122], [124, 129], [134, 135], [134, 137]]}, "": {"executed_lines": [5, 6, 8, 11, 14, 30, 37, 41, 45, 59, 70, 74, 92, 105, 118, 131], "summary": {"covered_lines": 16, "num_statements": 16, "percent_covered": 100.0, "percent_covered_display": "100", "missing_lines": 0, "excluded_lines": 0, "percent_statements_covered": 100.0, "percent_statements_covered_display": "100", "num_branches": 0, "num_partial_branches": 0, "covered_branches": 0, "missing_branches": 0, "percent_branches_covered": 100.0, "percent_branches_covered_display": "100"}, "missing_lines": [], "excluded_lines": [], "start_line": 1, "executed_branches": [], "missing_branches": []}}}, "backend\\app\\services\\weather_service.py": {"executed_lines": [6, 7, 8, 9, 11, 12, 13, 15, 18, 21, 23, 25, 26, 28, 29, 31, 33, 34, 53, 54, 56, 58, 71, 72, 94, 95, 97, 98, 99, 101, 102, 165, 211, 255, 257, 274], "summary": {"covered_lines": 36, "num_statements": 87, "percent_covered": 36.52173913043478, "percent_covered_display": "37", "missing_lines": 51, "excluded_lines": 0, "percent_statements_covered": 41.37931034482759, "percent_statements_covered_display": "41", "num_branches": 28, "num_partial_branches": 0, "covered_branches": 6, "missing_branches": 22, "percent_branches_covered": 21.428571428571427, "percent_branches_covered_display": "21"}, "missing_lines": [121, 122, 124, 125, 126, 137, 138, 139, 141, 142, 157, 159, 160, 161, 162, 163, 182, 183, 185, 186, 187, 197, 198, 199, 206, 207, 208, 209, 221, 222, 224, 231, 232, 233, 234, 235, 236, 237, 238, 239, 242, 243, 244, 245, 246, 247, 248, 249, 250, 251, 253], "excluded_lines": [], "executed_branches": [[28, 29], [28, 31], [53, 54], [53, 56], [71, 72], [71, 94]], "missing_branches": [[121, 122], [121, 124], [137, 138], [137, 159], [141, 142], [141, 157], [182, 183], [182, 185], [197, 198], [197, 206], [231, 232], [231, 235], [235, 236], [235, 238], [238, 239], [238, 242], [242, 243], [242, 246], [246, 247], [246, 249], [249, 250], [249, 253]], "functions": {"WeatherService.__init__": {"executed_lines": [25, 26, 28, 29, 31], "summary": {"covered_lines": 5, "num_statements": 5, "percent_covered": 100.0, "percent_covered_display": "100", "missing_lines": 0, "excluded_lines": 0, "percent_statements_covered": 100.0, "percent_statements_covered_display": "100", "num_branches": 2, "num_partial_branches": 0, "covered_branches": 2, "missing_branches": 0, "percent_branches_covered": 100.0, "percent_branches_covered_display": "100"}, "missing_lines": [], "excluded_lines": [], "start_line": 23, "executed_branches": [[28, 29], [28, 31]], "missing_branches": []}, "WeatherService.get_current_weather": {"executed_lines": [53, 54, 56, 58, 71, 72, 94, 95, 97, 98, 99], "summary": {"covered_lines": 11, "num_statements": 11, "percent_covered": 100.0, "percent_covered_display": "100", "missing_lines": 0, "excluded_lines": 0, "percent_statements_covered": 100.0, "percent_statements_covered_display": "100", "num_branches": 4, "num_partial_branches": 0, "covered_branches": 4, "missing_branches": 0, "percent_branches_covered": 100.0, "percent_branches_covered_display": "100"}, "missing_lines": [], "excluded_lines": [], "start_line": 34, "executed_branches": [[53, 54], [53, 56], [71, 72], [71, 94]], "missing_branches": []}, "WeatherService.get_forecast": {"executed_lines": [], "summary": {"covered_lines": 0, "num_statements": 16, "percent_covered": 0.0, "percent_covered_display": "0", "missing_lines": 16, "excluded_lines": 0, "percent_statements_covered": 0.0, "percent_statements_covered_display": "0", "num_branches": 6, "num_partial_branches": 0, "covered_branches": 0, "missing_branches": 6, "percent_branches_covered": 0.0, "percent_branches_covered_display": "0"}, "missing_lines": [121, 122, 124, 125, 126, 137, 138, 139, 141, 142, 157, 159, 160, 161, 162, 163], "excluded_lines": [], "start_line": 102, "executed_branches": [], "missing_branches": [[121, 122], [121, 124], [137, 138], [137, 159], [141, 142], [141, 157]]}, "WeatherService.get_weather_by_coordinates": {"executed_lines": [], "summary": {"covered_lines": 0, "num_statements": 12, "percent_covered": 0.0, "percent_covered_display": "0", "missing_lines": 12, "excluded_lines": 0, "percent_statements_covered": 0.0, "percent_statements_covered_display": "0", "num_branches": 4, "num_partial_branches": 0, "covered_branches": 0, "missing_branches": 4, "percent_branches_covered": 0.0, "percent_branches_covered_display": "0"}, "missing_lines": [182, 183, 185, 186, 187, 197, 198, 199, 206, 207, 208, 209], "excluded_lines": [], "start_line": 165, "executed_branches": [], "missing_branches": [[182, 183], [182, 185], [197, 198], [197, 206]]}, "WeatherService.get_weather_recommendation": {"executed_lines": [], "summary": {"covered_lines": 0, "num_statements": 23, "percent_covered": 0.0, "percent_covered_display": "0", "missing_lines": 23, "excluded_lines": 0, "percent_statements_covered": 0.0, "percent_statements_covered_display": "0", "num_branches": 12, "num_partial_branches": 0, "covered_branches": 0, "missing_branches": 12, "percent_branches_covered": 0.0, "percent_branches_covered_display": "0"}, "missing_lines": [221, 222, 224, 231, 232, 233, 234, 235, 236, 237, 238, 239, 242, 243, 244, 245, 246, 247, 248, 249, 250, 251, 253], "excluded_lines": [], "start_line": 211, "executed_branches": [], "missing_branches": [[231, 232], [231, 235], [235, 236], [235, 238], [238, 239], [238, 242], [242, 243], [242, 246], [246, 247], [246, 249], [249, 250], [249, 253]]}, "WeatherService._get_mock_weather": {"executed_lines": [257], "summary": {"covered_lines": 1, "num_statements": 1, "percent_covered": 100.0, "percent_covered_display": "100", "missing_lines": 0, "excluded_lines": 0, "percent_statements_covered": 100.0, "percent_statements_covered_display": "100", "num_branches": 0, "num_partial_branches": 0, "covered_branches": 0, "missing_branches": 0, "percent_branches_covered": 100.0, "percent_branches_covered_display": "100"}, "missing_lines": [], "excluded_lines": [], "start_line": 255, "executed_branches": [], "missing_branches": []}, "": {"executed_lines": [6, 7, 8, 9, 11, 12, 13, 15, 18, 21, 23, 33, 34, 101, 102, 165, 211, 255, 274], "summary": {"covered_lines": 19, "num_statements": 19, "percent_covered": 100.0, "percent_covered_display": "100", "missing_lines": 0, "excluded_lines": 0, "percent_statements_covered": 100.0, "percent_statements_covered_display": "100", "num_branches": 0, "num_partial_branches": 0, "covered_branches": 0, "missing_branches": 0, "percent_branches_covered": 100.0, "percent_branches_covered_display": "100"}, "missing_lines": [], "excluded_lines": [], "start_line": 1, "executed_branches": [], "missing_branches": []}}, "classes": {"WeatherService": {"executed_lines": [25, 26, 28, 29, 31, 53, 54, 56, 58, 71, 72, 94, 95, 97, 98, 99, 257], "summary": {"covered_lines": 17, "num_statements": 68, "percent_covered": 23.958333333333332, "percent_covered_display": "24", "missing_lines": 51, "excluded_lines": 0, "percent_statements_covered": 25.0, "percent_statements_covered_display": "25", "num_branches": 28, "num_partial_branches": 0, "covered_branches": 6, "missing_branches": 22, "percent_branches_covered": 21.428571428571427, "percent_branches_covered_display": "21"}, "missing_lines": [121, 122, 124, 125, 126, 137, 138, 139, 141, 142, 157, 159, 160, 161, 162, 163, 182, 183, 185, 186, 187, 197, 198, 199, 206, 207, 208, 209, 221, 222, 224, 231, 232, 233, 234, 235, 236, 237, 238, 239, 242, 243, 244, 245, 246, 247, 248, 249, 250, 251, 253], "excluded_lines": [], "start_line": 18, "executed_branches": [[28, 29], [28, 31], [53, 54], [53, 56], [71, 72], [71, 94]], "missing_branches": [[121, 122], [121, 124], [137, 138], [137, 159], [141, 142], [141, 157], [182, 183], [182, 185], [197, 198], [197, 206], [231, 232], [231, 235], [235, 236], [235, 238], [238, 239], [238, 242], [242, 243], [242, 246], [246, 247], [246, 249], [249, 250], [249, 253]]}, "": {"executed_lines": [6, 7, 8, 9, 11, 12, 13, 15, 18, 21, 23, 33, 34, 101, 102, 165, 211, 255, 274], "summary": {"covered_lines": 19, "num_statements": 19, "percent_covered": 100.0, "percent_covered_display": "100", "missing_lines": 0, "excluded_lines": 0, "percent_statements_covered": 100.0, "percent_statements_covered_display": "100", "num_branches": 0, "num_partial_branches": 0, "covered_branches": 0, "missing_branches": 0, "percent_branches_covered": 100.0, "percent_branches_covered_display": "100"}, "missing_lines": [], "excluded_lines": [], "start_line": 1, "executed_branches": [], "missing_branches": []}}}, "backend\\app\\tasks\\__init__.py": {"executed_lines": [5, 6, 7], "summary": {"covered_lines": 3, "num_statements": 3, "percent_covered": 100.0, "percent_covered_display": "100", "missing_lines": 0, "excluded_lines": 0, "percent_statements_covered": 100.0, "percent_statements_covered_display": "100", "num_branches": 0, "num_partial_branches": 0, "covered_branches": 0, "missing_branches": 0, "percent_branches_covered": 100.0, "percent_branches_covered_display": "100"}, "missing_lines": [], "excluded_lines": [], "executed_branches": [], "missing_branches": [], "functions": {"": {"executed_lines": [5, 6, 7], "summary": {"covered_lines": 3, "num_statements": 3, "percent_covered": 100.0, "percent_covered_display": "100", "missing_lines": 0, "excluded_lines": 0, "percent_statements_covered": 100.0, "percent_statements_covered_display": "100", "num_branches": 0, "num_partial_branches": 0, "covered_branches": 0, "missing_branches": 0, "percent_branches_covered": 100.0, "percent_branches_covered_display": "100"}, "missing_lines": [], "excluded_lines": [], "start_line": 1, "executed_branches": [], "missing_branches": []}}, "classes": {"": {"executed_lines": [5, 6, 7], "summary": {"covered_lines": 3, "num_statements": 3, "percent_covered": 100.0, "percent_covered_display": "100", "missing_lines": 0, "excluded_lines": 0, "percent_statements_covered": 100.0, "percent_statements_covered_display": "100", "num_branches": 0, "num_partial_branches": 0, "covered_branches": 0, "missing_branches": 0, "percent_branches_covered": 100.0, "percent_branches_covered_display": "100"}, "missing_lines": [], "excluded_lines": [], "start_line": 1, "executed_branches": [], "missing_branches": []}}}}, "totals": {"covered_lines": 6889, "num_statements": 10111, "percent_covered": 62.2207346665551, "percent_covered_display": "62", "missing_lines": 3222, "excluded_lines": 4, "percent_statements_covered": 68.13371575511819, "percent_statements_covered_display": "68", "num_branches": 1840, "num_partial_branches": 283, "covered_branches": 547, "missing_branches": 1293, "percent_branches_covered": 29.72826086956522, "percent_branches_covered_display": "30"}}