{"meta": {"format": 3, "version": "7.13.1", "timestamp": "2026-01-04T14:41:19.142710", "branch_coverage": false, "show_contexts": false}, "files": {"app\\__init__.py": {"executed_lines": [], "summary": {"covered_lines": 0, "num_statements": 0, "percent_covered": 100.0, "percent_covered_display": "100", "missing_lines": 0, "excluded_lines": 0, "percent_statements_covered": 100.0, "percent_statements_covered_display": "100"}, "missing_lines": [], "excluded_lines": [], "functions": {"": {"executed_lines": [], "summary": {"covered_lines": 0, "num_statements": 0, "percent_covered": 100.0, "percent_covered_display": "100", "missing_lines": 0, "excluded_lines": 0, "percent_statements_covered": 100.0, "percent_statements_covered_display": "100"}, "missing_lines": [], "excluded_lines": [], "start_line": 1}}, "classes": {"": {"executed_lines": [], "summary": {"covered_lines": 0, "num_statements": 0, "percent_covered": 100.0, "percent_covered_display": "100", "missing_lines": 0, "excluded_lines": 0, "percent_statements_covered": 100.0, "percent_statements_covered_display": "100"}, "missing_lines": [], "excluded_lines": [], "start_line": 1}}}, "app\\__main__.py": {"executed_lines": [], "summary": {"covered_lines": 0, "num_statements": 9, "percent_covered": 0.0, "percent_covered_display": "0", "missing_lines": 9, "excluded_lines": 0, "percent_statements_covered": 0.0, "percent_statements_covered_display": "0"}, "missing_lines": [6, 7, 8, 11, 13, 14, 17, 19, 20], "excluded_lines": [], "functions": {"": {"executed_lines": [], "summary": {"covered_lines": 0, "num_statements": 9, "percent_covered": 0.0, "percent_covered_display": "0", "missing_lines": 9, "excluded_lines": 0, "percent_statements_covered": 0.0, "percent_statements_covered_display": "0"}, "missing_lines": [6, 7, 8, 11, 13, 14, 17, 19, 20], "excluded_lines": [], "start_line": 1}}, "classes": {"": {"executed_lines": [], "summary": {"covered_lines": 0, "num_statements": 9, "percent_covered": 0.0, "percent_covered_display": "0", "missing_lines": 9, "excluded_lines": 0, "percent_statements_covered": 0.0, "percent_statements_covered_display": "0"}, "missing_lines": [6, 7, 8, 11, 13, 14, 17, 19, 20], "excluded_lines": [], "start_line": 1}}}, "app\\api\\__init__.py": {"executed_lines": [], "summary": {"covered_lines": 0, "num_statements": 0, "percent_covered": 100.0, "percent_covered_display": "100", "missing_lines": 0, "excluded_lines": 0, "percent_statements_covered": 100.0, "percent_statements_covered_display": "100"}, "missing_lines": [], "excluded_lines": [], "functions": {"": {"executed_lines": [], "summary": {"covered_lines": 0, "num_statements": 0, "percent_covered": 100.0, "percent_covered_display": "100", "missing_lines": 0, "excluded_lines": 0, "percent_statements_covered": 100.0, "percent_statements_covered_display": "100"}, "missing_lines": [], "excluded_lines": [], "start_line": 1}}, "classes": {"": {"executed_lines": [], "summary": {"covered_lines": 0, "num_statements": 0, "percent_covered": 100.0, "percent_covered_display": "100", "missing_lines": 0, "excluded_lines": 0, "percent_statements_covered": 100.0, "percent_statements_covered_display": "100"}, "missing_lines": [], "excluded_lines": [], "start_line": 1}}}, "app\\api\\v1\\__init__.py": {"executed_lines": [5, 7, 32, 35, 36, 37, 38, 39, 40, 41, 42, 43, 44, 45, 46, 47, 48, 49, 50, 51, 52, 53, 54, 55, 56], "summary": {"covered_lines": 25, "num_statements": 25, "percent_covered": 100.0, "percent_covered_display": "100", "missing_lines": 0, "excluded_lines": 0, "percent_statements_covered": 100.0, "percent_statements_covered_display": "100"}, "missing_lines": [], "excluded_lines": [], "functions": {"": {"executed_lines": [5, 7, 32, 35, 36, 37, 38, 39, 40, 41, 42, 43, 44, 45, 46, 47, 48, 49, 50, 51, 52, 53, 54, 55, 56], "summary": {"covered_lines": 25, "num_statements": 25, "percent_covered": 100.0, "percent_covered_display": "100", "missing_lines": 0, "excluded_lines": 0, "percent_statements_covered": 100.0, "percent_statements_covered_display": "100"}, "missing_lines": [], "excluded_lines": [], "start_line": 1}}, "classes": {"": {"executed_lines": [5, 7, 32, 35, 36, 37, 38, 39, 40, 41, 42, 43, 44, 45, 46, 47, 48, 49, 50, 51, 52, 53, 54, 55, 56], "summary": {"covered_lines": 25, "num_statements": 25, "percent_covered": 100.0, "percent_covered_display": "100", "missing_lines": 0, "excluded_lines": 0, "percent_statements_covered": 100.0, "percent_statements_covered_display": "100"}, "missing_lines": [], "excluded_lines": [], "start_line": 1}}}, "app\\api\\v1\\admin.py": {"executed_lines": [5, 6, 7, 8, 10, 11, 12, 13, 15, 18, 20, 25, 28, 29, 31, 33, 34, 38, 39, 41, 42, 43, 44, 46, 47, 48, 49, 51, 68, 69, 76, 78, 81, 82, 89, 94, 95, 128, 129, 151, 152, 158, 159, 160, 163, 164, 169, 172, 176, 193, 194, 226, 227, 228, 229, 230, 233, 234, 271, 272, 274, 275, 276, 278, 285, 286, 287, 293, 294, 295, 296, 297, 303, 304, 305, 306, 311, 316, 317, 318, 322, 323, 326, 327, 346, 347, 366, 367, 381, 382, 412, 413, 423, 424, 438, 439], "summary": {"covered_lines": 96, "num_statements": 206, "percent_covered": 46.601941747572816, "percent_covered_display": "47", "missing_lines": 110, "excluded_lines": 0, "percent_statements_covered": 46.601941747572816, "percent_statements_covered_display": "47"}, "missing_lines": [21, 91, 101, 102, 103, 104, 107, 108, 109, 110, 111, 112, 113, 114, 115, 116, 118, 119, 121, 122, 123, 124, 125, 134, 135, 136, 137, 140, 141, 143, 144, 145, 146, 147, 148, 189, 190, 200, 201, 203, 204, 205, 207, 208, 209, 211, 212, 213, 214, 215, 216, 217, 219, 221, 222, 223, 239, 240, 242, 243, 244, 245, 247, 248, 249, 250, 251, 253, 255, 256, 258, 264, 265, 266, 267, 268, 288, 289, 290, 298, 299, 300, 312, 313, 334, 335, 336, 338, 353, 354, 355, 356, 357, 359, 360, 361, 373, 375, 391, 393, 395, 396, 401, 415, 417, 426, 428, 430, 441, 443], "excluded_lines": [], "functions": {"get_admin_user": {"executed_lines": [20, 25], "summary": {"covered_lines": 2, "num_statements": 3, "percent_covered": 66.66666666666667, "percent_covered_display": "67", "missing_lines": 1, "excluded_lines": 0, "percent_statements_covered": 66.66666666666667, "percent_statements_covered_display": "67"}, "missing_lines": [21], "excluded_lines": [], "start_line": 18}, "get_admin_overview": {"executed_lines": [31], "summary": {"covered_lines": 1, "num_statements": 1, "percent_covered": 100.0, "percent_covered_display": "100", "missing_lines": 0, "excluded_lines": 0, "percent_statements_covered": 100.0, "percent_statements_covered_display": "100"}, "missing_lines": [], "excluded_lines": [], "start_line": 29}, "get_admin_dashboard": {"executed_lines": [38, 39, 41, 42, 43, 44, 46, 47, 48, 49, 51], "summary": {"covered_lines": 11, "num_statements": 11, "percent_covered": 100.0, "percent_covered_display": "100", "missing_lines": 0, "excluded_lines": 0, "percent_statements_covered": 100.0, "percent_statements_covered_display": "100"}, "missing_lines": [], "excluded_lines": [], "start_line": 34}, "get_all_feedback": {"executed_lines": [76, 78], "summary": {"covered_lines": 2, "num_statements": 2, "percent_covered": 100.0, "percent_covered_display": "100", "missing_lines": 0, "excluded_lines": 0, "percent_statements_covered": 100.0, "percent_statements_covered_display": "100"}, "missing_lines": [], "excluded_lines": [], "start_line": 69}, "get_all_users": {"executed_lines": [89], "summary": {"covered_lines": 1, "num_statements": 2, "percent_covered": 50.0, "percent_covered_display": "50", "missing_lines": 1, "excluded_lines": 0, "percent_statements_covered": 50.0, "percent_statements_covered_display": "50"}, "missing_lines": [91], "excluded_lines": [], "start_line": 82}, "update_user": {"executed_lines": [], "summary": {"covered_lines": 0, "num_statements": 21, "percent_covered": 0.0, "percent_covered_display": "0", "missing_lines": 21, "excluded_lines": 0, "percent_statements_covered": 0.0, "percent_statements_covered_display": "0"}, "missing_lines": [101, 102, 103, 104, 107, 108, 109, 110, 111, 112, 113, 114, 115, 116, 118, 119, 121, 122, 123, 124, 125], "excluded_lines": [], "start_line": 95}, "delete_user": {"executed_lines": [], "summary": {"covered_lines": 0, "num_statements": 12, "percent_covered": 0.0, "percent_covered_display": "0", "missing_lines": 12, "excluded_lines": 0, "percent_statements_covered": 0.0, "percent_statements_covered_display": "0"}, "missing_lines": [134, 135, 136, 137, 140, 141, 143, 144, 145, 146, 147, 148], "excluded_lines": [], "start_line": 129}, "get_analytics": {"executed_lines": [158, 159, 160, 163, 164, 169, 172, 176], "summary": {"covered_lines": 8, "num_statements": 10, "percent_covered": 80.0, "percent_covered_display": "80", "missing_lines": 2, "excluded_lines": 0, "percent_statements_covered": 80.0, "percent_statements_covered_display": "80"}, "missing_lines": [189, 190], "excluded_lines": [], "start_line": 152}, "get_system_logs": {"executed_lines": [], "summary": {"covered_lines": 0, "num_statements": 19, "percent_covered": 0.0, "percent_covered_display": "0", "missing_lines": 19, "excluded_lines": 0, "percent_statements_covered": 0.0, "percent_statements_covered_display": "0"}, "missing_lines": [200, 201, 203, 204, 205, 207, 208, 209, 211, 212, 213, 214, 215, 216, 217, 219, 221, 222, 223], "excluded_lines": [], "start_line": 194}, "moderate_content": {"executed_lines": [], "summary": {"covered_lines": 0, "num_statements": 20, "percent_covered": 0.0, "percent_covered_display": "0", "missing_lines": 20, "excluded_lines": 0, "percent_statements_covered": 0.0, "percent_statements_covered_display": "0"}, "missing_lines": [239, 240, 242, 243, 244, 245, 247, 248, 249, 250, 251, 253, 255, 256, 258, 264, 265, 266, 267, 268], "excluded_lines": [], "start_line": 234}, "get_admin_health_check": {"executed_lines": [274, 275, 276, 278, 285, 286, 287, 293, 294, 295, 296, 297, 303, 304, 305, 306, 311], "summary": {"covered_lines": 17, "num_statements": 25, "percent_covered": 68.0, "percent_covered_display": "68", "missing_lines": 8, "excluded_lines": 0, "percent_statements_covered": 68.0, "percent_statements_covered_display": "68"}, "missing_lines": [288, 289, 290, 298, 299, 300, 312, 313], "excluded_lines": [], "start_line": 272}, "toggle_maintenance_mode": {"executed_lines": [], "summary": {"covered_lines": 0, "num_statements": 4, "percent_covered": 0.0, "percent_covered_display": "0", "missing_lines": 4, "excluded_lines": 0, "percent_statements_covered": 0.0, "percent_statements_covered_display": "0"}, "missing_lines": [334, 335, 336, 338], "excluded_lines": [], "start_line": 327}, "update_feedback_status": {"executed_lines": [], "summary": {"covered_lines": 0, "num_statements": 8, "percent_covered": 0.0, "percent_covered_display": "0", "missing_lines": 8, "excluded_lines": 0, "percent_statements_covered": 0.0, "percent_statements_covered_display": "0"}, "missing_lines": [353, 354, 355, 356, 357, 359, 360, 361], "excluded_lines": [], "start_line": 347}, "get_circuit_breaker_status": {"executed_lines": [], "summary": {"covered_lines": 0, "num_statements": 2, "percent_covered": 0.0, "percent_covered_display": "0", "missing_lines": 2, "excluded_lines": 0, "percent_statements_covered": 0.0, "percent_statements_covered_display": "0"}, "missing_lines": [373, 375], "excluded_lines": [], "start_line": 367}, "reset_circuit_breaker_endpoint": {"executed_lines": [], "summary": {"covered_lines": 0, "num_statements": 5, "percent_covered": 0.0, "percent_covered_display": "0", "missing_lines": 5, "excluded_lines": 0, "percent_statements_covered": 0.0, "percent_statements_covered_display": "0"}, "missing_lines": [391, 393, 395, 396, 401], "excluded_lines": [], "start_line": 382}, "get_websocket_stats": {"executed_lines": [], "summary": {"covered_lines": 0, "num_statements": 2, "percent_covered": 0.0, "percent_covered_display": "0", "missing_lines": 2, "excluded_lines": 0, "percent_statements_covered": 0.0, "percent_statements_covered_display": "0"}, "missing_lines": [415, 417], "excluded_lines": [], "start_line": 413}, "cleanup_websocket_connections": {"executed_lines": [], "summary": {"covered_lines": 0, "num_statements": 3, "percent_covered": 0.0, "percent_covered_display": "0", "missing_lines": 3, "excluded_lines": 0, "percent_statements_covered": 0.0, "percent_statements_covered_display": "0"}, "missing_lines": [426, 428, 430], "excluded_lines": [], "start_line": 424}, "get_api_version_info": {"executed_lines": [], "summary": {"covered_lines": 0, "num_statements": 2, "percent_covered": 0.0, "percent_covered_display": "0", "missing_lines": 2, "excluded_lines": 0, "percent_statements_covered": 0.0, "percent_statements_covered_display": "0"}, "missing_lines": [441, 443], "excluded_lines": [], "start_line": 439}, "": {"executed_lines": [5, 6, 7, 8, 10, 11, 12, 13, 15, 18, 28, 29, 33, 34, 68, 69, 81, 82, 94, 95, 128, 129, 151, 152, 193, 194, 226, 227, 228, 229, 230, 233, 234, 271, 272, 316, 317, 318, 322, 323, 326, 327, 346, 347, 366, 367, 381, 382, 412, 413, 423, 424, 438, 439], "summary": {"covered_lines": 54, "num_statements": 54, "percent_covered": 100.0, "percent_covered_display": "100", "missing_lines": 0, "excluded_lines": 0, "percent_statements_covered": 100.0, "percent_statements_covered_display": "100"}, "missing_lines": [], "excluded_lines": [], "start_line": 1}}, "classes": {"ContentModerationRequest": {"executed_lines": [], "summary": {"covered_lines": 0, "num_statements": 0, "percent_covered": 100.0, "percent_covered_display": "100", "missing_lines": 0, "excluded_lines": 0, "percent_statements_covered": 100.0, "percent_statements_covered_display": "100"}, "missing_lines": [], "excluded_lines": [], "start_line": 226}, "MaintenanceModeRequest": {"executed_lines": [], "summary": {"covered_lines": 0, "num_statements": 0, "percent_covered": 100.0, "percent_covered_display": "100", "missing_lines": 0, "excluded_lines": 0, "percent_statements_covered": 100.0, "percent_statements_covered_display": "100"}, "missing_lines": [], "excluded_lines": [], "start_line": 316}, "": {"executed_lines": [5, 6, 7, 8, 10, 11, 12, 13, 15, 18, 20, 25, 28, 29, 31, 33, 34, 38, 39, 41, 42, 43, 44, 46, 47, 48, 49, 51, 68, 69, 76, 78, 81, 82, 89, 94, 95, 128, 129, 151, 152, 158, 159, 160, 163, 164, 169, 172, 176, 193, 194, 226, 227, 228, 229, 230, 233, 234, 271, 272, 274, 275, 276, 278, 285, 286, 287, 293, 294, 295, 296, 297, 303, 304, 305, 306, 311, 316, 317, 318, 322, 323, 326, 327, 346, 347, 366, 367, 381, 382, 412, 413, 423, 424, 438, 439], "summary": {"covered_lines": 96, "num_statements": 206, "percent_covered": 46.601941747572816, "percent_covered_display": "47", "missing_lines": 110, "excluded_lines": 0, "percent_statements_covered": 46.601941747572816, "percent_statements_covered_display": "47"}, "missing_lines": [21, 91, 101, 102, 103, 104, 107, 108, 109, 110, 111, 112, 113, 114, 115, 116, 118, 119, 121, 122, 123, 124, 125, 134, 135, 136, 137, 140, 141, 143, 144, 145, 146, 147, 148, 189, 190, 200, 201, 203, 204, 205, 207, 208, 209, 211, 212, 213, 214, 215, 216, 217, 219, 221, 222, 223, 239, 240, 242, 243, 244, 245, 247, 248, 249, 250, 251, 253, 255, 256, 258, 264, 265, 266, 267, 268, 288, 289, 290, 298, 299, 300, 312, 313, 334, 335, 336, 338, 353, 354, 355, 356, 357, 359, 360, 361, 373, 375, 391, 393, 395, 396, 401, 415, 417, 426, 428, 430, 441, 443], "excluded_lines": [], "start_line": 1}}}, "app\\api\\v1\\attractions.py": {"executed_lines": [5, 6, 7, 9, 13, 14, 15, 17, 20, 21, 45, 46, 55, 57, 68, 69, 71, 80, 83, 84, 89, 91, 96, 97, 102, 104, 109, 110, 118, 120, 130, 131, 148, 149, 174, 175, 203, 204, 230, 231, 248, 250, 264], "summary": {"covered_lines": 43, "num_statements": 78, "percent_covered": 55.12820512820513, "percent_covered_display": "55", "missing_lines": 35, "excluded_lines": 0, "percent_statements_covered": 55.12820512820513, "percent_statements_covered_display": "55"}, "missing_lines": [31, 33, 42, 65, 93, 106, 127, 136, 138, 139, 140, 145, 155, 157, 158, 159, 165, 167, 183, 185, 194, 195, 200, 213, 215, 216, 217, 223, 224, 225, 227, 241, 242, 243, 245], "excluded_lines": [], "functions": {"get_attractions": {"executed_lines": [], "summary": {"covered_lines": 0, "num_statements": 3, "percent_covered": 0.0, "percent_covered_display": "0", "missing_lines": 3, "excluded_lines": 0, "percent_statements_covered": 0.0, "percent_statements_covered_display": "0"}, "missing_lines": [31, 33, 42], "excluded_lines": [], "start_line": 21}, "search_attractions": {"executed_lines": [55, 57], "summary": {"covered_lines": 2, "num_statements": 3, "percent_covered": 66.66666666666667, "percent_covered_display": "67", "missing_lines": 1, "excluded_lines": 0, "percent_statements_covered": 66.66666666666667, "percent_statements_covered_display": "67"}, "missing_lines": [65], "excluded_lines": [], "start_line": 46}, "get_attraction_categories": {"executed_lines": [71, 80], "summary": {"covered_lines": 2, "num_statements": 2, "percent_covered": 100.0, "percent_covered_display": "100", "missing_lines": 0, "excluded_lines": 0, "percent_statements_covered": 100.0, "percent_statements_covered_display": "100"}, "missing_lines": [], "excluded_lines": [], "start_line": 69}, "get_featured_attractions": {"executed_lines": [89, 91], "summary": {"covered_lines": 2, "num_statements": 3, "percent_covered": 66.66666666666667, "percent_covered_display": "67", "missing_lines": 1, "excluded_lines": 0, "percent_statements_covered": 66.66666666666667, "percent_statements_covered_display": "67"}, "missing_lines": [93], "excluded_lines": [], "start_line": 84}, "get_popular_attractions": {"executed_lines": [102, 104], "summary": {"covered_lines": 2, "num_statements": 3, "percent_covered": 66.66666666666667, "percent_covered_display": "67", "missing_lines": 1, "excluded_lines": 0, "percent_statements_covered": 66.66666666666667, "percent_statements_covered_display": "67"}, "missing_lines": [106], "excluded_lines": [], "start_line": 97}, "get_nearby_attractions": {"executed_lines": [118, 120], "summary": {"covered_lines": 2, "num_statements": 3, "percent_covered": 66.66666666666667, "percent_covered_display": "67", "missing_lines": 1, "excluded_lines": 0, "percent_statements_covered": 66.66666666666667, "percent_statements_covered_display": "67"}, "missing_lines": [127], "excluded_lines": [], "start_line": 110}, "get_attraction_by_id": {"executed_lines": [], "summary": {"covered_lines": 0, "num_statements": 5, "percent_covered": 0.0, "percent_covered_display": "0", "missing_lines": 5, "excluded_lines": 0, "percent_statements_covered": 0.0, "percent_statements_covered_display": "0"}, "missing_lines": [136, 138, 139, 140, 145], "excluded_lines": [], "start_line": 131}, "get_attraction_reviews": {"executed_lines": [], "summary": {"covered_lines": 0, "num_statements": 6, "percent_covered": 0.0, "percent_covered_display": "0", "missing_lines": 6, "excluded_lines": 0, "percent_statements_covered": 0.0, "percent_statements_covered_display": "0"}, "missing_lines": [155, 157, 158, 159, 165, 167], "excluded_lines": [], "start_line": 149}, "add_attraction_review": {"executed_lines": [], "summary": {"covered_lines": 0, "num_statements": 5, "percent_covered": 0.0, "percent_covered_display": "0", "missing_lines": 5, "excluded_lines": 0, "percent_statements_covered": 0.0, "percent_statements_covered_display": "0"}, "missing_lines": [183, 185, 194, 195, 200], "excluded_lines": [], "start_line": 175}, "add_to_favorites": {"executed_lines": [], "summary": {"covered_lines": 0, "num_statements": 8, "percent_covered": 0.0, "percent_covered_display": "0", "missing_lines": 8, "excluded_lines": 0, "percent_statements_covered": 0.0, "percent_statements_covered_display": "0"}, "missing_lines": [213, 215, 216, 217, 223, 224, 225, 227], "excluded_lines": [], "start_line": 204}, "remove_from_favorites": {"executed_lines": [], "summary": {"covered_lines": 0, "num_statements": 4, "percent_covered": 0.0, "percent_covered_display": "0", "missing_lines": 4, "excluded_lines": 0, "percent_statements_covered": 0.0, "percent_statements_covered_display": "0"}, "missing_lines": [241, 242, 243, 245], "excluded_lines": [], "start_line": 231}, "get_category_description": {"executed_lines": [250, 264], "summary": {"covered_lines": 2, "num_statements": 2, "percent_covered": 100.0, "percent_covered_display": "100", "missing_lines": 0, "excluded_lines": 0, "percent_statements_covered": 100.0, "percent_statements_covered_display": "100"}, "missing_lines": [], "excluded_lines": [], "start_line": 248}, "": {"executed_lines": [5, 6, 7, 9, 13, 14, 15, 17, 20, 21, 45, 46, 68, 69, 83, 84, 96, 97, 109, 110, 130, 131, 148, 149, 174, 175, 203, 204, 230, 231, 248], "summary": {"covered_lines": 31, "num_statements": 31, "percent_covered": 100.0, "percent_covered_display": "100", "missing_lines": 0, "excluded_lines": 0, "percent_statements_covered": 100.0, "percent_statements_covered_display": "100"}, "missing_lines": [], "excluded_lines": [], "start_line": 1}}, "classes": {"": {"executed_lines": [5, 6, 7, 9, 13, 14, 15, 17, 20, 21, 45, 46, 55, 57, 68, 69, 71, 80, 83, 84, 89, 91, 96, 97, 102, 104, 109, 110, 118, 120, 130, 131, 148, 149, 174, 175, 203, 204, 230, 231, 248, 250, 264], "summary": {"covered_lines": 43, "num_statements": 78, "percent_covered": 55.12820512820513, "percent_covered_display": "55", "missing_lines": 35, "excluded_lines": 0, "percent_statements_covered": 55.12820512820513, "percent_statements_covered_display": "55"}, "missing_lines": [31, 33, 42, 65, 93, 106, 127, 136, 138, 139, 140, 145, 155, 157, 158, 159, 165, 167, 183, 185, 194, 195, 200, 213, 215, 216, 217, 223, 224, 225, 227, 241, 242, 243, 245], "excluded_lines": [], "start_line": 1}}}, "app\\api\\v1\\auth.py": {"executed_lines": [5, 6, 7, 8, 9, 10, 12, 13, 14, 15, 16, 18, 20, 24, 25, 26, 27, 28, 29, 32, 33, 36, 37, 40, 41, 42, 47, 48, 57, 60, 61, 62, 68, 69, 77, 84, 87, 99, 102, 105, 113, 119, 120, 132, 134, 136, 144, 151, 154, 162, 168, 169, 177, 179, 185, 188, 189, 200, 201, 202, 203, 206, 214, 217, 218, 224, 227, 228, 237, 239, 240, 241, 243, 244, 246, 249, 250, 263, 270, 271, 272, 275, 283, 286, 287, 294, 295, 297, 299, 333, 334, 340, 348, 350, 353, 355, 358, 359, 452, 453, 544, 545, 592, 593, 600, 603, 604], "summary": {"covered_lines": 107, "num_statements": 239, "percent_covered": 44.76987447698745, "percent_covered_display": "45", "missing_lines": 132, "excluded_lines": 0, "percent_statements_covered": 44.76987447698745, "percent_statements_covered_display": "45"}, "missing_lines": [70, 78, 180, 264, 302, 305, 306, 308, 316, 319, 320, 321, 326, 327, 330, 370, 371, 372, 373, 374, 375, 378, 379, 380, 386, 389, 395, 396, 397, 399, 400, 401, 402, 403, 406, 407, 410, 411, 412, 413, 414, 415, 416, 417, 418, 419, 421, 430, 432, 438, 439, 440, 444, 445, 446, 464, 465, 466, 468, 469, 470, 476, 477, 482, 485, 486, 487, 488, 489, 490, 493, 494, 495, 497, 498, 500, 501, 502, 505, 506, 507, 509, 511, 517, 518, 521, 522, 523, 524, 526, 528, 529, 530, 531, 532, 536, 537, 538, 555, 556, 559, 560, 565, 566, 567, 573, 574, 575, 576, 577, 578, 581, 589, 614, 615, 617, 618, 624, 625, 631, 638, 639, 645, 646, 647, 653, 654, 655, 658, 659, 662, 670], "excluded_lines": [], "functions": {"register": {"executed_lines": [57, 60, 61, 62, 68, 69, 77, 84, 87, 99, 102, 105, 113], "summary": {"covered_lines": 13, "num_statements": 15, "percent_covered": 86.66666666666667, "percent_covered_display": "87", "missing_lines": 2, "excluded_lines": 0, "percent_statements_covered": 86.66666666666667, "percent_statements_covered_display": "87"}, "missing_lines": [70, 78], "excluded_lines": [], "start_line": 48}, "login": {"executed_lines": [132, 134, 136, 144, 151, 154, 162], "summary": {"covered_lines": 7, "num_statements": 7, "percent_covered": 100.0, "percent_covered_display": "100", "missing_lines": 0, "excluded_lines": 0, "percent_statements_covered": 100.0, "percent_statements_covered_display": "100"}, "missing_lines": [], "excluded_lines": [], "start_line": 120}, "refresh_token": {"executed_lines": [177, 179, 185], "summary": {"covered_lines": 3, "num_statements": 4, "percent_covered": 75.0, "percent_covered_display": "75", "missing_lines": 1, "excluded_lines": 0, "percent_statements_covered": 75.0, "percent_statements_covered_display": "75"}, "missing_lines": [180], "excluded_lines": [], "start_line": 169}, "logout": {"executed_lines": [200, 201, 202, 203, 206, 214], "summary": {"covered_lines": 6, "num_statements": 6, "percent_covered": 100.0, "percent_covered_display": "100", "missing_lines": 0, "excluded_lines": 0, "percent_statements_covered": 100.0, "percent_statements_covered_display": "100"}, "missing_lines": [], "excluded_lines": [], "start_line": 189}, "get_current_user_info": {"executed_lines": [224], "summary": {"covered_lines": 1, "num_statements": 1, "percent_covered": 100.0, "percent_covered_display": "100", "missing_lines": 0, "excluded_lines": 0, "percent_statements_covered": 100.0, "percent_statements_covered_display": "100"}, "missing_lines": [], "excluded_lines": [], "start_line": 218}, "update_current_user": {"executed_lines": [237, 239, 240, 241, 243, 244, 246], "summary": {"covered_lines": 7, "num_statements": 7, "percent_covered": 100.0, "percent_covered_display": "100", "missing_lines": 0, "excluded_lines": 0, "percent_statements_covered": 100.0, "percent_statements_covered_display": "100"}, "missing_lines": [], "excluded_lines": [], "start_line": 228}, "change_password": {"executed_lines": [263, 270, 271, 272, 275, 283], "summary": {"covered_lines": 6, "num_statements": 7, "percent_covered": 85.71428571428571, "percent_covered_display": "86", "missing_lines": 1, "excluded_lines": 0, "percent_statements_covered": 85.71428571428571, "percent_statements_covered_display": "86"}, "missing_lines": [264], "excluded_lines": [], "start_line": 250}, "request_password_reset": {"executed_lines": [294, 295, 297, 299], "summary": {"covered_lines": 4, "num_statements": 15, "percent_covered": 26.666666666666668, "percent_covered_display": "27", "missing_lines": 11, "excluded_lines": 0, "percent_statements_covered": 26.666666666666668, "percent_statements_covered_display": "27"}, "missing_lines": [302, 305, 306, 308, 316, 319, 320, 321, 326, 327, 330], "excluded_lines": [], "start_line": 287}, "verify_token_endpoint": {"executed_lines": [340], "summary": {"covered_lines": 1, "num_statements": 1, "percent_covered": 100.0, "percent_covered_display": "100", "missing_lines": 0, "excluded_lines": 0, "percent_statements_covered": 100.0, "percent_statements_covered_display": "100"}, "missing_lines": [], "excluded_lines": [], "start_line": 334}, "enable_mfa": {"executed_lines": [], "summary": {"covered_lines": 0, "num_statements": 40, "percent_covered": 0.0, "percent_covered_display": "0", "missing_lines": 40, "excluded_lines": 0, "percent_statements_covered": 0.0, "percent_statements_covered_display": "0"}, "missing_lines": [370, 371, 372, 373, 374, 375, 378, 379, 380, 386, 389, 395, 396, 397, 399, 400, 401, 402, 403, 406, 407, 410, 411, 412, 413, 414, 415, 416, 417, 418, 419, 421, 430, 432, 438, 439, 440, 444, 445, 446], "excluded_lines": [], "start_line": 359}, "verify_mfa": {"executed_lines": [], "summary": {"covered_lines": 0, "num_statements": 43, "percent_covered": 0.0, "percent_covered_display": "0", "missing_lines": 43, "excluded_lines": 0, "percent_statements_covered": 0.0, "percent_statements_covered_display": "0"}, "missing_lines": [464, 465, 466, 468, 469, 470, 476, 477, 482, 485, 486, 487, 488, 489, 490, 493, 494, 495, 497, 498, 500, 501, 502, 505, 506, 507, 509, 511, 517, 518, 521, 522, 523, 524, 526, 528, 529, 530, 531, 532, 536, 537, 538], "excluded_lines": [], "start_line": 453}, "disable_mfa": {"executed_lines": [], "summary": {"covered_lines": 0, "num_statements": 15, "percent_covered": 0.0, "percent_covered_display": "0", "missing_lines": 15, "excluded_lines": 0, "percent_statements_covered": 0.0, "percent_statements_covered_display": "0"}, "missing_lines": [555, 556, 559, 560, 565, 566, 567, 573, 574, 575, 576, 577, 578, 581, 589], "excluded_lines": [], "start_line": 545}, "forgot_password": {"executed_lines": [600], "summary": {"covered_lines": 1, "num_statements": 1, "percent_covered": 100.0, "percent_covered_display": "100", "missing_lines": 0, "excluded_lines": 0, "percent_statements_covered": 100.0, "percent_statements_covered_display": "100"}, "missing_lines": [], "excluded_lines": [], "start_line": 593}, "reset_password": {"executed_lines": [], "summary": {"covered_lines": 0, "num_statements": 19, "percent_covered": 0.0, "percent_covered_display": "0", "missing_lines": 19, "excluded_lines": 0, "percent_statements_covered": 0.0, "percent_statements_covered_display": "0"}, "missing_lines": [614, 615, 617, 618, 624, 625, 631, 638, 639, 645, 646, 647, 653, 654, 655, 658, 659, 662, 670], "excluded_lines": [], "start_line": 604}, "": {"executed_lines": [5, 6, 7, 8, 9, 10, 12, 13, 14, 15, 16, 18, 20, 24, 25, 26, 27, 28, 29, 32, 33, 36, 37, 40, 41, 42, 47, 48, 119, 120, 168, 169, 188, 189, 217, 218, 227, 228, 249, 250, 286, 287, 333, 334, 348, 350, 353, 355, 358, 359, 452, 453, 544, 545, 592, 593, 603, 604], "summary": {"covered_lines": 58, "num_statements": 58, "percent_covered": 100.0, "percent_covered_display": "100", "missing_lines": 0, "excluded_lines": 0, "percent_statements_covered": 100.0, "percent_statements_covered_display": "100"}, "missing_lines": [], "excluded_lines": [], "start_line": 1}}, "classes": {"Token": {"executed_lines": [], "summary": {"covered_lines": 0, "num_statements": 0, "percent_covered": 100.0, "percent_covered_display": "100", "missing_lines": 0, "excluded_lines": 0, "percent_statements_covered": 100.0, "percent_statements_covered_display": "100"}, "missing_lines": [], "excluded_lines": [], "start_line": 24}, "TokenRefresh": {"executed_lines": [], "summary": {"covered_lines": 0, "num_statements": 0, "percent_covered": 100.0, "percent_covered_display": "100", "missing_lines": 0, "excluded_lines": 0, "percent_statements_covered": 100.0, "percent_statements_covered_display": "100"}, "missing_lines": [], "excluded_lines": [], "start_line": 32}, "PasswordReset": {"executed_lines": [], "summary": {"covered_lines": 0, "num_statements": 0, "percent_covered": 100.0, "percent_covered_display": "100", "missing_lines": 0, "excluded_lines": 0, "percent_statements_covered": 100.0, "percent_statements_covered_display": "100"}, "missing_lines": [], "excluded_lines": [], "start_line": 36}, "PasswordChange": {"executed_lines": [], "summary": {"covered_lines": 0, "num_statements": 0, "percent_covered": 100.0, "percent_covered_display": "100", "missing_lines": 0, "excluded_lines": 0, "percent_statements_covered": 100.0, "percent_statements_covered_display": "100"}, "missing_lines": [], "excluded_lines": [], "start_line": 40}, "MFAVerifyRequest": {"executed_lines": [], "summary": {"covered_lines": 0, "num_statements": 0, "percent_covered": 100.0, "percent_covered_display": "100", "missing_lines": 0, "excluded_lines": 0, "percent_statements_covered": 100.0, "percent_statements_covered_display": "100"}, "missing_lines": [], "excluded_lines": [], "start_line": 348}, "MFASetupRequest": {"executed_lines": [], "summary": {"covered_lines": 0, "num_statements": 0, "percent_covered": 100.0, "percent_covered_display": "100", "missing_lines": 0, "excluded_lines": 0, "percent_statements_covered": 100.0, "percent_statements_covered_display": "100"}, "missing_lines": [], "excluded_lines": [], "start_line": 353}, "": {"executed_lines": [5, 6, 7, 8, 9, 10, 12, 13, 14, 15, 16, 18, 20, 24, 25, 26, 27, 28, 29, 32, 33, 36, 37, 40, 41, 42, 47, 48, 57, 60, 61, 62, 68, 69, 77, 84, 87, 99, 102, 105, 113, 119, 120, 132, 134, 136, 144, 151, 154, 162, 168, 169, 177, 179, 185, 188, 189, 200, 201, 202, 203, 206, 214, 217, 218, 224, 227, 228, 237, 239, 240, 241, 243, 244, 246, 249, 250, 263, 270, 271, 272, 275, 283, 286, 287, 294, 295, 297, 299, 333, 334, 340, 348, 350, 353, 355, 358, 359, 452, 453, 544, 545, 592, 593, 600, 603, 604], "summary": {"covered_lines": 107, "num_statements": 239, "percent_covered": 44.76987447698745, "percent_covered_display": "45", "missing_lines": 132, "excluded_lines": 0, "percent_statements_covered": 44.76987447698745, "percent_statements_covered_display": "45"}, "missing_lines": [70, 78, 180, 264, 302, 305, 306, 308, 316, 319, 320, 321, 326, 327, 330, 370, 371, 372, 373, 374, 375, 378, 379, 380, 386, 389, 395, 396, 397, 399, 400, 401, 402, 403, 406, 407, 410, 411, 412, 413, 414, 415, 416, 417, 418, 419, 421, 430, 432, 438, 439, 440, 444, 445, 446, 464, 465, 466, 468, 469, 470, 476, 477, 482, 485, 486, 487, 488, 489, 490, 493, 494, 495, 497, 498, 500, 501, 502, 505, 506, 507, 509, 511, 517, 518, 521, 522, 523, 524, 526, 528, 529, 530, 531, 532, 536, 537, 538, 555, 556, 559, 560, 565, 566, 567, 573, 574, 575, 576, 577, 578, 581, 589, 614, 615, 617, 618, 624, 625, 631, 638, 639, 645, 646, 647, 653, 654, 655, 658, 659, 662, 670], "excluded_lines": [], "start_line": 1}}}, "app\\api\\v1\\challenges.py": {"executed_lines": [6, 7, 8, 9, 10, 12, 13, 14, 15, 17, 21, 23, 24, 25, 28, 30, 31, 32, 33, 34, 35, 36, 37, 38, 39, 40, 43, 45, 46, 47, 48, 51, 53, 54, 55, 56, 57, 58, 59, 62, 64, 65, 66, 67, 68, 72, 106, 107, 133, 134, 140, 142, 143, 148, 149, 189, 190, 225, 226], "summary": {"covered_lines": 59, "num_statements": 80, "percent_covered": 73.75, "percent_covered_display": "74", "missing_lines": 21, "excluded_lines": 0, "percent_statements_covered": 73.75, "percent_statements_covered_display": "74"}, "missing_lines": [119, 121, 122, 124, 125, 128, 130, 145, 161, 163, 164, 167, 168, 171, 175, 176, 181, 201, 222, 237, 254], "excluded_lines": [], "functions": {"list_challenges": {"executed_lines": [], "summary": {"covered_lines": 0, "num_statements": 7, "percent_covered": 0.0, "percent_covered_display": "0", "missing_lines": 7, "excluded_lines": 0, "percent_statements_covered": 0.0, "percent_statements_covered_display": "0"}, "missing_lines": [119, 121, 122, 124, 125, 128, 130], "excluded_lines": [], "start_line": 107}, "get_challenge": {"executed_lines": [140, 142, 143], "summary": {"covered_lines": 3, "num_statements": 4, "percent_covered": 75.0, "percent_covered_display": "75", "missing_lines": 1, "excluded_lines": 0, "percent_statements_covered": 75.0, "percent_statements_covered_display": "75"}, "missing_lines": [145], "excluded_lines": [], "start_line": 134}, "check_in_challenge": {"executed_lines": [], "summary": {"covered_lines": 0, "num_statements": 9, "percent_covered": 0.0, "percent_covered_display": "0", "missing_lines": 9, "excluded_lines": 0, "percent_statements_covered": 0.0, "percent_statements_covered_display": "0"}, "missing_lines": [161, 163, 164, 167, 168, 171, 175, 176, 181], "excluded_lines": [], "start_line": 149}, "get_my_progress": {"executed_lines": [], "summary": {"covered_lines": 0, "num_statements": 2, "percent_covered": 0.0, "percent_covered_display": "0", "missing_lines": 2, "excluded_lines": 0, "percent_statements_covered": 0.0, "percent_statements_covered_display": "0"}, "missing_lines": [201, 222], "excluded_lines": [], "start_line": 190}, "get_leaderboard": {"executed_lines": [], "summary": {"covered_lines": 0, "num_statements": 2, "percent_covered": 0.0, "percent_covered_display": "0", "missing_lines": 2, "excluded_lines": 0, "percent_statements_covered": 0.0, "percent_statements_covered_display": "0"}, "missing_lines": [237, 254], "excluded_lines": [], "start_line": 226}, "": {"executed_lines": [6, 7, 8, 9, 10, 12, 13, 14, 15, 17, 21, 23, 24, 25, 28, 30, 31, 32, 33, 34, 35, 36, 37, 38, 39, 40, 43, 45, 46, 47, 48, 51, 53, 54, 55, 56, 57, 58, 59, 62, 64, 65, 66, 67, 68, 72, 106, 107, 133, 134, 148, 149, 189, 190, 225, 226], "summary": {"covered_lines": 56, "num_statements": 56, "percent_covered": 100.0, "percent_covered_display": "100", "missing_lines": 0, "excluded_lines": 0, "percent_statements_covered": 100.0, "percent_statements_covered_display": "100"}, "missing_lines": [], "excluded_lines": [], "start_line": 1}}, "classes": {"ChallengeLocation": {"executed_lines": [], "summary": {"covered_lines": 0, "num_statements": 0, "percent_covered": 100.0, "percent_covered_display": "100", "missing_lines": 0, "excluded_lines": 0, "percent_statements_covered": 100.0, "percent_statements_covered_display": "100"}, "missing_lines": [], "excluded_lines": [], "start_line": 21}, "Challenge": {"executed_lines": [], "summary": {"covered_lines": 0, "num_statements": 0, "percent_covered": 100.0, "percent_covered_display": "100", "missing_lines": 0, "excluded_lines": 0, "percent_statements_covered": 100.0, "percent_statements_covered_display": "100"}, "missing_lines": [], "excluded_lines": [], "start_line": 28}, "ChallengeCheckIn": {"executed_lines": [], "summary": {"covered_lines": 0, "num_statements": 0, "percent_covered": 100.0, "percent_covered_display": "100", "missing_lines": 0, "excluded_lines": 0, "percent_statements_covered": 100.0, "percent_statements_covered_display": "100"}, "missing_lines": [], "excluded_lines": [], "start_line": 43}, "ChallengeProgress": {"executed_lines": [], "summary": {"covered_lines": 0, "num_statements": 0, "percent_covered": 100.0, "percent_covered_display": "100", "missing_lines": 0, "excluded_lines": 0, "percent_statements_covered": 100.0, "percent_statements_covered_display": "100"}, "missing_lines": [], "excluded_lines": [], "start_line": 51}, "LeaderboardEntry": {"executed_lines": [], "summary": {"covered_lines": 0, "num_statements": 0, "percent_covered": 100.0, "percent_covered_display": "100", "missing_lines": 0, "excluded_lines": 0, "percent_statements_covered": 100.0, "percent_statements_covered_display": "100"}, "missing_lines": [], "excluded_lines": [], "start_line": 62}, "": {"executed_lines": [6, 7, 8, 9, 10, 12, 13, 14, 15, 17, 21, 23, 24, 25, 28, 30, 31, 32, 33, 34, 35, 36, 37, 38, 39, 40, 43, 45, 46, 47, 48, 51, 53, 54, 55, 56, 57, 58, 59, 62, 64, 65, 66, 67, 68, 72, 106, 107, 133, 134, 140, 142, 143, 148, 149, 189, 190, 225, 226], "summary": {"covered_lines": 59, "num_statements": 80, "percent_covered": 73.75, "percent_covered_display": "74", "missing_lines": 21, "excluded_lines": 0, "percent_statements_covered": 73.75, "percent_statements_covered_display": "74"}, "missing_lines": [119, 121, 122, 124, 125, 128, 130, 145, 161, 163, 164, 167, 168, 171, 175, 176, 181, 201, 222, 237, 254], "excluded_lines": [], "start_line": 1}}}, "app\\api\\v1\\chat.py": {"executed_lines": [5, 6, 7, 8, 9, 10, 12, 13, 17, 18, 19, 20, 21, 23, 26, 27, 28, 29, 30, 32, 33, 34, 36, 38, 41, 42, 43, 44, 45, 46, 47, 48, 49, 50, 51, 54, 55, 56, 59, 60, 61, 62, 65, 66, 71, 72, 73, 74, 77, 80, 81, 85, 92, 100, 110, 118, 121, 122, 126, 127, 129, 130, 133, 144, 147, 149, 167, 168, 207, 208, 231, 232, 238, 239, 240, 246, 255, 256, 282, 283, 309, 310, 328, 329, 331, 333, 343, 352, 360, 361, 373, 374, 386, 387, 398, 401, 402, 410, 411, 412, 414, 420, 429, 431, 432, 433, 434, 435, 438, 439, 448, 449, 451, 470, 471, 477, 479, 480, 483, 484, 528, 529, 590, 591], "summary": {"covered_lines": 124, "num_statements": 213, "percent_covered": 58.21596244131455, "percent_covered_display": "58", "missing_lines": 89, "excluded_lines": 0, "percent_statements_covered": 58.21596244131455, "percent_statements_covered_display": "58"}, "missing_lines": [37, 82, 123, 124, 160, 161, 175, 176, 179, 182, 184, 185, 191, 198, 200, 201, 210, 211, 213, 215, 216, 218, 224, 225, 248, 249, 261, 262, 263, 265, 266, 271, 273, 274, 275, 276, 288, 289, 290, 292, 293, 298, 300, 301, 302, 303, 315, 316, 317, 319, 321, 322, 370, 383, 415, 422, 423, 463, 465, 494, 495, 497, 504, 505, 506, 509, 510, 512, 514, 516, 521, 522, 543, 544, 547, 550, 551, 557, 558, 561, 564, 571, 574, 579, 581, 582, 583, 584, 604], "excluded_lines": [], "functions": {"ChatMessage.validate_message_not_empty": {"executed_lines": [36, 38], "summary": {"covered_lines": 2, "num_statements": 3, "percent_covered": 66.66666666666667, "percent_covered_display": "67", "missing_lines": 1, "excluded_lines": 0, "percent_statements_covered": 66.66666666666667, "percent_statements_covered_display": "67"}, "missing_lines": [37], "excluded_lines": [], "start_line": 34}, "send_message": {"executed_lines": [71, 72, 73, 74, 77, 80, 81, 85, 92, 100, 110, 118, 121, 122, 126, 127, 129, 130, 133, 144, 147, 149], "summary": {"covered_lines": 22, "num_statements": 27, "percent_covered": 81.48148148148148, "percent_covered_display": "81", "missing_lines": 5, "excluded_lines": 0, "percent_statements_covered": 81.48148148148148, "percent_statements_covered_display": "81"}, "missing_lines": [82, 123, 124, 160, 161], "excluded_lines": [], "start_line": 66}, "send_voice_message": {"executed_lines": [], "summary": {"covered_lines": 0, "num_statements": 10, "percent_covered": 0.0, "percent_covered_display": "0", "missing_lines": 10, "excluded_lines": 0, "percent_statements_covered": 0.0, "percent_statements_covered_display": "0"}, "missing_lines": [175, 176, 179, 182, 184, 185, 191, 198, 200, 201], "excluded_lines": [], "start_line": 168}, "detect_language": {"executed_lines": [], "summary": {"covered_lines": 0, "num_statements": 8, "percent_covered": 0.0, "percent_covered_display": "0", "missing_lines": 8, "excluded_lines": 0, "percent_statements_covered": 0.0, "percent_statements_covered_display": "0"}, "missing_lines": [210, 211, 213, 215, 216, 218, 224, 225], "excluded_lines": [], "start_line": 208}, "get_conversations": {"executed_lines": [238, 239, 240, 246], "summary": {"covered_lines": 4, "num_statements": 6, "percent_covered": 66.66666666666667, "percent_covered_display": "67", "missing_lines": 2, "excluded_lines": 0, "percent_statements_covered": 66.66666666666667, "percent_statements_covered_display": "67"}, "missing_lines": [248, 249], "excluded_lines": [], "start_line": 232}, "get_conversation": {"executed_lines": [], "summary": {"covered_lines": 0, "num_statements": 10, "percent_covered": 0.0, "percent_covered_display": "0", "missing_lines": 10, "excluded_lines": 0, "percent_statements_covered": 0.0, "percent_statements_covered_display": "0"}, "missing_lines": [261, 262, 263, 265, 266, 271, 273, 274, 275, 276], "excluded_lines": [], "start_line": 256}, "delete_conversation": {"executed_lines": [], "summary": {"covered_lines": 0, "num_statements": 10, "percent_covered": 0.0, "percent_covered_display": "0", "missing_lines": 10, "excluded_lines": 0, "percent_statements_covered": 0.0, "percent_statements_covered_display": "0"}, "missing_lines": [288, 289, 290, 292, 293, 298, 300, 301, 302, 303], "excluded_lines": [], "start_line": 283}, "get_suggestions": {"executed_lines": [], "summary": {"covered_lines": 0, "num_statements": 6, "percent_covered": 0.0, "percent_covered_display": "0", "missing_lines": 6, "excluded_lines": 0, "percent_statements_covered": 0.0, "percent_statements_covered_display": "0"}, "missing_lines": [315, 316, 317, 319, 321, 322], "excluded_lines": [], "start_line": 310}, "get_supported_languages": {"executed_lines": [331, 333, 343, 352], "summary": {"covered_lines": 4, "num_statements": 4, "percent_covered": 100.0, "percent_covered_display": "100", "missing_lines": 0, "excluded_lines": 0, "percent_statements_covered": 100.0, "percent_statements_covered_display": "100"}, "missing_lines": [], "excluded_lines": [], "start_line": 329}, "send_chat_message": {"executed_lines": [], "summary": {"covered_lines": 0, "num_statements": 1, "percent_covered": 0.0, "percent_covered_display": "0", "missing_lines": 1, "excluded_lines": 0, "percent_statements_covered": 0.0, "percent_statements_covered_display": "0"}, "missing_lines": [370], "excluded_lines": [], "start_line": 361}, "detect_language_get": {"executed_lines": [], "summary": {"covered_lines": 0, "num_statements": 1, "percent_covered": 0.0, "percent_covered_display": "0", "missing_lines": 1, "excluded_lines": 0, "percent_statements_covered": 0.0, "percent_statements_covered_display": "0"}, "missing_lines": [383], "excluded_lines": [], "start_line": 374}, "get_chat_history": {"executed_lines": [398], "summary": {"covered_lines": 1, "num_statements": 1, "percent_covered": 100.0, "percent_covered_display": "100", "missing_lines": 0, "excluded_lines": 0, "percent_statements_covered": 100.0, "percent_statements_covered_display": "100"}, "missing_lines": [], "excluded_lines": [], "start_line": 387}, "clear_chat_history": {"executed_lines": [410, 411, 412, 414, 420], "summary": {"covered_lines": 5, "num_statements": 8, "percent_covered": 62.5, "percent_covered_display": "62", "missing_lines": 3, "excluded_lines": 0, "percent_statements_covered": 62.5, "percent_statements_covered_display": "62"}, "missing_lines": [415, 422, 423], "excluded_lines": [], "start_line": 402}, "submit_chat_feedback": {"executed_lines": [448, 449, 451, 470, 471], "summary": {"covered_lines": 5, "num_statements": 7, "percent_covered": 71.42857142857143, "percent_covered_display": "71", "missing_lines": 2, "excluded_lines": 0, "percent_statements_covered": 71.42857142857143, "percent_statements_covered_display": "71"}, "missing_lines": [463, 465], "excluded_lines": [], "start_line": 439}, "update_conversation_context": {"executed_lines": [], "summary": {"covered_lines": 0, "num_statements": 13, "percent_covered": 0.0, "percent_covered_display": "0", "missing_lines": 13, "excluded_lines": 0, "percent_statements_covered": 0.0, "percent_statements_covered_display": "0"}, "missing_lines": [494, 495, 497, 504, 505, 506, 509, 510, 512, 514, 516, 521, 522], "excluded_lines": [], "start_line": 484}, "upload_image_for_chat": {"executed_lines": [], "summary": {"covered_lines": 0, "num_statements": 16, "percent_covered": 0.0, "percent_covered_display": "0", "missing_lines": 16, "excluded_lines": 0, "percent_statements_covered": 0.0, "percent_statements_covered_display": "0"}, "missing_lines": [543, 544, 547, 550, 551, 557, 558, 561, 564, 571, 574, 579, 581, 582, 583, 584], "excluded_lines": [], "start_line": 529}, "upload_audio_for_chat": {"executed_lines": [], "summary": {"covered_lines": 0, "num_statements": 1, "percent_covered": 0.0, "percent_covered_display": "0", "missing_lines": 1, "excluded_lines": 0, "percent_statements_covered": 0.0, "percent_statements_covered_display": "0"}, "missing_lines": [604], "excluded_lines": [], "start_line": 591}, "": {"executed_lines": [5, 6, 7, 8, 9, 10, 12, 13, 17, 18, 19, 20, 21, 23, 26, 27, 28, 29, 30, 32, 33, 34, 41, 42, 43, 44, 45, 46, 47, 48, 49, 50, 51, 54, 55, 56, 59, 60, 61, 62, 65, 66, 167, 168, 207, 208, 231, 232, 255, 256, 282, 283, 309, 310, 328, 329, 360, 361, 373, 374, 386, 387, 401, 402, 429, 431, 432, 433, 434, 435, 438, 439, 477, 479, 480, 483, 484, 528, 529, 590, 591], "summary": {"covered_lines": 81, "num_statements": 81, "percent_covered": 100.0, "percent_covered_display": "100", "missing_lines": 0, "excluded_lines": 0, "percent_statements_covered": 100.0, "percent_statements_covered_display": "100"}, "missing_lines": [], "excluded_lines": [], "start_line": 1}}, "classes": {"ChatMessage": {"executed_lines": [36, 38], "summary": {"covered_lines": 2, "num_statements": 3, "percent_covered": 66.66666666666667, "percent_covered_display": "67", "missing_lines": 1, "excluded_lines": 0, "percent_statements_covered": 66.66666666666667, "percent_statements_covered_display": "67"}, "missing_lines": [37], "excluded_lines": [], "start_line": 26}, "ChatResponse": {"executed_lines": [], "summary": {"covered_lines": 0, "num_statements": 0, "percent_covered": 100.0, "percent_covered_display": "100", "missing_lines": 0, "excluded_lines": 0, "percent_statements_covered": 100.0, "percent_statements_covered_display": "100"}, "missing_lines": [], "excluded_lines": [], "start_line": 41}, "VoiceMessage": {"executed_lines": [], "summary": {"covered_lines": 0, "num_statements": 0, "percent_covered": 100.0, "percent_covered_display": "100", "missing_lines": 0, "excluded_lines": 0, "percent_statements_covered": 100.0, "percent_statements_covered_display": "100"}, "missing_lines": [], "excluded_lines": [], "start_line": 54}, "LanguageDetectionResponse": {"executed_lines": [], "summary": {"covered_lines": 0, "num_statements": 0, "percent_covered": 100.0, "percent_covered_display": "100", "missing_lines": 0, "excluded_lines": 0, "percent_statements_covered": 100.0, "percent_statements_covered_display": "100"}, "missing_lines": [], "excluded_lines": [], "start_line": 59}, "ChatFeedbackRequest": {"executed_lines": [], "summary": {"covered_lines": 0, "num_statements": 0, "percent_covered": 100.0, "percent_covered_display": "100", "missing_lines": 0, "excluded_lines": 0, "percent_statements_covered": 100.0, "percent_statements_covered_display": "100"}, "missing_lines": [], "excluded_lines": [], "start_line": 429}, "ConversationContextUpdate": {"executed_lines": [], "summary": {"covered_lines": 0, "num_statements": 0, "percent_covered": 100.0, "percent_covered_display": "100", "missing_lines": 0, "excluded_lines": 0, "percent_statements_covered": 100.0, "percent_statements_covered_display": "100"}, "missing_lines": [], "excluded_lines": [], "start_line": 477}, "": {"executed_lines": [5, 6, 7, 8, 9, 10, 12, 13, 17, 18, 19, 20, 21, 23, 26, 27, 28, 29, 30, 32, 33, 34, 41, 42, 43, 44, 45, 46, 47, 48, 49, 50, 51, 54, 55, 56, 59, 60, 61, 62, 65, 66, 71, 72, 73, 74, 77, 80, 81, 85, 92, 100, 110, 118, 121, 122, 126, 127, 129, 130, 133, 144, 147, 149, 167, 168, 207, 208, 231, 232, 238, 239, 240, 246, 255, 256, 282, 283, 309, 310, 328, 329, 331, 333, 343, 352, 360, 361, 373, 374, 386, 387, 398, 401, 402, 410, 411, 412, 414, 420, 429, 431, 432, 433, 434, 435, 438, 439, 448, 449, 451, 470, 471, 477, 479, 480, 483, 484, 528, 529, 590, 591], "summary": {"covered_lines": 122, "num_statements": 210, "percent_covered": 58.095238095238095, "percent_covered_display": "58", "missing_lines": 88, "excluded_lines": 0, "percent_statements_covered": 58.095238095238095, "percent_statements_covered_display": "58"}, "missing_lines": [82, 123, 124, 160, 161, 175, 176, 179, 182, 184, 185, 191, 198, 200, 201, 210, 211, 213, 215, 216, 218, 224, 225, 248, 249, 261, 262, 263, 265, 266, 271, 273, 274, 275, 276, 288, 289, 290, 292, 293, 298, 300, 301, 302, 303, 315, 316, 317, 319, 321, 322, 370, 383, 415, 422, 423, 463, 465, 494, 495, 497, 504, 505, 506, 509, 510, 512, 514, 516, 521, 522, 543, 544, 547, 550, 551, 557, 558, 561, 564, 571, 574, 579, 581, 582, 583, 584, 604], "excluded_lines": [], "start_line": 1}}}, "app\\api\\v1\\currency.py": {"executed_lines": [5, 6, 7, 8, 10, 11, 12, 14, 17, 18, 19, 20, 23, 24, 25, 26, 27, 28, 29, 32, 33, 34, 35, 36, 39, 40, 41, 42, 45, 46, 112, 113, 150, 151, 180, 181, 206, 207, 238, 239, 257, 258, 275, 276, 295, 296], "summary": {"covered_lines": 46, "num_statements": 131, "percent_covered": 35.11450381679389, "percent_covered_display": "35", "missing_lines": 85, "excluded_lines": 0, "percent_statements_covered": 35.11450381679389, "percent_statements_covered_display": "35"}, "missing_lines": [51, 52, 55, 56, 61, 62, 68, 70, 71, 77, 78, 80, 82, 83, 84, 85, 87, 92, 94, 103, 104, 105, 106, 118, 119, 121, 122, 127, 129, 130, 135, 141, 142, 143, 144, 155, 156, 157, 159, 160, 165, 171, 172, 173, 174, 185, 186, 187, 189, 199, 200, 212, 213, 214, 216, 217, 222, 229, 230, 231, 232, 244, 245, 246, 248, 250, 251, 262, 263, 264, 266, 268, 269, 282, 283, 284, 286, 288, 289, 301, 302, 303, 305, 307, 308], "excluded_lines": [], "functions": {"convert_currency": {"executed_lines": [], "summary": {"covered_lines": 0, "num_statements": 23, "percent_covered": 0.0, "percent_covered_display": "0", "missing_lines": 23, "excluded_lines": 0, "percent_statements_covered": 0.0, "percent_statements_covered_display": "0"}, "missing_lines": [51, 52, 55, 56, 61, 62, 68, 70, 71, 77, 78, 80, 82, 83, 84, 85, 87, 92, 94, 103, 104, 105, 106], "excluded_lines": [], "start_line": 46}, "get_exchange_rates": {"executed_lines": [], "summary": {"covered_lines": 0, "num_statements": 12, "percent_covered": 0.0, "percent_covered_display": "0", "missing_lines": 12, "excluded_lines": 0, "percent_statements_covered": 0.0, "percent_statements_covered_display": "0"}, "missing_lines": [118, 119, 121, 122, 127, 129, 130, 135, 141, 142, 143, 144], "excluded_lines": [], "start_line": 113}, "get_sri_lanka_rates": {"executed_lines": [], "summary": {"covered_lines": 0, "num_statements": 10, "percent_covered": 0.0, "percent_covered_display": "0", "missing_lines": 10, "excluded_lines": 0, "percent_statements_covered": 0.0, "percent_statements_covered_display": "0"}, "missing_lines": [155, 156, 157, 159, 160, 165, 171, 172, 173, 174], "excluded_lines": [], "start_line": 151}, "get_supported_currencies": {"executed_lines": [], "summary": {"covered_lines": 0, "num_statements": 6, "percent_covered": 0.0, "percent_covered_display": "0", "missing_lines": 6, "excluded_lines": 0, "percent_statements_covered": 0.0, "percent_statements_covered_display": "0"}, "missing_lines": [185, 186, 187, 189, 199, 200], "excluded_lines": [], "start_line": 181}, "get_currency_info": {"executed_lines": [], "summary": {"covered_lines": 0, "num_statements": 10, "percent_covered": 0.0, "percent_covered_display": "0", "missing_lines": 10, "excluded_lines": 0, "percent_statements_covered": 0.0, "percent_statements_covered_display": "0"}, "missing_lines": [212, 213, 214, 216, 217, 222, 229, 230, 231, 232], "excluded_lines": [], "start_line": 207}, "get_currency_recommendations": {"executed_lines": [], "summary": {"covered_lines": 0, "num_statements": 6, "percent_covered": 0.0, "percent_covered_display": "0", "missing_lines": 6, "excluded_lines": 0, "percent_statements_covered": 0.0, "percent_statements_covered_display": "0"}, "missing_lines": [244, 245, 246, 248, 250, 251], "excluded_lines": [], "start_line": 239}, "get_currency_summary": {"executed_lines": [], "summary": {"covered_lines": 0, "num_statements": 6, "percent_covered": 0.0, "percent_covered_display": "0", "missing_lines": 6, "excluded_lines": 0, "percent_statements_covered": 0.0, "percent_statements_covered_display": "0"}, "missing_lines": [262, 263, 264, 266, 268, 269], "excluded_lines": [], "start_line": 258}, "format_currency_amount": {"executed_lines": [], "summary": {"covered_lines": 0, "num_statements": 6, "percent_covered": 0.0, "percent_covered_display": "0", "missing_lines": 6, "excluded_lines": 0, "percent_statements_covered": 0.0, "percent_statements_covered_display": "0"}, "missing_lines": [282, 283, 284, 286, 288, 289], "excluded_lines": [], "start_line": 276}, "check_currency_support": {"executed_lines": [], "summary": {"covered_lines": 0, "num_statements": 6, "percent_covered": 0.0, "percent_covered_display": "0", "missing_lines": 6, "excluded_lines": 0, "percent_statements_covered": 0.0, "percent_statements_covered_display": "0"}, "missing_lines": [301, 302, 303, 305, 307, 308], "excluded_lines": [], "start_line": 296}, "": {"executed_lines": [5, 6, 7, 8, 10, 11, 12, 14, 17, 18, 19, 20, 23, 24, 25, 26, 27, 28, 29, 32, 33, 34, 35, 36, 39, 40, 41, 42, 45, 46, 112, 113, 150, 151, 180, 181, 206, 207, 238, 239, 257, 258, 275, 276, 295, 296], "summary": {"covered_lines": 46, "num_statements": 46, "percent_covered": 100.0, "percent_covered_display": "100", "missing_lines": 0, "excluded_lines": 0, "percent_statements_covered": 100.0, "percent_statements_covered_display": "100"}, "missing_lines": [], "excluded_lines": [], "start_line": 1}}, "classes": {"CurrencyConversionRequest": {"executed_lines": [], "summary": {"covered_lines": 0, "num_statements": 0, "percent_covered": 100.0, "percent_covered_display": "100", "missing_lines": 0, "excluded_lines": 0, "percent_statements_covered": 100.0, "percent_statements_covered_display": "100"}, "missing_lines": [], "excluded_lines": [], "start_line": 17}, "CurrencyConversionResponse": {"executed_lines": [], "summary": {"covered_lines": 0, "num_statements": 0, "percent_covered": 100.0, "percent_covered_display": "100", "missing_lines": 0, "excluded_lines": 0, "percent_statements_covered": 100.0, "percent_statements_covered_display": "100"}, "missing_lines": [], "excluded_lines": [], "start_line": 23}, "CurrencyInfoResponse": {"executed_lines": [], "summary": {"covered_lines": 0, "num_statements": 0, "percent_covered": 100.0, "percent_covered_display": "100", "missing_lines": 0, "excluded_lines": 0, "percent_statements_covered": 100.0, "percent_statements_covered_display": "100"}, "missing_lines": [], "excluded_lines": [], "start_line": 32}, "ExchangeRatesResponse": {"executed_lines": [], "summary": {"covered_lines": 0, "num_statements": 0, "percent_covered": 100.0, "percent_covered_display": "100", "missing_lines": 0, "excluded_lines": 0, "percent_statements_covered": 100.0, "percent_statements_covered_display": "100"}, "missing_lines": [], "excluded_lines": [], "start_line": 39}, "": {"executed_lines": [5, 6, 7, 8, 10, 11, 12, 14, 17, 18, 19, 20, 23, 24, 25, 26, 27, 28, 29, 32, 33, 34, 35, 36, 39, 40, 41, 42, 45, 46, 112, 113, 150, 151, 180, 181, 206, 207, 238, 239, 257, 258, 275, 276, 295, 296], "summary": {"covered_lines": 46, "num_statements": 131, "percent_covered": 35.11450381679389, "percent_covered_display": "35", "missing_lines": 85, "excluded_lines": 0, "percent_statements_covered": 35.11450381679389, "percent_statements_covered_display": "35"}, "missing_lines": [51, 52, 55, 56, 61, 62, 68, 70, 71, 77, 78, 80, 82, 83, 84, 85, 87, 92, 94, 103, 104, 105, 106, 118, 119, 121, 122, 127, 129, 130, 135, 141, 142, 143, 144, 155, 156, 157, 159, 160, 165, 171, 172, 173, 174, 185, 186, 187, 189, 199, 200, 212, 213, 214, 216, 217, 222, 229, 230, 231, 232, 244, 245, 246, 248, 250, 251, 262, 263, 264, 266, 268, 269, 282, 283, 284, 286, 288, 289, 301, 302, 303, 305, 307, 308], "excluded_lines": [], "start_line": 1}}}, "app\\api\\v1\\email_verification.py": {"executed_lines": [5, 6, 8, 10, 13, 14, 17, 18, 21, 22, 23, 26, 27, 33, 35, 36, 47, 48, 54, 56, 57], "summary": {"covered_lines": 21, "num_statements": 23, "percent_covered": 91.30434782608695, "percent_covered_display": "91", "missing_lines": 2, "excluded_lines": 0, "percent_statements_covered": 91.30434782608695, "percent_statements_covered_display": "91"}, "missing_lines": [41, 62], "excluded_lines": [], "functions": {"verify_email": {"executed_lines": [33, 35, 36], "summary": {"covered_lines": 3, "num_statements": 4, "percent_covered": 75.0, "percent_covered_display": "75", "missing_lines": 1, "excluded_lines": 0, "percent_statements_covered": 75.0, "percent_statements_covered_display": "75"}, "missing_lines": [41], "excluded_lines": [], "start_line": 27}, "resend_verification_email": {"executed_lines": [54, 56, 57], "summary": {"covered_lines": 3, "num_statements": 4, "percent_covered": 75.0, "percent_covered_display": "75", "missing_lines": 1, "excluded_lines": 0, "percent_statements_covered": 75.0, "percent_statements_covered_display": "75"}, "missing_lines": [62], "excluded_lines": [], "start_line": 48}, "": {"executed_lines": [5, 6, 8, 10, 13, 14, 17, 18, 21, 22, 23, 26, 27, 47, 48], "summary": {"covered_lines": 15, "num_statements": 15, "percent_covered": 100.0, "percent_covered_display": "100", "missing_lines": 0, "excluded_lines": 0, "percent_statements_covered": 100.0, "percent_statements_covered_display": "100"}, "missing_lines": [], "excluded_lines": [], "start_line": 1}}, "classes": {"VerifyEmailRequest": {"executed_lines": [], "summary": {"covered_lines": 0, "num_statements": 0, "percent_covered": 100.0, "percent_covered_display": "100", "missing_lines": 0, "excluded_lines": 0, "percent_statements_covered": 100.0, "percent_statements_covered_display": "100"}, "missing_lines": [], "excluded_lines": [], "start_line": 13}, "ResendVerificationRequest": {"executed_lines": [], "summary": {"covered_lines": 0, "num_statements": 0, "percent_covered": 100.0, "percent_covered_display": "100", "missing_lines": 0, "excluded_lines": 0, "percent_statements_covered": 100.0, "percent_statements_covered_display": "100"}, "missing_lines": [], "excluded_lines": [], "start_line": 17}, "EmailVerificationResponse": {"executed_lines": [], "summary": {"covered_lines": 0, "num_statements": 0, "percent_covered": 100.0, "percent_covered_display": "100", "missing_lines": 0, "excluded_lines": 0, "percent_statements_covered": 100.0, "percent_statements_covered_display": "100"}, "missing_lines": [], "excluded_lines": [], "start_line": 21}, "": {"executed_lines": [5, 6, 8, 10, 13, 14, 17, 18, 21, 22, 23, 26, 27, 33, 35, 36, 47, 48, 54, 56, 57], "summary": {"covered_lines": 21, "num_statements": 23, "percent_covered": 91.30434782608695, "percent_covered_display": "91", "missing_lines": 2, "excluded_lines": 0, "percent_statements_covered": 91.30434782608695, "percent_statements_covered_display": "91"}, "missing_lines": [41, 62], "excluded_lines": [], "start_line": 1}}}, "app\\api\\v1\\emergency.py": {"executed_lines": [5, 6, 8, 9, 10, 12, 15, 16, 34, 35, 53, 54], "summary": {"covered_lines": 12, "num_statements": 31, "percent_covered": 38.70967741935484, "percent_covered_display": "39", "missing_lines": 19, "excluded_lines": 0, "percent_statements_covered": 38.70967741935484, "percent_statements_covered_display": "39"}, "missing_lines": [22, 24, 25, 27, 28, 30, 31, 41, 43, 44, 46, 47, 49, 50, 56, 57, 58, 59, 60], "excluded_lines": [], "functions": {"get_emergency_services": {"executed_lines": [], "summary": {"covered_lines": 0, "num_statements": 7, "percent_covered": 0.0, "percent_covered_display": "0", "missing_lines": 7, "excluded_lines": 0, "percent_statements_covered": 0.0, "percent_statements_covered_display": "0"}, "missing_lines": [22, 24, 25, 27, 28, 30, 31], "excluded_lines": [], "start_line": 16}, "search_emergency_services": {"executed_lines": [], "summary": {"covered_lines": 0, "num_statements": 7, "percent_covered": 0.0, "percent_covered_display": "0", "missing_lines": 7, "excluded_lines": 0, "percent_statements_covered": 0.0, "percent_statements_covered_display": "0"}, "missing_lines": [41, 43, 44, 46, 47, 49, 50], "excluded_lines": [], "start_line": 35}, "get_emergency_service_by_id": {"executed_lines": [], "summary": {"covered_lines": 0, "num_statements": 5, "percent_covered": 0.0, "percent_covered_display": "0", "missing_lines": 5, "excluded_lines": 0, "percent_statements_covered": 0.0, "percent_statements_covered_display": "0"}, "missing_lines": [56, 57, 58, 59, 60], "excluded_lines": [], "start_line": 54}, "": {"executed_lines": [5, 6, 8, 9, 10, 12, 15, 16, 34, 35, 53, 54], "summary": {"covered_lines": 12, "num_statements": 12, "percent_covered": 100.0, "percent_covered_display": "100", "missing_lines": 0, "excluded_lines": 0, "percent_statements_covered": 100.0, "percent_statements_covered_display": "100"}, "missing_lines": [], "excluded_lines": [], "start_line": 1}}, "classes": {"": {"executed_lines": [5, 6, 8, 9, 10, 12, 15, 16, 34, 35, 53, 54], "summary": {"covered_lines": 12, "num_statements": 31, "percent_covered": 38.70967741935484, "percent_covered_display": "39", "missing_lines": 19, "excluded_lines": 0, "percent_statements_covered": 38.70967741935484, "percent_statements_covered_display": "39"}, "missing_lines": [22, 24, 25, 27, 28, 30, 31, 41, 43, 44, 46, 47, 49, 50, 56, 57, 58, 59, 60], "excluded_lines": [], "start_line": 1}}}, "app\\api\\v1\\events.py": {"executed_lines": [5, 6, 7, 9, 10, 11, 13, 16, 17, 42, 43, 52, 54, 57, 58, 60, 63, 66, 67, 69, 70, 73, 74], "summary": {"covered_lines": 23, "num_statements": 41, "percent_covered": 56.09756097560975, "percent_covered_display": "56", "missing_lines": 18, "excluded_lines": 0, "percent_statements_covered": 56.09756097560975, "percent_statements_covered_display": "56"}, "missing_lines": [26, 28, 29, 31, 32, 34, 35, 36, 38, 39, 55, 61, 64, 76, 77, 78, 79, 80], "excluded_lines": [], "functions": {"get_events": {"executed_lines": [], "summary": {"covered_lines": 0, "num_statements": 10, "percent_covered": 0.0, "percent_covered_display": "0", "missing_lines": 10, "excluded_lines": 0, "percent_statements_covered": 0.0, "percent_statements_covered_display": "0"}, "missing_lines": [26, 28, 29, 31, 32, 34, 35, 36, 38, 39], "excluded_lines": [], "start_line": 17}, "search_events": {"executed_lines": [52, 54, 57, 58, 60, 63, 66, 67, 69, 70], "summary": {"covered_lines": 10, "num_statements": 13, "percent_covered": 76.92307692307692, "percent_covered_display": "77", "missing_lines": 3, "excluded_lines": 0, "percent_statements_covered": 76.92307692307692, "percent_statements_covered_display": "77"}, "missing_lines": [55, 61, 64], "excluded_lines": [], "start_line": 43}, "get_event_by_id": {"executed_lines": [], "summary": {"covered_lines": 0, "num_statements": 5, "percent_covered": 0.0, "percent_covered_display": "0", "missing_lines": 5, "excluded_lines": 0, "percent_statements_covered": 0.0, "percent_statements_covered_display": "0"}, "missing_lines": [76, 77, 78, 79, 80], "excluded_lines": [], "start_line": 74}, "": {"executed_lines": [5, 6, 7, 9, 10, 11, 13, 16, 17, 42, 43, 73, 74], "summary": {"covered_lines": 13, "num_statements": 13, "percent_covered": 100.0, "percent_covered_display": "100", "missing_lines": 0, "excluded_lines": 0, "percent_statements_covered": 100.0, "percent_statements_covered_display": "100"}, "missing_lines": [], "excluded_lines": [], "start_line": 1}}, "classes": {"": {"executed_lines": [5, 6, 7, 9, 10, 11, 13, 16, 17, 42, 43, 52, 54, 57, 58, 60, 63, 66, 67, 69, 70, 73, 74], "summary": {"covered_lines": 23, "num_statements": 41, "percent_covered": 56.09756097560975, "percent_covered_display": "56", "missing_lines": 18, "excluded_lines": 0, "percent_statements_covered": 56.09756097560975, "percent_statements_covered_display": "56"}, "missing_lines": [26, 28, 29, 31, 32, 34, 35, 36, 38, 39, 55, 61, 64, 76, 77, 78, 79, 80], "excluded_lines": [], "start_line": 1}}}, "app\\api\\v1\\feedback.py": {"executed_lines": [5, 6, 8, 9, 10, 11, 13, 16, 17, 44, 45, 61, 62], "summary": {"covered_lines": 13, "num_statements": 36, "percent_covered": 36.111111111111114, "percent_covered_display": "36", "missing_lines": 23, "excluded_lines": 0, "percent_statements_covered": 36.111111111111114, "percent_statements_covered_display": "36"}, "missing_lines": [27, 28, 29, 30, 31, 33, 35, 36, 37, 38, 40, 41, 51, 52, 54, 58, 67, 68, 71, 72, 74, 75, 76], "excluded_lines": [], "functions": {"submit_feedback": {"executed_lines": [], "summary": {"covered_lines": 0, "num_statements": 12, "percent_covered": 0.0, "percent_covered_display": "0", "missing_lines": 12, "excluded_lines": 0, "percent_statements_covered": 0.0, "percent_statements_covered_display": "0"}, "missing_lines": [27, 28, 29, 30, 31, 33, 35, 36, 37, 38, 40, 41], "excluded_lines": [], "start_line": 17}, "get_feedback": {"executed_lines": [], "summary": {"covered_lines": 0, "num_statements": 4, "percent_covered": 0.0, "percent_covered_display": "0", "missing_lines": 4, "excluded_lines": 0, "percent_statements_covered": 0.0, "percent_statements_covered_display": "0"}, "missing_lines": [51, 52, 54, 58], "excluded_lines": [], "start_line": 45}, "get_feedback_by_id": {"executed_lines": [], "summary": {"covered_lines": 0, "num_statements": 7, "percent_covered": 0.0, "percent_covered_display": "0", "missing_lines": 7, "excluded_lines": 0, "percent_statements_covered": 0.0, "percent_statements_covered_display": "0"}, "missing_lines": [67, 68, 71, 72, 74, 75, 76], "excluded_lines": [], "start_line": 62}, "": {"executed_lines": [5, 6, 8, 9, 10, 11, 13, 16, 17, 44, 45, 61, 62], "summary": {"covered_lines": 13, "num_statements": 13, "percent_covered": 100.0, "percent_covered_display": "100", "missing_lines": 0, "excluded_lines": 0, "percent_statements_covered": 100.0, "percent_statements_covered_display": "100"}, "missing_lines": [], "excluded_lines": [], "start_line": 1}}, "classes": {"": {"executed_lines": [5, 6, 8, 9, 10, 11, 13, 16, 17, 44, 45, 61, 62], "summary": {"covered_lines": 13, "num_statements": 36, "percent_covered": 36.111111111111114, "percent_covered_display": "36", "missing_lines": 23, "excluded_lines": 0, "percent_statements_covered": 36.111111111111114, "percent_statements_covered_display": "36"}, "missing_lines": [27, 28, 29, 30, 31, 33, 35, 36, 37, 38, 40, 41, 51, 52, 54, 58, 67, 68, 71, 72, 74, 75, 76], "excluded_lines": [], "start_line": 1}}}, "app\\api\\v1\\forum.py": {"executed_lines": [6, 7, 8, 9, 10, 12, 13, 14, 15, 16, 18, 22, 24, 25, 26, 27, 28, 29, 30, 31, 32, 35, 37, 38, 39, 40, 41, 42, 43, 44, 45, 46, 47, 48, 49, 50, 53, 55, 56, 57, 58, 61, 63, 64, 65, 68, 70, 73, 75, 79, 80, 83, 84, 119, 120, 132, 133, 134, 136, 153, 155, 158, 159, 180, 181, 217, 218, 227, 229, 230, 246, 247, 289, 290], "summary": {"covered_lines": 74, "num_statements": 124, "percent_covered": 59.67741935483871, "percent_covered_display": "60", "missing_lines": 50, "excluded_lines": 0, "percent_statements_covered": 59.67741935483871, "percent_statements_covered_display": "60"}, "missing_lines": [99, 101, 102, 104, 105, 107, 108, 111, 114, 116, 169, 171, 172, 175, 177, 192, 194, 195, 198, 199, 205, 206, 207, 208, 209, 210, 212, 214, 233, 234, 240, 241, 243, 258, 260, 261, 263, 264, 267, 269, 281, 284, 286, 302, 304, 305, 307, 310, 313, 315], "excluded_lines": [], "functions": {"list_posts": {"executed_lines": [], "summary": {"covered_lines": 0, "num_statements": 10, "percent_covered": 0.0, "percent_covered_display": "0", "missing_lines": 10, "excluded_lines": 0, "percent_statements_covered": 0.0, "percent_statements_covered_display": "0"}, "missing_lines": [99, 101, 102, 104, 105, 107, 108, 111, 114, 116], "excluded_lines": [], "start_line": 84}, "create_post": {"executed_lines": [132, 133, 134, 136, 153, 155], "summary": {"covered_lines": 6, "num_statements": 6, "percent_covered": 100.0, "percent_covered_display": "100", "missing_lines": 0, "excluded_lines": 0, "percent_statements_covered": 100.0, "percent_statements_covered_display": "100"}, "missing_lines": [], "excluded_lines": [], "start_line": 120}, "get_post": {"executed_lines": [], "summary": {"covered_lines": 0, "num_statements": 5, "percent_covered": 0.0, "percent_covered_display": "0", "missing_lines": 5, "excluded_lines": 0, "percent_statements_covered": 0.0, "percent_statements_covered_display": "0"}, "missing_lines": [169, 171, 172, 175, 177], "excluded_lines": [], "start_line": 159}, "update_post": {"executed_lines": [], "summary": {"covered_lines": 0, "num_statements": 13, "percent_covered": 0.0, "percent_covered_display": "0", "missing_lines": 13, "excluded_lines": 0, "percent_statements_covered": 0.0, "percent_statements_covered_display": "0"}, "missing_lines": [192, 194, 195, 198, 199, 205, 206, 207, 208, 209, 210, 212, 214], "excluded_lines": [], "start_line": 181}, "delete_post": {"executed_lines": [227, 229, 230], "summary": {"covered_lines": 3, "num_statements": 8, "percent_covered": 37.5, "percent_covered_display": "38", "missing_lines": 5, "excluded_lines": 0, "percent_statements_covered": 37.5, "percent_statements_covered_display": "38"}, "missing_lines": [233, 234, 240, 241, 243], "excluded_lines": [], "start_line": 218}, "create_comment": {"executed_lines": [], "summary": {"covered_lines": 0, "num_statements": 10, "percent_covered": 0.0, "percent_covered_display": "0", "missing_lines": 10, "excluded_lines": 0, "percent_statements_covered": 0.0, "percent_statements_covered_display": "0"}, "missing_lines": [258, 260, 261, 263, 264, 267, 269, 281, 284, 286], "excluded_lines": [], "start_line": 247}, "get_post_comments": {"executed_lines": [], "summary": {"covered_lines": 0, "num_statements": 7, "percent_covered": 0.0, "percent_covered_display": "0", "missing_lines": 7, "excluded_lines": 0, "percent_statements_covered": 0.0, "percent_statements_covered_display": "0"}, "missing_lines": [302, 304, 305, 307, 310, 313, 315], "excluded_lines": [], "start_line": 290}, "": {"executed_lines": [6, 7, 8, 9, 10, 12, 13, 14, 15, 16, 18, 22, 24, 25, 26, 27, 28, 29, 30, 31, 32, 35, 37, 38, 39, 40, 41, 42, 43, 44, 45, 46, 47, 48, 49, 50, 53, 55, 56, 57, 58, 61, 63, 64, 65, 68, 70, 73, 75, 79, 80, 83, 84, 119, 120, 158, 159, 180, 181, 217, 218, 246, 247, 289, 290], "summary": {"covered_lines": 65, "num_statements": 65, "percent_covered": 100.0, "percent_covered_display": "100", "missing_lines": 0, "excluded_lines": 0, "percent_statements_covered": 100.0, "percent_statements_covered_display": "100"}, "missing_lines": [], "excluded_lines": [], "start_line": 1}}, "classes": {"Comment": {"executed_lines": [], "summary": {"covered_lines": 0, "num_statements": 0, "percent_covered": 100.0, "percent_covered_display": "100", "missing_lines": 0, "excluded_lines": 0, "percent_statements_covered": 100.0, "percent_statements_covered_display": "100"}, "missing_lines": [], "excluded_lines": [], "start_line": 22}, "Post": {"executed_lines": [], "summary": {"covered_lines": 0, "num_statements": 0, "percent_covered": 100.0, "percent_covered_display": "100", "missing_lines": 0, "excluded_lines": 0, "percent_statements_covered": 100.0, "percent_statements_covered_display": "100"}, "missing_lines": [], "excluded_lines": [], "start_line": 35}, "PostCreate": {"executed_lines": [], "summary": {"covered_lines": 0, "num_statements": 0, "percent_covered": 100.0, "percent_covered_display": "100", "missing_lines": 0, "excluded_lines": 0, "percent_statements_covered": 100.0, "percent_statements_covered_display": "100"}, "missing_lines": [], "excluded_lines": [], "start_line": 53}, "PostUpdate": {"executed_lines": [], "summary": {"covered_lines": 0, "num_statements": 0, "percent_covered": 100.0, "percent_covered_display": "100", "missing_lines": 0, "excluded_lines": 0, "percent_statements_covered": 100.0, "percent_statements_covered_display": "100"}, "missing_lines": [], "excluded_lines": [], "start_line": 61}, "CommentCreate": {"executed_lines": [], "summary": {"covered_lines": 0, "num_statements": 0, "percent_covered": 100.0, "percent_covered_display": "100", "missing_lines": 0, "excluded_lines": 0, "percent_statements_covered": 100.0, "percent_statements_covered_display": "100"}, "missing_lines": [], "excluded_lines": [], "start_line": 68}, "CommentUpdate": {"executed_lines": [], "summary": {"covered_lines": 0, "num_statements": 0, "percent_covered": 100.0, "percent_covered_display": "100", "missing_lines": 0, "excluded_lines": 0, "percent_statements_covered": 100.0, "percent_statements_covered_display": "100"}, "missing_lines": [], "excluded_lines": [], "start_line": 73}, "": {"executed_lines": [6, 7, 8, 9, 10, 12, 13, 14, 15, 16, 18, 22, 24, 25, 26, 27, 28, 29, 30, 31, 32, 35, 37, 38, 39, 40, 41, 42, 43, 44, 45, 46, 47, 48, 49, 50, 53, 55, 56, 57, 58, 61, 63, 64, 65, 68, 70, 73, 75, 79, 80, 83, 84, 119, 120, 132, 133, 134, 136, 153, 155, 158, 159, 180, 181, 217, 218, 227, 229, 230, 246, 247, 289, 290], "summary": {"covered_lines": 74, "num_statements": 124, "percent_covered": 59.67741935483871, "percent_covered_display": "60", "missing_lines": 50, "excluded_lines": 0, "percent_statements_covered": 59.67741935483871, "percent_statements_covered_display": "60"}, "missing_lines": [99, 101, 102, 104, 105, 107, 108, 111, 114, 116, 169, 171, 172, 175, 177, 192, 194, 195, 198, 199, 205, 206, 207, 208, 209, 210, 212, 214, 233, 234, 240, 241, 243, 258, 260, 261, 263, 264, 267, 269, 281, 284, 286, 302, 304, 305, 307, 310, 313, 315], "excluded_lines": [], "start_line": 1}}}, "app\\api\\v1\\health.py": {"executed_lines": [5, 6, 7, 8, 10, 11, 13, 14, 17, 18, 20, 28, 29, 34, 37, 38, 44, 52, 53, 60, 61, 67, 76, 77, 119, 121, 122, 124, 125, 143, 145, 147, 148, 151, 152, 154, 171, 173, 174, 175, 177, 178, 180, 181, 198, 200, 201, 208, 209, 211, 219, 233, 250, 251, 253], "summary": {"covered_lines": 55, "num_statements": 82, "percent_covered": 67.07317073170732, "percent_covered_display": "67", "missing_lines": 27, "excluded_lines": 0, "percent_statements_covered": 67.07317073170732, "percent_statements_covered_display": "67"}, "missing_lines": [82, 104, 110, 131, 135, 136, 137, 158, 159, 163, 164, 165, 186, 190, 191, 192, 202, 212, 224, 225, 226, 235, 236, 237, 239, 243, 244], "excluded_lines": [], "functions": {"health_check": {"executed_lines": [20], "summary": {"covered_lines": 1, "num_statements": 1, "percent_covered": 100.0, "percent_covered_display": "100", "missing_lines": 0, "excluded_lines": 0, "percent_statements_covered": 100.0, "percent_statements_covered_display": "100"}, "missing_lines": [], "excluded_lines": [], "start_line": 18}, "liveness_probe": {"executed_lines": [34], "summary": {"covered_lines": 1, "num_statements": 1, "percent_covered": 100.0, "percent_covered_display": "100", "missing_lines": 0, "excluded_lines": 0, "percent_statements_covered": 100.0, "percent_statements_covered_display": "100"}, "missing_lines": [], "excluded_lines": [], "start_line": 29}, "readiness_probe": {"executed_lines": [44, 52, 53, 60, 61, 67], "summary": {"covered_lines": 6, "num_statements": 6, "percent_covered": 100.0, "percent_covered_display": "100", "missing_lines": 0, "excluded_lines": 0, "percent_statements_covered": 100.0, "percent_statements_covered_display": "100"}, "missing_lines": [], "excluded_lines": [], "start_line": 38}, "detailed_health_check": {"executed_lines": [], "summary": {"covered_lines": 0, "num_statements": 3, "percent_covered": 0.0, "percent_covered_display": "0", "missing_lines": 3, "excluded_lines": 0, "percent_statements_covered": 0.0, "percent_statements_covered_display": "0"}, "missing_lines": [82, 104, 110], "excluded_lines": [], "start_line": 77}, "check_database": {"executed_lines": [121, 122, 124, 125], "summary": {"covered_lines": 4, "num_statements": 8, "percent_covered": 50.0, "percent_covered_display": "50", "missing_lines": 4, "excluded_lines": 0, "percent_statements_covered": 50.0, "percent_statements_covered_display": "50"}, "missing_lines": [131, 135, 136, 137], "excluded_lines": [], "start_line": 119}, "check_redis": {"executed_lines": [145, 147, 148, 151, 152, 154], "summary": {"covered_lines": 6, "num_statements": 11, "percent_covered": 54.54545454545455, "percent_covered_display": "55", "missing_lines": 5, "excluded_lines": 0, "percent_statements_covered": 54.54545454545455, "percent_statements_covered_display": "55"}, "missing_lines": [158, 159, 163, 164, 165], "excluded_lines": [], "start_line": 143}, "check_rasa": {"executed_lines": [173, 174, 175, 177, 178, 180, 181], "summary": {"covered_lines": 7, "num_statements": 11, "percent_covered": 63.63636363636363, "percent_covered_display": "64", "missing_lines": 4, "excluded_lines": 0, "percent_statements_covered": 63.63636363636363, "percent_statements_covered_display": "64"}, "missing_lines": [186, 190, 191, 192], "excluded_lines": [], "start_line": 171}, "check_llm_service": {"executed_lines": [200, 201, 208, 209, 211, 219], "summary": {"covered_lines": 6, "num_statements": 11, "percent_covered": 54.54545454545455, "percent_covered_display": "55", "missing_lines": 5, "excluded_lines": 0, "percent_statements_covered": 54.54545454545455, "percent_statements_covered_display": "55"}, "missing_lines": [202, 212, 224, 225, 226], "excluded_lines": [], "start_line": 198}, "check_api_configured": {"executed_lines": [], "summary": {"covered_lines": 0, "num_statements": 6, "percent_covered": 0.0, "percent_covered_display": "0", "missing_lines": 6, "excluded_lines": 0, "percent_statements_covered": 0.0, "percent_statements_covered_display": "0"}, "missing_lines": [235, 236, 237, 239, 243, 244], "excluded_lines": [], "start_line": 233}, "metrics": {"executed_lines": [253], "summary": {"covered_lines": 1, "num_statements": 1, "percent_covered": 100.0, "percent_covered_display": "100", "missing_lines": 0, "excluded_lines": 0, "percent_statements_covered": 100.0, "percent_statements_covered_display": "100"}, "missing_lines": [], "excluded_lines": [], "start_line": 251}, "": {"executed_lines": [5, 6, 7, 8, 10, 11, 13, 14, 17, 18, 28, 29, 37, 38, 76, 77, 119, 143, 171, 198, 233, 250, 251], "summary": {"covered_lines": 23, "num_statements": 23, "percent_covered": 100.0, "percent_covered_display": "100", "missing_lines": 
[...]
, 48, 49, 51, 52, 53, 55, 56, 57, 61, 62, 63, 65, 66, 67, 68, 77, 78, 81, 82, 84, 85, 87, 88, 89, 90, 94, 95, 98, 99, 100, 101, 103, 120, 121, 124, 125, 126, 127, 129], "summary": {"covered_lines": 47, "num_statements": 68, "percent_covered": 69.11764705882354, "percent_covered_display": "69", "missing_lines": 21, "excluded_lines": 0, "percent_statements_covered": 69.11764705882354, "percent_statements_covered_display": "69"}, "missing_lines": [34, 35, 72, 79, 96, 107, 108, 109, 111, 112, 113, 114, 116, 122, 133, 134, 135, 137, 138, 139, 140], "excluded_lines": [], "start_line": 11}, "": {"executed_lines": [5, 6, 8, 11, 14, 30, 37, 41, 45, 59, 70, 74, 92, 105, 118, 131], "summary": {"covered_lines": 16, "num_statements": 16, "percent_covered": 100.0, "percent_covered_display": "100", "missing_lines": 0, "excluded_lines": 0, "percent_statements_covered": 100.0, "percent_statements_covered_display": "100"}, "missing_lines": [], "excluded_lines": [], "start_line": 1}}}, "app\\services\\weather_service.py": {"executed_lines": [6, 7, 8, 9, 11, 12, 13, 15, 18, 21, 23, 25, 26, 28, 29, 31, 33, 34, 53, 54, 56, 58, 71, 72, 94, 95, 97, 98, 99, 101, 102, 165, 211, 255, 257, 274], "summary": {"covered_lines": 36, "num_statements": 87, "percent_covered": 41.37931034482759, "percent_covered_display": "41", "missing_lines": 51, "excluded_lines": 0, "percent_statements_covered": 41.37931034482759, "percent_statements_covered_display": "41"}, "missing_lines": [121, 122, 124, 125, 126, 137, 138, 139, 141, 142, 157, 159, 160, 161, 162, 163, 182, 183, 185, 186, 187, 197, 198, 199, 206, 207, 208, 209, 221, 222, 224, 231, 232, 233, 234, 235, 236, 237, 238, 239, 242, 243, 244, 245, 246, 247, 248, 249, 250, 251, 253], "excluded_lines": [], "functions": {"WeatherService.__init__": {"executed_lines": [25, 26, 28, 29, 31], "summary": {"covered_lines": 5, "num_statements": 5, "percent_covered": 100.0, "percent_covered_display": "100", "missing_lines": 0, "excluded_lines": 0, "percent_statements_covered": 100.0, "percent_statements_covered_display": "100"}, "missing_lines": [], "excluded_lines": [], "start_line": 23}, "WeatherService.get_current_weather": {"executed_lines": [53, 54, 56, 58, 71, 72, 94, 95, 97, 98, 99], "summary": {"covered_lines": 11, "num_statements": 11, "percent_covered": 100.0, "percent_covered_display": "100", "missing_lines": 0, "excluded_lines": 0, "percent_statements_covered": 100.0, "percent_statements_covered_display": "100"}, "missing_lines": [], "excluded_lines": [], "start_line": 34}, "WeatherService.get_forecast": {"executed_lines": [], "summary": {"covered_lines": 0, "num_statements": 16, "percent_covered": 0.0, "percent_covered_display": "0", "missing_lines": 16, "excluded_lines": 0, "percent_statements_covered": 0.0, "percent_statements_covered_display": "0"}, "missing_lines": [121, 122, 124, 125, 126, 137, 138, 139, 141, 142, 157, 159, 160, 161, 162, 163], "excluded_lines": [], "start_line": 102}, "WeatherService.get_weather_by_coordinates": {"executed_lines": [], "summary": {"covered_lines": 0, "num_statements": 12, "percent_covered": 0.0, "percent_covered_display": "0", "missing_lines": 12, "excluded_lines": 0, "percent_statements_covered": 0.0, "percent_statements_covered_display": "0"}, "missing_lines": [182, 183, 185, 186, 187, 197, 198, 199, 206, 207, 208, 209], "excluded_lines": [], "start_line": 165}, "WeatherService.get_weather_recommendation": {"executed_lines": [], "summary": {"covered_lines": 0, "num_statements": 23, "percent_covered": 0.0, "percent_covered_display": "0", "missing_lines": 23, "excluded_lines": 0, "percent_statements_covered": 0.0, "percent_statements_covered_display": "0"}, "missing_lines": [221, 222, 224, 231, 232, 233, 234, 235, 236, 237, 238, 239, 242, 243, 244, 245, 246, 247, 248, 249, 250, 251, 253], "excluded_lines": [], "start_line": 211}, "WeatherService._get_mock_weather": {"executed_lines": [257], "summary": {"covered_lines": 1, "num_statements": 1, "percent_covered": 100.0, "percent_covered_display": "100", "missing_lines": 0, "excluded_lines": 0, "percent_statements_covered": 100.0, "percent_statements_covered_display": "100"}, "missing_lines": [], "excluded_lines": [], "start_line": 255}, "": {"executed_lines": [6, 7, 8, 9, 11, 12, 13, 15, 18, 21, 23, 33, 34, 101, 102, 165, 211, 255, 274], "summary": {"covered_lines": 19, "num_statements": 19, "percent_covered": 100.0, "percent_covered_display": "100", "missing_lines": 0, "excluded_lines": 0, "percent_statements_covered": 100.0, "percent_statements_covered_display": "100"}, "missing_lines": [], "excluded_lines": [], "start_line": 1}}, "classes": {"WeatherService": {"executed_lines": [25, 26, 28, 29, 31, 53, 54, 56, 58, 71, 72, 94, 95, 97, 98, 99, 257], "summary": {"covered_lines": 17, "num_statements": 68, "percent_covered": 25.0, "percent_covered_display": "25", "missing_lines": 51, "excluded_lines": 0, "percent_statements_covered": 25.0, "percent_statements_covered_display": "25"}, "missing_lines": [121, 122, 124, 125, 126, 137, 138, 139, 141, 142, 157, 159, 160, 161, 162, 163, 182, 183, 185, 186, 187, 197, 198, 199, 206, 207, 208, 209, 221, 222, 224, 231, 232, 233, 234, 235, 236, 237, 238, 239, 242, 243, 244, 245, 246, 247, 248, 249, 250, 251, 253], "excluded_lines": [], "start_line": 18}, "": {"executed_lines": [6, 7, 8, 9, 11, 12, 13, 15, 18, 21, 23, 33, 34, 101, 102, 165, 211, 255, 274], "summary": {"covered_lines": 19, "num_statements": 19, "percent_covered": 100.0, "percent_covered_display": "100", "missing_lines": 0, "excluded_lines": 0, "percent_statements_covered": 100.0, "percent_statements_covered_display": "100"}, "missing_lines": [], "excluded_lines": [], "start_line": 1}}}, "app\\tasks\\__init__.py": {"executed_lines": [5, 6, 7], "summary": {"covered_lines": 3, "num_statements": 3, "percent_covered": 100.0, "percent_covered_display": "100", "missing_lines": 0, "excluded_lines": 0, "percent_statements_covered": 100.0, "percent_statements_covered_display": "100"}, "missing_lines": [], "excluded_lines": [], "functions": {"": {"executed_lines": [5, 6, 7], "summary": {"covered_lines": 3, "num_statements": 3, "percent_covered": 100.0, "percent_covered_display": "100", "missing_lines": 0, "excluded_lines": 0, "percent_statements_covered": 100.0, "percent_statements_covered_display": "100"}, "missing_lines": [], "excluded_lines": [], "start_line": 1}}, "classes": {"": {"executed_lines": [5, 6, 7], "summary": {"covered_lines": 3, "num_statements": 3, "percent_covered": 100.0, "percent_covered_display": "100", "missing_lines": 0, "excluded_lines": 0, "percent_statements_covered": 100.0, "percent_statements_covered_display": "100"}, "missing_lines": [], "excluded_lines": [], "start_line": 1}}}, "app\\tasks\\data_tasks.py": {"executed_lines": [5, 6, 7, 9, 12, 13, 61, 62, 131, 132, 209, 210, 263, 264, 344], "summary": {"covered_lines": 15, "num_statements": 150, "percent_covered": 10.0, "percent_covered_display": "10", "missing_lines": 135, "excluded_lines": 0, "percent_statements_covered": 10.0, "percent_statements_covered_display": "10"}, "missing_lines": [18, 19, 21, 22, 25, 28, 34, 39, 40, 44, 48, 56, 57, 58, 67, 68, 70, 71, 72, 75, 76, 77, 80, 86, 92, 93, 98, 99, 102, 112, 114, 117, 126, 127, 128, 137, 138, 140, 141, 143, 146, 149, 156, 157, 158, 160, 161, 162, 165, 172, 178, 179, 180, 181, 182, 183, 185, 192, 193, 195, 197, 204, 205, 206, 218, 219, 221, 222, 223, 226, 227, 230, 232, 233, 236, 237, 238, 239, 242, 243, 244, 246, 248, 250, 258, 259, 260, 269, 270, 272, 273, 274, 275, 276, 278, 279, 280, 282, 283, 284, 288, 289, 291, 293, 300, 302, 303, 304, 307, 310, 313, 314, 317, 319, 321, 328, 329, 330, 331, 332, 333, 339, 340, 341, 346, 347, 349, 350, 351, 352, 354, 355, 356, 357, 358], "excluded_lines": [], "functions": {"cleanup_old_sessions": {"executed_lines": [], "summary": {"covered_lines": 0, "num_statements": 14, "percent_covered": 0.0, "percent_covered_display": "0", "missing_lines": 14, "excluded_lines": 0, "percent_statements_covered": 0.0, "percent_statements_covered_display": "0"}, "missing_lines": [18, 19, 21, 22, 25, 28, 34, 39, 40, 44, 48, 56, 57, 58], "excluded_lines": [], "start_line": 13}, "generate_daily_analytics": {"executed_lines": [], "summary": {"covered_lines": 0, "num_statements": 21, "percent_covered": 0.0, "percent_covered_display": "0", "missing_lines": 21, "excluded_lines": 0, "percent_statements_covered": 0.0, "percent_statements_covered_display": "0"}, "missing_lines": [67, 68, 70, 71, 72, 75, 76, 77, 80, 86, 92, 93, 98, 99, 102, 112, 114, 117, 126, 127, 128], "excluded_lines": [], "start_line": 62}, "update_trending_items": {"executed_lines": [], "summary": {"covered_lines": 0, "num_statements": 29, "percent_covered": 0.0, "percent_covered_display": "0", "missing_lines": 29, "excluded_lines": 0, "percent_statements_covered": 0.0, "percent_statements_covered_display": "0"}, "missing_lines": [137, 138, 140, 141, 143, 146, 149, 156, 157, 158, 160, 161, 162, 165, 172, 178, 179, 180, 181, 182, 183, 185, 192, 193, 195, 197, 204, 205, 206], "excluded_lines": [], "start_line": 132}, "process_image_upload": {"executed_lines": [], "summary": {"covered_lines": 0, "num_statements": 23, "percent_covered": 0.0, "percent_covered_display": "0", "missing_lines": 23, "excluded_lines": 0, "percent_statements_covered": 0.0, "percent_statements_covered_display": "0"}, "missing_lines": [218, 219, 221, 222, 223, 226, 227, 230, 232, 233, 236, 237, 238, 239, 242, 243, 244, 246, 248, 250, 258, 259, 260], "excluded_lines": [], "start_line": 210}, "backup_database": {"executed_lines": [], "summary": {"covered_lines": 0, "num_statements": 37, "percent_covered": 0.0, "percent_covered_display": "0", "missing_lines": 37, "excluded_lines": 0, "percent_statements_covered": 0.0, "percent_statements_covered_display": "0"}, "missing_lines": [269, 270, 272, 273, 274, 275, 276, 278, 279, 280, 282, 283, 284, 288, 289, 291, 293, 300, 302, 303, 304, 307, 310, 313, 314, 317, 319, 321, 328, 329, 330, 331, 332, 333, 339, 340, 341], "excluded_lines": [], "start_line": 264}, "cleanup_old_backups": {"executed_lines": [], "summary": {"covered_lines": 0, "num_statements": 11, "percent_covered": 0.0, "percent_covered_display": "0", "missing_lines": 11, "excluded_lines": 0, "percent_statements_covered": 0.0, "percent_statements_covered_display": "0"}, "missing_lines": [346, 347, 349, 350, 351, 352, 354, 355, 356, 357, 358], "excluded_lines": [], "start_line": 344}, "": {"executed_lines": [5, 6, 7, 9, 12, 13, 61, 62, 131, 132, 209, 210, 263, 264, 344], "summary": {"covered_lines": 15, "num_statements": 15, "percent_covered": 100.0, "percent_covered_display": "100", "missing_lines": 0, "excluded_lines": 0, "percent_statements_covered": 100.0, "percent_statements_covered_display": "100"}, "missing_lines": [], "excluded_lines": [], "start_line": 1}}, "classes": {"": {"executed_lines": [5, 6, 7, 9, 12, 13, 61, 62, 131, 132, 209, 210, 263, 264, 344], "summary": {"covered_lines": 15, "num_statements": 150, "percent_covered": 10.0, "percent_covered_display": "10", "missing_lines": 135, "excluded_lines": 0, "percent_statements_covered": 10.0, "percent_statements_covered_display": "10"}, "missing_lines": [18, 19, 21, 22, 25, 28, 34, 39, 40, 44, 48, 56, 57, 58, 67, 68, 70, 71, 72, 75, 76, 77, 80, 86, 92, 93, 98, 99, 102, 112, 114, 117, 126, 127, 128, 137, 138, 140, 141, 143, 146, 149, 156, 157, 158, 160, 161, 162, 165, 172, 178, 179, 180, 181, 182, 183, 185, 192, 193, 195, 197, 204, 205, 206, 218, 219, 221, 222, 223, 226, 227, 230, 232, 233, 236, 237, 238, 239, 242, 243, 244, 246, 248, 250, 258, 259, 260, 269, 270, 272, 273, 274, 275, 276, 278, 279, 280, 282, 283, 284, 288, 289, 291, 293, 300, 302, 303, 304, 307, 310, 313, 314, 317, 319, 321, 328, 329, 330, 331, 332, 333, 339, 340, 341, 346, 347, 349, 350, 351, 352, 354, 355, 356, 357, 358], "excluded_lines": [], "start_line": 1}}}, "app\\tasks\\email_tasks.py": {"executed_lines": [5, 6, 7, 8, 9, 11, 12, 14, 17, 71, 72, 157, 158, 248, 249], "summary": {"covered_lines": 15, "num_statements": 68, "percent_covered": 22.058823529411764, "percent_covered_display": "22", "missing_lines": 53, "excluded_lines": 0, "percent_statements_covered": 22.058823529411764, "percent_statements_covered_display": "22"}, "missing_lines": [36, 37, 38, 39, 41, 43, 44, 45, 46, 49, 50, 51, 54, 55, 58, 59, 60, 61, 63, 64, 66, 67, 68, 80, 81, 83, 85, 129, 145, 147, 152, 153, 154, 166, 167, 170, 172, 174, 220, 236, 238, 243, 244, 245, 258, 259, 261, 289, 291, 293, 299, 300, 301], "excluded_lines": [], "functions": {"send_email_smtp": {"executed_lines": [], "summary": {"covered_lines": 0, "num_statements": 23, "percent_covered": 0.0, "percent_covered_display": "0", "missing_lines": 23, "excluded_lines": 0, "percent_statements_covered": 0.0, "percent_statements_covered_display": "0"}, "missing_lines": [36, 37, 38, 39, 41, 43, 44, 45, 46, 49, 50, 51, 54, 55, 58, 59, 60, 61, 63, 64, 66, 67, 68], "excluded_lines": [], "start_line": 17}, "send_welcome_email": {"executed_lines": [], "summary": {"covered_lines": 0, "num_statements": 10, "percent_covered": 0.0, "percent_covered_display": "0", "missing_lines": 10, "excluded_lines": 0, "percent_statements_covered": 0.0, "percent_statements_covered_display": "0"}, "missing_lines": [80, 81, 83, 85, 129, 145, 147, 152, 153, 154], "excluded_lines": [], "start_line": 72}, "send_password_reset_email": {"executed_lines": [], "summary": {"covered_lines": 0, "num_statements": 11, "percent_covered": 0.0, "percent_covered_display": "0", "missing_lines": 11, "excluded_lines": 0, "percent_statements_covered": 0.0, "percent_statements_covered_display": "0"}, "missing_lines": [166, 167, 170, 172, 174, 220, 236, 238, 243, 244, 245], "excluded_lines": [], "start_line": 158}, "send_notification_email": {"executed_lines": [], "summary": {"covered_lines": 0, "num_statements": 9, "percent_covered": 0.0, "percent_covered_display": "0", "missing_lines": 9, "excluded_lines": 0, "percent_statements_covered": 0.0, "percent_statements_covered_display": "0"}, "missing_lines": [258, 259, 261, 289, 291, 293, 299, 300, 301], "excluded_lines": [], "start_line": 249}, "": {"executed_lines": [5, 6, 7, 8, 9, 11, 12, 14, 17, 71, 72, 157, 158, 248, 249], "summary": {"covered_lines": 15, "num_statements": 15, "percent_covered": 100.0, "percent_covered_display": "100", "missing_lines": 0, "excluded_lines": 0, "percent_statements_covered": 100.0, "percent_statements_covered_display": "100"}, "missing_lines": [], "excluded_lines": [], "start_line": 1}}, "classes": {"": {"executed_lines": [5, 6, 7, 8, 9, 11, 12, 14, 17, 71, 72, 157, 158, 248, 249], "summary": {"covered_lines": 15, "num_statements": 68, "percent_covered": 22.058823529411764, "percent_covered_display": "22", "missing_lines": 53, "excluded_lines": 0, "percent_statements_covered": 22.058823529411764, "percent_statements_covered_display": "22"}, "missing_lines": [36, 37, 38, 39, 41, 43, 44, 45, 46, 49, 50, 51, 54, 55, 58, 59, 60, 61, 63, 64, 66, 67, 68, 80, 81, 83, 85, 129, 145, 147, 152, 153, 154, 166, 167, 170, 172, 174, 220, 236, 238, 243, 244, 245, 258, 259, 261, 289, 291, 293, 299, 300, 301], "excluded_lines": [], "start_line": 1}}}, "app\\tasks\\notification_tasks.py": {"executed_lines": [5, 6, 7, 8, 10, 14, 15, 17, 18, 28, 35, 54, 55, 126, 127, 163, 164, 300, 301], "summary": {"covered_lines": 19, "num_statements": 128, "percent_covered": 14.84375, "percent_covered_display": "15", "missing_lines": 109, "excluded_lines": 0, "percent_statements_covered": 14.84375, "percent_statements_covered_display": "15"}, "missing_lines": [19, 20, 23, 24, 25, 26, 29, 30, 31, 32, 45, 46, 47, 48, 49, 50, 51, 66, 67, 69, 70, 71, 74, 77, 78, 80, 83, 108, 110, 111, 117, 118, 119, 136, 137, 139, 140, 142, 143, 144, 145, 146, 147, 148, 150, 151, 158, 159, 160, 178, 179, 182, 183, 184, 185, 188, 189, 191, 193, 194, 195, 196, 198, 199, 200, 201, 208, 209, 210, 211, 219, 227, 228, 230, 231, 232, 240, 241, 242, 244, 251, 252, 254, 255, 256, 258, 259, 261, 268, 269, 270, 271, 273, 274, 276, 278, 289, 291, 292, 293, 316, 317, 319, 320, 322, 330, 332, 333, 334], "excluded_lines": [], "functions": {"get_user_fcm_token": {"executed_lines": [], "summary": {"covered_lines": 0, "num_statements": 7, "percent_covered": 0.0, "percent_covered_display": "0", "missing_lines": 7, "excluded_lines": 0, "percent_statements_covered": 0.0, "percent_statements_covered_display": "0"}, "missing_lines": [45, 46, 47, 48, 49, 50, 51], "excluded_lines": [], "start_line": 35}, "send_push_notification": {"executed_lines": [], "summary": {"covered_lines": 0, "num_statements": 16, "percent_covered": 0.0, "percent_covered_display": "0", "missing_lines": 16, "excluded_lines": 0, "percent_statements_covered": 0.0, "percent_statements_covered_display": "0"}, "missing_lines": [66, 67, 69, 70, 71, 74, 77, 78, 80, 83, 108, 110, 111, 117, 118, 119], "excluded_lines": [], "start_line": 55}, "send_bulk_notifications": {"executed_lines": [], "summary": {"covered_lines": 0, "num_statements": 16, "percent_covered": 0.0, "percent_covered_display": "0", "missing_lines": 16, "excluded_lines": 0, "percent_statements_covered": 0.0, "percent_statements_covered_display": "0"}, "missing_lines": [136, 137, 139, 140, 142, 143, 144, 145, 146, 147, 148, 150, 151, 158, 159, 160], "excluded_lines": [], "start_line": 127}, "send_event_reminder": {"executed_lines": [], "summary": {"covered_lines": 0, "num_statements": 51, "percent_covered": 0.0, "percent_covered_display": "0", "missing_lines": 51, "excluded_lines": 0, "percent_statements_covered": 0.0, "percent_statements_covered_display": "0"}, "missing_lines": [178, 179, 182, 183, 184, 185, 188, 189, 191, 193, 194, 195, 196, 198, 199, 200, 201, 208, 209, 210, 211, 219, 227, 228, 230, 231, 232, 240, 241, 242, 244, 251, 252, 254, 255, 256, 258, 259, 261, 268, 269, 270, 271, 273, 274, 276, 278, 289, 291, 292, 293], "excluded_lines": [], "start_line": 164}, "send_location_based_notification": {"executed_lines": [], "summary": {"covered_lines": 0, "num_statements": 9, "percent_covered": 0.0, "percent_covered_display": "0", "missing_lines": 9, "excluded_lines": 0, "percent_statements_covered": 0.0, "percent_statements_covered_display": "0"}, "missing_lines": [316, 317, 319, 320, 322, 330, 332, 333, 334], "excluded_lines": [], "start_line": 301}, "": {"executed_lines": [5, 6, 7, 8, 10, 14, 15, 17, 18, 28, 35, 54, 55, 126, 127, 163, 164, 300, 301], "summary": {"covered_lines": 19, "num_statements": 29, "percent_covered": 65.51724137931035, "percent_covered_display": "66", "missing_lines": 10, "excluded_lines": 0, "percent_statements_covered": 65.51724137931035, "percent_statements_covered_display": "66"}, "missing_lines": [19, 20, 23, 24, 25, 26, 29, 30, 31, 32], "excluded_lines": [], "start_line": 1}}, "classes": {"": {"executed_lines": [5, 6, 7, 8, 10, 14, 15, 17, 18, 28, 35, 54, 55, 126, 127, 163, 164, 300, 301], "summary": {"covered_lines": 19, "num_statements": 128, "percent_covered": 14.84375, "percent_covered_display": "15", "missing_lines": 109, "excluded_lines": 0, "percent_statements_covered": 14.84375, "percent_statements_covered_display": "15"}, "missing_lines": [19, 20, 23, 24, 25, 26, 29, 30, 31, 32, 45, 46, 47, 48, 49, 50, 51, 66, 67, 69, 70, 71, 74, 77, 78, 80, 83, 108, 110, 111, 117, 118, 119, 136, 137, 139, 140, 142, 143, 144, 145, 146, 147, 148, 150, 151, 158, 159, 160, 178, 179, 182, 183, 184, 185, 188, 189, 191, 193, 194, 195, 196, 198, 199, 200, 201, 208, 209, 210, 211, 219, 227, 228, 230, 231, 232, 240, 241, 242, 244, 251, 252, 254, 255, 256, 258, 259, 261, 268, 269, 270, 271, 273, 274, 276, 278, 289, 291, 292, 293, 316, 317, 319, 320, 322, 330, 332, 333, 334], "excluded_lines": [], "start_line": 1}}}}, "totals": {"covered_lines": 6545, "num_statements": 11753, "percent_covered": 55.68790946992257, "percent_covered_display": "56", "missing_lines": 5208, "excluded_lines": 2, "percent_statements_covered": 55.68790946992257, "percent_statements_covered_display": "56"}}